2025-07-29 18:38:32,540 | Meas=25.02 | Ctrl=-0.04 | Model=24.95 | Anom=False
2025-07-29 18:38:33,354 | Meas=25.01 | Ctrl=-0.02 | Model=24.89 | Anom=False
2025-07-29 18:38:34,276 | Meas=25.05 | Ctrl=-0.11 | Model=24.81 | Anom=False
2025-07-29 18:38:35,301 | Meas=25.09 | Ctrl=-0.20 | Model=24.71 | Anom=False
2025-07-29 18:38:36,324 | Meas=24.97 | Ctrl=0.05 | Model=24.67 | Anom=False
2025-07-29 18:38:37,347 | Meas=24.95 | Ctrl=0.09 | Model=24.63 | Anom=False
2025-07-29 18:38:38,372 | Meas=25.10 | Ctrl=-0.23 | Model=24.54 | Anom=False
2025-07-29 18:38:39,293 | Meas=25.05 | Ctrl=-0.12 | Model=24.46 | Anom=False
2025-07-29 18:38:40,316 | Meas=24.94 | Ctrl=0.11 | Model=24.43 | Anom=True
2025-07-29 18:38:41,344 | Meas=25.10 | Ctrl=-0.24 | Model=24.34 | Anom=False
2025-07-29 18:38:42,367 | Meas=25.13 | Ctrl=-0.30 | Model=24.23 | Anom=True
2025-07-29 18:38:43,289 | Meas=25.02 | Ctrl=-0.08 | Model=24.17 | Anom=False
2025-07-29 18:38:44,312 | Meas=25.04 | Ctrl=-0.13 | Model=24.10 | Anom=False
2025-07-29 18:38:45,335 | Meas=24.99 | Ctrl=-0.02 | Model=24.05 | Anom=False
2025-07-29 18:38:46,358 | Meas=25.02 | Ctrl=-0.09 | Model=23.99 | Anom=False
2025-07-29 18:38:47,384 | Meas=25.03 | Ctrl=-0.11 | Model=23.93 | Anom=False
2025-07-29 18:38:48,408 | Meas=25.05 | Ctrl=-0.16 | Model=23.86 | Anom=False
2025-07-29 18:38:49,330 | Meas=24.95 | Ctrl=0.05 | Model=23.84 | Anom=False
2025-07-29 18:38:50,356 | Meas=25.04 | Ctrl=-0.14 | Model=23.77 | Anom=False
2025-07-29 18:38:51,376 | Meas=25.02 | Ctrl=-0.10 | Model=23.72 | Anom=False
2025-07-29 18:38:52,400 | Meas=25.01 | Ctrl=-0.08 | Model=23.67 | Anom=False
2025-07-29 18:38:53,427 | Meas=25.01 | Ctrl=-0.08 | Model=23.62 | Anom=True
2025-07-29 18:38:54,350 | Meas=24.88 | Ctrl=0.20 | Model=23.63 | Anom=True
2025-07-29 18:38:55,372 | Meas=25.01 | Ctrl=-0.07 | Model=23.58 | Anom=True
2025-07-29 18:38:56,394 | Meas=25.22 | Ctrl=-0.52 | Model=23.44 | Anom=True
2025-07-29 18:38:57,420 | Meas=25.05 | Ctrl=-0.17 | Model=23.38 | Anom=True
2025-07-29 18:38:58,442 | Meas=25.04 | Ctrl=-0.16 | Model=23.32 | Anom=True
2025-07-29 18:38:59,365 | Meas=24.95 | Ctrl=0.03 | Model=23.30 | Anom=True
2025-07-29 18:39:00,389 | Meas=24.99 | Ctrl=-0.05 | Model=23.26 | Anom=True
2025-07-29 18:39:01,413 | Meas=25.03 | Ctrl=-0.14 | Model=23.21 | Anom=True
2025-07-29 18:39:02,436 | Meas=24.90 | Ctrl=0.14 | Model=23.21 | Anom=True
2025-07-29 18:39:03,461 | Meas=31.50 | Ctrl=-14.05 | Model=20.38 | Anom=False
2025-07-29 18:39:04,484 | Meas=31.55 | Ctrl=-14.47 | Model=17.52 | Anom=False
2025-07-29 18:39:05,407 | Meas=31.60 | Ctrl=-15.23 | Model=14.56 | Anom=False
2025-07-29 18:39:06,431 | Meas=24.97 | Ctrl=-1.64 | Model=14.38 | Anom=False
2025-07-29 18:39:07,455 | Meas=25.00 | Ctrl=-2.03 | Model=14.13 | Anom=False
2025-07-29 18:39:08,389 | Meas=25.21 | Ctrl=-2.48 | Model=13.79 | Anom=True
2025-07-29 18:39:09,391 | Meas=25.10 | Ctrl=-2.25 | Model=13.50 | Anom=True
2025-07-29 18:39:10,394 | Meas=25.12 | Ctrl=-2.31 | Model=13.21 | Anom=True
2025-07-29 18:39:11,397 | Meas=24.93 | Ctrl=-1.91 | Model=13.00 | Anom=True
2025-07-29 18:39:12,416 | Meas=25.01 | Ctrl=-2.09 | Model=12.77 | Anom=False
2025-07-29 18:39:13,497 | Meas=25.14 | Ctrl=-2.37 | Model=12.48 | Anom=True
2025-07-29 18:39:14,417 | Meas=25.08 | Ctrl=-2.24 | Model=12.22 | Anom=True
2025-07-29 18:39:15,441 | Meas=24.88 | Ctrl=-1.82 | Model=12.05 | Anom=True
2025-07-29 18:39:16,467 | Meas=24.86 | Ctrl=-1.78 | Model=11.89 | Anom=True
2025-07-29 18:39:17,490 | Meas=25.03 | Ctrl=-2.13 | Model=11.67 | Anom=False
2025-07-29 18:39:18,513 | Meas=24.99 | Ctrl=-2.04 | Model=11.47 | Anom=True
2025-07-29 18:39:19,539 | Meas=25.22 | Ctrl=-2.54 | Model=11.17 | Anom=True
2025-07-29 18:39:20,458 | Meas=25.01 | Ctrl=-2.10 | Model=10.97 | Anom=True
2025-07-29 18:39:21,483 | Meas=25.10 | Ctrl=-2.30 | Model=10.73 | Anom=True
2025-07-29 18:39:22,508 | Meas=25.09 | Ctrl=-2.28 | Model=10.50 | Anom=True
2025-07-29 18:39:23,431 | Meas=25.04 | Ctrl=-2.19 | Model=10.29 | Anom=True
2025-07-29 18:39:24,555 | Meas=25.11 | Ctrl=-2.34 | Model=10.06 | Anom=True
2025-07-29 18:39:25,475 | Meas=25.00 | Ctrl=-2.11 | Model=9.87 | Anom=False
2025-07-29 18:39:26,501 | Meas=25.07 | Ctrl=-2.27 | Model=9.66 | Anom=True
2025-07-29 18:39:27,446 | Meas=25.07 | Ctrl=-2.27 | Model=9.45 | Anom=False
2025-07-29 18:39:28,550 | Meas=25.01 | Ctrl=-2.15 | Model=9.27 | Anom=True
2025-07-29 18:39:29,472 | Meas=24.99 | Ctrl=-2.11 | Model=9.10 | Anom=False
2025-07-29 18:39:30,495 | Meas=25.02 | Ctrl=-2.18 | Model=8.93 | Anom=True
2025-07-29 18:39:31,517 | Meas=25.11 | Ctrl=-2.37 | Model=8.71 | Anom=False
2025-07-29 18:39:32,541 | Meas=25.00 | Ctrl=-2.14 | Model=8.55 | Anom=False
2025-07-29 18:39:33,464 | Meas=25.02 | Ctrl=-2.19 | Model=8.38 | Anom=True
2025-07-29 18:39:34,488 | Meas=25.03 | Ctrl=-2.21 | Model=8.21 | Anom=False
2025-07-29 18:39:35,510 | Meas=24.83 | Ctrl=-1.78 | Model=8.13 | Anom=True
2025-07-29 18:39:36,536 | Meas=25.02 | Ctrl=-2.19 | Model=7.97 | Anom=False
2025-07-29 18:39:37,559 | Meas=25.12 | Ctrl=-2.39 | Model=7.77 | Anom=True
2025-07-29 18:39:38,480 | Meas=25.28 | Ctrl=-2.75 | Model=7.51 | Anom=True
2025-07-29 18:39:39,454 | Meas=24.99 | Ctrl=-2.14 | Model=7.37 | Anom=False
2025-07-29 18:39:40,451 | Meas=25.00 | Ctrl=-2.18 | Model=7.23 | Anom=False
2025-07-29 18:39:41,552 | Meas=25.02 | Ctrl=-2.22 | Model=7.08 | Anom=False
2025-07-29 18:39:42,474 | Meas=24.97 | Ctrl=-2.11 | Model=6.96 | Anom=False
2025-07-29 18:39:43,498 | Meas=25.02 | Ctrl=-2.22 | Model=6.81 | Anom=True
2025-07-29 18:39:44,522 | Meas=24.93 | Ctrl=-2.03 | Model=6.71 | Anom=True
2025-07-29 18:39:45,546 | Meas=24.87 | Ctrl=-1.89 | Model=6.64 | Anom=True
2025-07-29 18:39:46,572 | Meas=25.11 | Ctrl=-2.40 | Model=6.46 | Anom=True
2025-07-29 18:39:47,493 | Meas=25.05 | Ctrl=-2.27 | Model=6.32 | Anom=True
2025-07-29 18:39:48,500 | Meas=25.03 | Ctrl=-2.24 | Model=6.19 | Anom=False
2025-07-29 18:39:49,469 | Meas=25.10 | Ctrl=-2.39 | Model=6.03 | Anom=True
2025-07-29 18:39:50,466 | Meas=25.02 | Ctrl=-2.22 | Model=5.90 | Anom=False
2025-07-29 18:39:51,492 | Meas=24.98 | Ctrl=-2.14 | Model=5.79 | Anom=True
2025-07-29 18:39:52,578 | Meas=25.13 | Ctrl=-2.47 | Model=5.63 | Anom=True
2025-07-29 18:39:53,533 | Meas=25.01 | Ctrl=-2.21 | Model=5.51 | Anom=False
2025-07-29 18:39:54,558 | Meas=25.04 | Ctrl=-2.29 | Model=5.38 | Anom=False
2025-07-29 18:39:55,582 | Meas=25.04 | Ctrl=-2.29 | Model=5.26 | Anom=False
2025-07-29 18:39:56,479 | Meas=24.79 | Ctrl=-1.75 | Model=5.24 | Anom=True
2025-07-29 18:39:57,527 | Meas=24.85 | Ctrl=-1.88 | Model=5.20 | Anom=True
2025-07-29 18:39:58,479 | Meas=25.03 | Ctrl=-2.24 | Model=5.09 | Anom=False
2025-07-29 18:39:59,522 | Meas=25.01 | Ctrl=-2.20 | Model=4.99 | Anom=False
2025-07-29 18:40:00,497 | Meas=24.88 | Ctrl=-1.92 | Model=4.94 | Anom=True
2025-07-29 18:40:01,520 | Meas=24.97 | Ctrl=-2.11 | Model=4.86 | Anom=False
2025-07-29 18:40:02,544 | Meas=24.88 | Ctrl=-1.90 | Model=4.83 | Anom=True
2025-07-29 18:40:03,568 | Meas=24.98 | Ctrl=-2.11 | Model=4.75 | Anom=True
2025-07-29 18:40:04,592 | Meas=25.02 | Ctrl=-2.19 | Model=4.65 | Anom=False
2025-07-29 18:40:05,514 | Meas=25.09 | Ctrl=-2.34 | Model=4.53 | Anom=False
2025-07-29 18:40:06,536 | Meas=25.01 | Ctrl=-2.18 | Model=4.45 | Anom=False
2025-07-29 18:40:07,504 | Meas=25.07 | Ctrl=-2.31 | Model=4.34 | Anom=False
2025-07-29 18:40:08,586 | Meas=25.04 | Ctrl=-2.25 | Model=4.24 | Anom=False
2025-07-29 18:40:09,609 | Meas=24.96 | Ctrl=-2.08 | Model=4.18 | Anom=True
2025-07-29 18:40:10,537 | Meas=24.81 | Ctrl=-1.76 | Model=4.18 | Anom=True
2025-07-29 18:40:11,557 | Meas=24.93 | Ctrl=-2.01 | Model=4.14 | Anom=True
2025-07-29 18:40:12,518 | Meas=24.92 | Ctrl=-1.97 | Model=4.10 | Anom=True
2025-07-29 18:40:13,603 | Meas=25.05 | Ctrl=-2.24 | Model=4.01 | Anom=False
2025-07-29 18:40:14,526 | Meas=25.04 | Ctrl=-2.22 | Model=3.93 | Anom=True
2025-07-29 18:40:15,549 | Meas=25.04 | Ctrl=-2.22 | Model=3.84 | Anom=False
2025-07-29 18:40:16,573 | Meas=25.04 | Ctrl=-2.23 | Model=3.76 | Anom=False
2025-07-29 18:40:17,596 | Meas=25.02 | Ctrl=-2.19 | Model=3.69 | Anom=False
2025-07-29 18:40:18,621 | Meas=25.00 | Ctrl=-2.15 | Model=3.62 | Anom=False
2025-07-29 18:40:19,543 | Meas=24.99 | Ctrl=-2.13 | Model=3.56 | Anom=True
2025-07-29 18:40:20,567 | Meas=24.98 | Ctrl=-2.11 | Model=3.51 | Anom=False
2025-07-29 18:40:21,591 | Meas=25.03 | Ctrl=-2.21 | Model=3.44 | Anom=False
2025-07-29 18:40:22,615 | Meas=25.04 | Ctrl=-2.24 | Model=3.36 | Anom=False
2025-07-29 18:40:23,536 | Meas=25.14 | Ctrl=-2.45 | Model=3.25 | Anom=True
2025-07-29 18:40:24,560 | Meas=24.92 | Ctrl=-1.99 | Model=3.22 | Anom=True
2025-07-29 18:40:25,580 | Meas=24.94 | Ctrl=-2.04 | Model=3.19 | Anom=True
2025-07-29 18:40:26,661 | Meas=25.04 | Ctrl=-2.24 | Model=3.12 | Anom=False
2025-07-29 18:40:27,633 | Meas=24.98 | Ctrl=-2.11 | Model=3.07 | Anom=False
2025-07-29 18:40:28,554 | Meas=25.26 | Ctrl=-2.72 | Model=2.91 | Anom=True
2025-07-29 18:40:29,578 | Meas=25.03 | Ctrl=-2.23 | Model=2.84 | Anom=False
2025-07-29 18:40:30,602 | Meas=25.03 | Ctrl=-2.25 | Model=2.78 | Anom=True
2025-07-29 18:40:31,625 | Meas=24.89 | Ctrl=-1.95 | Model=2.77 | Anom=True
2025-07-29 18:40:32,548 | Meas=24.94 | Ctrl=-2.05 | Model=2.74 | Anom=True
2025-07-29 18:40:33,571 | Meas=25.10 | Ctrl=-2.39 | Model=2.65 | Anom=True
2025-07-29 18:40:34,595 | Meas=24.89 | Ctrl=-1.94 | Model=2.65 | Anom=True
2025-07-29 18:55:42,677 | Meas=25.04 | Ctrl=-0.09 | Model=25.04 | Anom=False
2025-07-29 18:55:43,398 | Meas=24.98 | Ctrl=0.04 | Model=24.98 | Anom=False
2025-07-29 18:55:44,415 | Meas=25.02 | Ctrl=-0.05 | Model=25.02 | Anom=False
2025-07-29 18:55:45,413 | Meas=25.05 | Ctrl=-0.11 | Model=25.05 | Anom=False
2025-07-29 18:55:46,467 | Meas=24.98 | Ctrl=0.04 | Model=24.98 | Anom=False
2025-07-29 18:55:47,489 | Meas=25.00 | Ctrl=-0.01 | Model=25.00 | Anom=False
2025-07-29 18:55:48,408 | Meas=25.08 | Ctrl=-0.18 | Model=25.08 | Anom=False
2025-07-29 18:55:49,433 | Meas=25.04 | Ctrl=-0.10 | Model=25.04 | Anom=False
2025-07-29 18:55:50,460 | Meas=24.99 | Ctrl=0.00 | Model=24.98 | Anom=True
2025-07-29 18:55:51,483 | Meas=25.04 | Ctrl=-0.10 | Model=25.04 | Anom=False
2025-07-29 18:55:52,507 | Meas=24.91 | Ctrl=0.17 | Model=25.01 | Anom=True
2025-07-29 18:55:53,530 | Meas=25.01 | Ctrl=-0.04 | Model=25.01 | Anom=False
2025-07-29 18:55:54,555 | Meas=25.03 | Ctrl=-0.08 | Model=25.03 | Anom=False
2025-07-29 18:55:55,477 | Meas=25.02 | Ctrl=-0.06 | Model=25.02 | Anom=False
2025-07-29 18:55:56,501 | Meas=25.00 | Ctrl=-0.02 | Model=25.00 | Anom=False
2025-07-29 18:55:57,524 | Meas=25.04 | Ctrl=-0.10 | Model=25.04 | Anom=False
2025-07-29 18:55:58,497 | Meas=24.98 | Ctrl=0.02 | Model=24.98 | Anom=False
2025-07-29 18:55:59,571 | Meas=24.99 | Ctrl=-0.00 | Model=24.99 | Anom=False
2025-07-29 18:56:00,493 | Meas=25.00 | Ctrl=-0.02 | Model=25.00 | Anom=False
2025-07-29 18:56:01,517 | Meas=25.04 | Ctrl=-0.11 | Model=25.04 | Anom=False
2025-07-29 18:56:02,542 | Meas=24.96 | Ctrl=0.06 | Model=24.96 | Anom=False
2025-07-29 18:56:03,471 | Meas=24.99 | Ctrl=-0.00 | Model=24.90 | Anom=True
2025-07-29 18:56:04,590 | Meas=25.14 | Ctrl=-0.32 | Model=24.78 | Anom=True
2025-07-29 18:56:05,510 | Meas=25.03 | Ctrl=-0.09 | Model=24.70 | Anom=True
2025-07-29 18:56:06,537 | Meas=24.94 | Ctrl=0.09 | Model=24.67 | Anom=True
2025-07-29 18:56:07,558 | Meas=24.84 | Ctrl=0.31 | Model=24.68 | Anom=True
2025-07-29 18:56:08,544 | Meas=24.98 | Ctrl=0.02 | Model=24.63 | Anom=True
2025-07-29 18:56:09,504 | Meas=25.06 | Ctrl=-0.14 | Model=24.55 | Anom=True
2025-07-29 18:56:10,528 | Meas=25.00 | Ctrl=-0.01 | Model=24.49 | Anom=True
2025-07-29 18:56:11,554 | Meas=24.96 | Ctrl=0.07 | Model=24.46 | Anom=True
2025-07-29 18:56:12,524 | Meas=24.93 | Ctrl=0.13 | Model=24.44 | Anom=True
2025-07-29 18:56:13,545 | Meas=31.50 | Ctrl=-13.99 | Model=31.50 | Anom=False
2025-07-29 18:56:14,517 | Meas=31.55 | Ctrl=-14.41 | Model=31.55 | Anom=False
2025-07-29 18:56:15,521 | Meas=31.60 | Ctrl=-15.17 | Model=31.60 | Anom=False
2025-07-29 18:56:16,572 | Meas=24.95 | Ctrl=-1.53 | Model=24.95 | Anom=False
2025-07-29 18:56:17,595 | Meas=25.03 | Ctrl=-2.03 | Model=25.03 | Anom=False
2025-07-29 18:56:18,539 | Meas=24.88 | Ctrl=-1.71 | Model=24.63 | Anom=True
2025-07-29 18:56:19,542 | Meas=25.10 | Ctrl=-2.18 | Model=24.14 | Anom=True
2025-07-29 18:56:20,566 | Meas=25.08 | Ctrl=-2.13 | Model=23.67 | Anom=True
2025-07-29 20:06:09,039 | Meas=25.03 | Ctrl=-0.06 | Model=25.03 | Anom=False
2025-07-29 20:06:09,939 | Meas=25.00 | Ctrl=-0.00 | Model=25.00 | Anom=False
2025-07-29 20:06:10,963 | Meas=25.02 | Ctrl=-0.05 | Model=25.02 | Anom=False
2025-07-29 20:06:11,986 | Meas=25.10 | Ctrl=-0.22 | Model=25.10 | Anom=False
2025-07-29 20:06:13,010 | Meas=24.96 | Ctrl=0.08 | Model=24.96 | Anom=False
2025-07-29 20:06:13,932 | Meas=25.01 | Ctrl=-0.03 | Model=25.01 | Anom=False
2025-07-29 20:06:14,957 | Meas=25.04 | Ctrl=-0.10 | Model=25.04 | Anom=False
2025-07-29 20:06:15,935 | Meas=25.05 | Ctrl=-0.12 | Model=25.05 | Anom=False
2025-07-29 20:06:17,004 | Meas=24.86 | Ctrl=0.28 | Model=25.05 | Anom=True
2025-07-29 20:06:18,027 | Meas=25.06 | Ctrl=-0.14 | Model=25.06 | Anom=False
2025-07-29 20:06:18,950 | Meas=24.96 | Ctrl=0.08 | Model=25.01 | Anom=True
2025-07-29 20:06:19,974 | Meas=25.00 | Ctrl=-0.01 | Model=25.00 | Anom=False
2025-07-29 20:06:20,999 | Meas=25.04 | Ctrl=-0.09 | Model=25.04 | Anom=False
2025-07-29 20:06:22,022 | Meas=24.99 | Ctrl=0.01 | Model=24.99 | Anom=False
2025-07-29 20:06:22,946 | Meas=25.00 | Ctrl=-0.01 | Model=25.00 | Anom=False
2025-07-29 20:06:23,967 | Meas=25.03 | Ctrl=-0.08 | Model=25.03 | Anom=False
2025-07-29 20:06:24,991 | Meas=25.03 | Ctrl=-0.08 | Model=25.03 | Anom=False
2025-07-29 20:06:26,016 | Meas=25.01 | Ctrl=-0.04 | Model=25.01 | Anom=False
2025-07-29 20:06:27,041 | Meas=24.98 | Ctrl=0.02 | Model=24.98 | Anom=False
2025-07-29 20:06:27,960 | Meas=25.02 | Ctrl=-0.06 | Model=25.02 | Anom=False
2025-07-29 20:06:28,985 | Meas=25.02 | Ctrl=-0.06 | Model=25.02 | Anom=False
2025-07-29 20:06:30,010 | Meas=25.07 | Ctrl=-0.17 | Model=24.93 | Anom=True
2025-07-29 20:06:31,032 | Meas=24.94 | Ctrl=0.10 | Model=24.89 | Anom=True
2025-07-29 20:06:32,057 | Meas=24.94 | Ctrl=0.10 | Model=24.85 | Anom=True
2025-07-29 20:06:32,960 | Meas=24.85 | Ctrl=0.30 | Model=24.85 | Anom=True
2025-07-29 20:06:34,003 | Meas=25.00 | Ctrl=-0.01 | Model=24.80 | Anom=True
2025-07-29 20:06:35,018 | Meas=25.11 | Ctrl=-0.24 | Model=24.69 | Anom=True
2025-07-29 20:06:36,049 | Meas=25.03 | Ctrl=-0.07 | Model=24.62 | Anom=True
2025-07-29 20:06:36,971 | Meas=24.92 | Ctrl=0.16 | Model=24.60 | Anom=True
2025-07-29 20:06:37,972 | Meas=25.05 | Ctrl=-0.12 | Model=24.53 | Anom=True
2025-07-29 20:06:39,019 | Meas=24.86 | Ctrl=0.29 | Model=24.54 | Anom=True
2025-07-29 20:06:40,043 | Meas=31.50 | Ctrl=-13.98 | Model=31.50 | Anom=False
2025-07-29 20:06:41,070 | Meas=31.55 | Ctrl=-14.41 | Model=31.55 | Anom=False
2025-07-29 20:06:41,988 | Meas=31.60 | Ctrl=-15.17 | Model=31.60 | Anom=False
2025-07-29 20:06:42,981 | Meas=24.98 | Ctrl=-1.59 | Model=24.98 | Anom=False
2025-07-29 20:06:44,039 | Meas=25.02 | Ctrl=-2.01 | Model=25.02 | Anom=False
2025-07-29 20:06:45,053 | Meas=25.10 | Ctrl=-2.18 | Model=24.52 | Anom=True
2025-07-29 20:06:45,983 | Meas=25.04 | Ctrl=-2.05 | Model=24.06 | Anom=True
2025-07-29 20:06:47,007 | Meas=24.92 | Ctrl=-1.80 | Model=23.66 | Anom=True
2025-07-29 20:06:47,990 | Meas=24.95 | Ctrl=-1.87 | Model=23.25 | Anom=True
2025-07-29 20:06:49,055 | Meas=25.01 | Ctrl=-1.99 | Model=25.01 | Anom=False
2025-07-29 20:06:50,078 | Meas=24.98 | Ctrl=-1.92 | Model=24.57 | Anom=True
2025-07-29 20:06:51,000 | Meas=24.94 | Ctrl=-1.84 | Model=24.15 | Anom=True
2025-07-29 20:06:52,025 | Meas=25.09 | Ctrl=-2.15 | Model=23.67 | Anom=True
2025-07-29 20:06:53,004 | Meas=24.93 | Ctrl=-1.81 | Model=23.28 | Anom=True
2025-07-29 20:06:54,008 | Meas=25.02 | Ctrl=-2.01 | Model=25.02 | Anom=False
2025-07-29 20:06:55,006 | Meas=24.92 | Ctrl=-1.79 | Model=24.60 | Anom=True
2025-07-29 20:06:56,017 | Meas=24.87 | Ctrl=-1.68 | Model=24.21 | Anom=True
2025-07-29 20:06:57,022 | Meas=24.88 | Ctrl=-1.69 | Model=23.83 | Anom=True
2025-07-29 20:06:58,040 | Meas=25.03 | Ctrl=-2.00 | Model=23.40 | Anom=True
2025-07-29 20:06:59,089 | Meas=24.82 | Ctrl=-1.54 | Model=23.06 | Anom=True
2025-07-29 20:07:00,117 | Meas=25.06 | Ctrl=-2.05 | Model=22.63 | Anom=True
2025-07-29 20:07:01,036 | Meas=24.93 | Ctrl=-1.77 | Model=22.26 | Anom=True
2025-07-29 20:07:02,067 | Meas=24.99 | Ctrl=-1.89 | Model=24.99 | Anom=False
2025-07-29 20:07:03,024 | Meas=24.88 | Ctrl=-1.65 | Model=24.60 | Anom=True
2025-07-29 20:07:04,108 | Meas=25.03 | Ctrl=-1.97 | Model=25.03 | Anom=False
2025-07-29 20:07:05,031 | Meas=24.92 | Ctrl=-1.73 | Model=24.62 | Anom=True
2025-07-29 20:07:06,054 | Meas=24.98 | Ctrl=-1.86 | Model=24.98 | Anom=False
2025-07-29 20:07:07,078 | Meas=24.86 | Ctrl=-1.59 | Model=24.60 | Anom=True
2025-07-29 20:07:08,036 | Meas=25.13 | Ctrl=-2.16 | Model=25.13 | Anom=False
2025-07-29 20:07:09,126 | Meas=24.99 | Ctrl=-1.86 | Model=24.99 | Anom=False
2025-07-29 20:07:10,047 | Meas=25.22 | Ctrl=-2.36 | Model=24.46 | Anom=True
2025-07-29 20:07:11,072 | Meas=25.07 | Ctrl=-2.05 | Model=25.07 | Anom=False
2025-07-29 20:07:12,096 | Meas=24.91 | Ctrl=-1.72 | Model=24.66 | Anom=True
2025-07-29 20:07:13,046 | Meas=25.01 | Ctrl=-1.94 | Model=25.01 | Anom=False
2025-07-29 20:07:14,122 | Meas=24.88 | Ctrl=-1.65 | Model=24.62 | Anom=True
2025-07-29 20:07:15,070 | Meas=25.10 | Ctrl=-2.12 | Model=24.14 | Anom=True
2025-07-29 20:07:16,091 | Meas=25.02 | Ctrl=-1.95 | Model=25.02 | Anom=False
2025-07-29 20:07:17,113 | Meas=25.09 | Ctrl=-2.10 | Model=25.09 | Anom=False
2025-07-29 20:07:18,052 | Meas=25.00 | Ctrl=-1.92 | Model=25.00 | Anom=False
2025-07-29 20:07:19,160 | Meas=25.02 | Ctrl=-1.96 | Model=25.02 | Anom=False
2025-07-29 20:07:20,054 | Meas=24.99 | Ctrl=-1.90 | Model=24.58 | Anom=True
2025-07-29 20:07:21,105 | Meas=24.91 | Ctrl=-1.73 | Model=24.18 | Anom=True
2025-07-29 20:07:22,058 | Meas=25.21 | Ctrl=-2.37 | Model=23.67 | Anom=True
2025-07-29 20:43:26,349 | Meas=25.03 | Ctrl=-0.06 | Model=25.03 | Anom=False
2025-07-29 20:43:27,167 | Meas=25.01 | Ctrl=-0.02 | Model=25.01 | Anom=False
2025-07-29 20:43:28,191 | Meas=25.04 | Ctrl=-0.09 | Model=25.04 | Anom=False
2025-07-29 20:43:29,215 | Meas=25.08 | Ctrl=-0.18 | Model=25.08 | Anom=False
2025-07-29 20:43:30,238 | Meas=24.98 | Ctrl=0.03 | Model=24.98 | Anom=False
2025-07-29 20:43:31,160 | Meas=24.99 | Ctrl=0.01 | Model=24.99 | Anom=False
2025-07-29 20:43:32,184 | Meas=25.10 | Ctrl=-0.23 | Model=25.10 | Anom=False
2025-07-29 20:43:33,210 | Meas=25.03 | Ctrl=-0.08 | Model=25.03 | Anom=False
2025-07-29 20:43:34,233 | Meas=25.05 | Ctrl=-0.13 | Model=24.94 | Anom=True
2025-07-29 20:43:35,256 | Meas=25.03 | Ctrl=-0.09 | Model=25.03 | Anom=False
2025-07-29 20:43:36,180 | Meas=24.95 | Ctrl=0.08 | Model=24.98 | Anom=True
2025-07-29 20:43:37,203 | Meas=25.00 | Ctrl=-0.03 | Model=25.00 | Anom=False
2025-07-29 20:43:38,227 | Meas=25.02 | Ctrl=-0.07 | Model=25.02 | Anom=False
2025-07-29 20:43:39,252 | Meas=25.03 | Ctrl=-0.09 | Model=25.03 | Anom=False
2025-07-29 20:43:40,172 | Meas=24.97 | Ctrl=0.03 | Model=24.97 | Anom=False
2025-07-29 20:43:41,198 | Meas=25.01 | Ctrl=-0.05 | Model=25.01 | Anom=False
2025-07-29 20:43:42,222 | Meas=25.01 | Ctrl=-0.05 | Model=25.01 | Anom=False
2025-07-29 20:43:43,244 | Meas=24.98 | Ctrl=0.01 | Model=24.98 | Anom=False
2025-07-29 20:43:44,268 | Meas=25.02 | Ctrl=-0.07 | Model=25.02 | Anom=False
2025-07-29 20:43:45,196 | Meas=25.00 | Ctrl=-0.03 | Model=25.00 | Anom=False
2025-07-29 20:43:46,216 | Meas=25.01 | Ctrl=-0.05 | Model=25.01 | Anom=False
2025-07-29 20:43:47,237 | Meas=25.02 | Ctrl=-0.08 | Model=24.93 | Anom=True
2025-07-29 20:43:48,262 | Meas=24.94 | Ctrl=0.09 | Model=24.89 | Anom=True
2025-07-29 20:43:49,190 | Meas=24.93 | Ctrl=0.12 | Model=24.86 | Anom=True
2025-07-29 20:43:50,210 | Meas=24.87 | Ctrl=0.25 | Model=24.85 | Anom=True
2025-07-29 20:43:51,232 | Meas=25.04 | Ctrl=-0.10 | Model=24.78 | Anom=True
2025-07-29 20:43:52,256 | Meas=25.01 | Ctrl=-0.03 | Model=24.71 | Anom=True
2025-07-29 20:43:53,279 | Meas=25.08 | Ctrl=-0.19 | Model=24.62 | Anom=True
2025-07-29 20:43:54,201 | Meas=24.92 | Ctrl=0.15 | Model=24.60 | Anom=True
2025-07-29 20:43:55,225 | Meas=25.04 | Ctrl=-0.10 | Model=24.53 | Anom=True
2025-07-29 20:43:56,250 | Meas=25.19 | Ctrl=-0.43 | Model=24.39 | Anom=True
2025-07-29 20:43:57,278 | Meas=31.50 | Ctrl=-14.00 | Model=31.50 | Anom=False
2025-07-29 20:43:58,296 | Meas=31.55 | Ctrl=-14.45 | Model=31.55 | Anom=False
2025-07-29 20:43:59,219 | Meas=31.60 | Ctrl=-15.21 | Model=31.60 | Anom=False
2025-07-29 20:44:00,241 | Meas=25.03 | Ctrl=-1.74 | Model=25.03 | Anom=False
2025-07-29 20:44:01,266 | Meas=24.99 | Ctrl=-1.98 | Model=24.99 | Anom=False
2025-07-29 20:44:02,294 | Meas=25.07 | Ctrl=-2.16 | Model=24.50 | Anom=True
2025-07-29 20:44:03,316 | Meas=24.88 | Ctrl=-1.75 | Model=24.10 | Anom=True
2025-07-29 20:44:04,237 | Meas=25.10 | Ctrl=-2.22 | Model=23.61 | Anom=True
2025-07-29 20:44:05,259 | Meas=24.93 | Ctrl=-1.85 | Model=23.21 | Anom=True
2025-07-29 20:44:06,291 | Meas=25.02 | Ctrl=-2.05 | Model=25.02 | Anom=False
2025-07-29 20:44:07,308 | Meas=25.06 | Ctrl=-2.13 | Model=24.53 | Anom=True
2025-07-29 20:44:08,229 | Meas=25.05 | Ctrl=-2.12 | Model=24.06 | Anom=True
2025-07-29 20:44:09,273 | Meas=25.02 | Ctrl=-2.06 | Model=23.61 | Anom=True
2025-07-29 20:44:10,242 | Meas=24.94 | Ctrl=-1.89 | Model=23.20 | Anom=True
2025-07-29 20:44:11,227 | Meas=25.03 | Ctrl=-2.08 | Model=25.03 | Anom=False
2025-07-29 20:44:12,277 | Meas=25.05 | Ctrl=-2.12 | Model=24.55 | Anom=True
2025-07-29 20:44:13,251 | Meas=25.03 | Ctrl=-2.08 | Model=24.08 | Anom=True
2025-07-29 20:44:14,234 | Meas=24.97 | Ctrl=-1.96 | Model=23.64 | Anom=True
2025-07-29 20:44:15,294 | Meas=25.09 | Ctrl=-2.22 | Model=23.17 | Anom=True
2025-07-29 20:44:16,304 | Meas=25.22 | Ctrl=-2.50 | Model=22.65 | Anom=True
2025-07-29 22:59:40,684 | Meas=25.02 | Ctrl=-0.04 | Model=25.02 | Anom=False
2025-07-29 22:59:41,577 | Meas=24.97 | Ctrl=0.06 | Model=24.97 | Anom=False
2025-07-29 22:59:42,505 | Meas=25.00 | Ctrl=-0.00 | Model=25.00 | Anom=False
2025-07-29 22:59:43,525 | Meas=25.08 | Ctrl=-0.17 | Model=25.08 | Anom=False
2025-07-29 22:59:44,487 | Meas=24.99 | Ctrl=0.02 | Model=24.99 | Anom=False
2025-07-29 22:59:45,491 | Meas=24.99 | Ctrl=0.02 | Model=24.99 | Anom=False
2025-07-29 22:59:46,494 | Meas=25.08 | Ctrl=-0.18 | Model=25.08 | Anom=False
2025-07-29 22:59:47,521 | Meas=25.07 | Ctrl=-0.16 | Model=25.07 | Anom=False
2025-07-29 22:59:48,542 | Meas=25.10 | Ctrl=-0.23 | Model=24.96 | Anom=True
2025-07-29 22:59:49,566 | Meas=25.01 | Ctrl=-0.05 | Model=25.01 | Anom=False
2025-07-29 22:59:50,589 | Meas=24.76 | Ctrl=0.49 | Model=25.05 | Anom=True
2025-07-29 22:59:51,511 | Meas=24.99 | Ctrl=0.00 | Model=24.99 | Anom=False
2025-07-29 22:59:52,534 | Meas=25.05 | Ctrl=-0.11 | Model=25.05 | Anom=False
2025-07-29 22:59:53,559 | Meas=25.00 | Ctrl=-0.01 | Model=25.00 | Anom=False
2025-07-29 22:59:54,582 | Meas=25.00 | Ctrl=-0.01 | Model=25.00 | Anom=False
2025-07-29 22:59:55,505 | Meas=25.00 | Ctrl=-0.01 | Model=25.00 | Anom=False
2025-07-29 22:59:56,528 | Meas=25.00 | Ctrl=-0.01 | Model=25.00 | Anom=False
2025-07-29 22:59:57,515 | Meas=24.99 | Ctrl=0.01 | Model=24.99 | Anom=False
2025-07-29 22:59:58,577 | Meas=25.00 | Ctrl=-0.01 | Model=25.00 | Anom=False
2025-07-29 22:59:59,508 | Meas=25.04 | Ctrl=-0.10 | Model=25.04 | Anom=False
2025-07-29 23:00:00,523 | Meas=25.02 | Ctrl=-0.05 | Model=25.02 | Anom=False
2025-07-29 23:00:01,546 | Meas=24.88 | Ctrl=0.24 | Model=25.01 | Anom=True
2025-07-29 23:00:02,571 | Meas=24.98 | Ctrl=0.03 | Model=24.95 | Anom=True
2025-07-29 23:00:03,554 | Meas=25.07 | Ctrl=-0.15 | Model=24.86 | Anom=True
2025-07-29 23:00:04,515 | Meas=25.08 | Ctrl=-0.18 | Model=24.77 | Anom=True
2025-07-29 23:00:05,525 | Meas=24.81 | Ctrl=0.40 | Model=24.80 | Anom=True
2025-07-29 23:00:06,522 | Meas=24.95 | Ctrl=0.10 | Model=24.76 | Anom=True
2025-07-29 23:00:07,524 | Meas=25.11 | Ctrl=-0.23 | Model=24.66 | Anom=True
2025-07-29 23:00:08,615 | Meas=25.11 | Ctrl=-0.23 | Model=24.56 | Anom=True
2025-07-29 23:00:09,534 | Meas=25.19 | Ctrl=-0.42 | Model=24.42 | Anom=True
2025-07-29 23:00:10,528 | Meas=24.94 | Ctrl=0.10 | Model=24.40 | Anom=True
2025-07-29 23:00:11,542 | Meas=31.50 | Ctrl=-14.01 | Model=31.50 | Anom=False
2025-07-29 23:00:12,605 | Meas=31.55 | Ctrl=-14.44 | Model=31.55 | Anom=False
2025-07-29 23:00:13,533 | Meas=31.60 | Ctrl=-15.20 | Model=31.60 | Anom=False
2025-07-29 23:00:14,534 | Meas=25.01 | Ctrl=-1.68 | Model=25.01 | Anom=False
2025-07-29 23:00:15,535 | Meas=25.02 | Ctrl=-2.04 | Model=25.02 | Anom=False
2025-07-29 23:00:16,538 | Meas=24.91 | Ctrl=-1.80 | Model=24.60 | Anom=True
2025-07-29 23:00:17,539 | Meas=24.98 | Ctrl=-1.95 | Model=24.16 | Anom=True
2025-07-29 23:00:18,556 | Meas=25.01 | Ctrl=-2.01 | Model=23.71 | Anom=True
2025-07-29 23:00:19,568 | Meas=24.84 | Ctrl=-1.64 | Model=23.35 | Anom=True
2025-07-29 23:00:20,594 | Meas=25.02 | Ctrl=-2.02 | Model=25.02 | Anom=False
2025-07-29 23:00:21,617 | Meas=25.07 | Ctrl=-2.12 | Model=24.54 | Anom=True
2025-07-29 23:00:22,648 | Meas=24.87 | Ctrl=-1.70 | Model=24.15 | Anom=True
2025-07-29 23:00:23,563 | Meas=24.87 | Ctrl=-1.69 | Model=23.76 | Anom=True
2025-07-29 23:00:24,554 | Meas=25.09 | Ctrl=-2.15 | Model=23.30 | Anom=True
2025-07-29 23:00:25,554 | Meas=24.98 | Ctrl=-1.91 | Model=24.98 | Anom=False
2025-07-29 23:00:26,640 | Meas=25.07 | Ctrl=-2.11 | Model=24.50 | Anom=True
2025-07-29 23:00:27,557 | Meas=25.13 | Ctrl=-2.24 | Model=24.00 | Anom=True
2025-07-29 23:00:28,586 | Meas=24.91 | Ctrl=-1.78 | Model=23.60 | Anom=True
2025-07-29 23:00:29,605 | Meas=25.11 | Ctrl=-2.21 | Model=23.13 | Anom=True
2025-07-29 23:00:30,628 | Meas=24.95 | Ctrl=-1.87 | Model=22.73 | Anom=True
2025-07-29 23:00:31,655 | Meas=24.93 | Ctrl=-1.83 | Model=22.35 | Anom=True
2025-07-29 23:00:32,573 | Meas=25.09 | Ctrl=-2.17 | Model=21.91 | Anom=True
2025-07-29 23:00:33,598 | Meas=24.99 | Ctrl=-1.95 | Model=24.99 | Anom=False
2025-07-29 23:00:34,571 | Meas=24.89 | Ctrl=-1.74 | Model=24.58 | Anom=True
2025-07-29 23:00:35,570 | Meas=25.02 | Ctrl=-2.02 | Model=25.02 | Anom=False
2025-07-29 23:00:36,670 | Meas=25.17 | Ctrl=-2.33 | Model=24.49 | Anom=True
2025-07-29 23:00:37,578 | Meas=24.97 | Ctrl=-1.91 | Model=24.97 | Anom=False
2025-07-29 23:00:38,579 | Meas=24.99 | Ctrl=-1.96 | Model=24.52 | Anom=True
2025-07-29 23:00:39,581 | Meas=25.08 | Ctrl=-2.15 | Model=25.08 | Anom=False
2025-07-29 23:00:40,582 | Meas=25.01 | Ctrl=-2.01 | Model=25.01 | Anom=False
2025-07-29 23:00:41,585 | Meas=24.97 | Ctrl=-1.93 | Model=24.56 | Anom=True
2025-07-29 23:00:42,585 | Meas=25.06 | Ctrl=-2.12 | Model=25.06 | Anom=False
2025-07-29 23:00:43,586 | Meas=24.90 | Ctrl=-1.78 | Model=24.64 | Anom=True
2025-07-29 23:00:44,661 | Meas=25.00 | Ctrl=-1.99 | Model=25.00 | Anom=False
2025-07-29 23:00:45,681 | Meas=25.12 | Ctrl=-2.24 | Model=24.49 | Anom=True
2025-07-29 23:00:46,606 | Meas=24.81 | Ctrl=-1.58 | Model=24.13 | Anom=True
2025-07-29 23:00:47,600 | Meas=25.01 | Ctrl=-2.01 | Model=25.01 | Anom=False
2025-07-29 23:00:48,649 | Meas=25.03 | Ctrl=-2.04 | Model=25.03 | Anom=False
2025-07-29 23:00:49,614 | Meas=25.02 | Ctrl=-2.02 | Model=25.02 | Anom=False
2025-07-29 23:00:50,602 | Meas=25.00 | Ctrl=-1.98 | Model=25.00 | Anom=False
2025-07-29 23:00:51,606 | Meas=25.11 | Ctrl=-2.22 | Model=24.50 | Anom=True
2025-07-29 23:00:52,638 | Meas=25.03 | Ctrl=-2.05 | Model=24.04 | Anom=True
2025-07-29 23:00:53,669 | Meas=25.05 | Ctrl=-2.10 | Model=23.57 | Anom=True
2025-07-29 23:00:54,691 | Meas=25.16 | Ctrl=-2.34 | Model=23.07 | Anom=True
2025-07-29 23:00:55,617 | Meas=24.96 | Ctrl=-1.92 | Model=22.67 | Anom=True
2025-07-29 23:00:56,638 | Meas=25.00 | Ctrl=-2.02 | Model=25.00 | Anom=False
2025-07-29 23:00:57,615 | Meas=24.88 | Ctrl=-1.76 | Model=24.59 | Anom=True
2025-07-29 23:00:58,628 | Meas=25.02 | Ctrl=-2.05 | Model=25.02 | Anom=False
2025-07-29 23:00:59,616 | Meas=24.91 | Ctrl=-1.81 | Model=24.60 | Anom=True
2025-07-29 23:01:00,617 | Meas=24.91 | Ctrl=-1.81 | Model=24.18 | Anom=True
2025-07-29 23:01:01,622 | Meas=25.03 | Ctrl=-2.06 | Model=25.03 | Anom=False
2025-07-29 23:01:02,641 | Meas=25.08 | Ctrl=-2.16 | Model=25.08 | Anom=False
2025-07-29 23:01:03,646 | Meas=25.05 | Ctrl=-2.10 | Model=25.05 | Anom=False
2025-07-29 23:01:04,686 | Meas=25.07 | Ctrl=-2.15 | Model=24.56 | Anom=True
2025-07-29 23:01:05,649 | Meas=24.94 | Ctrl=-1.88 | Model=24.13 | Anom=True
2025-07-29 23:01:06,632 | Meas=25.01 | Ctrl=-2.03 | Model=25.01 | Anom=False
2025-07-29 23:01:07,626 | Meas=25.08 | Ctrl=-2.18 | Model=25.08 | Anom=False
2025-07-29 23:01:08,631 | Meas=25.08 | Ctrl=-2.18 | Model=24.58 | Anom=True
2025-07-29 23:01:09,641 | Meas=24.96 | Ctrl=-1.93 | Model=24.96 | Anom=False
2025-07-29 23:01:10,665 | Meas=25.10 | Ctrl=-2.23 | Model=24.45 | Anom=True
2025-07-29 23:01:11,698 | Meas=25.00 | Ctrl=-2.02 | Model=24.00 | Anom=True
2025-07-29 23:01:12,636 | Meas=25.04 | Ctrl=-2.11 | Model=25.04 | Anom=False
2025-07-29 23:01:13,636 | Meas=25.07 | Ctrl=-2.18 | Model=25.07 | Anom=False
2025-07-29 23:01:14,647 | Meas=25.02 | Ctrl=-2.08 | Model=25.02 | Anom=False
2025-07-29 23:01:15,660 | Meas=25.07 | Ctrl=-2.19 | Model=25.07 | Anom=False
2025-07-29 23:01:16,660 | Meas=25.02 | Ctrl=-2.09 | Model=25.02 | Anom=False
2025-07-29 23:01:17,738 | Meas=25.05 | Ctrl=-2.15 | Model=24.53 | Anom=True
2025-07-29 23:01:18,754 | Meas=25.04 | Ctrl=-2.14 | Model=24.05 | Anom=True
2025-07-29 23:01:19,679 | Meas=24.94 | Ctrl=-1.93 | Model=23.62 | Anom=True
2025-07-29 23:01:20,701 | Meas=24.98 | Ctrl=-2.01 | Model=23.19 | Anom=True
2025-07-29 23:01:21,672 | Meas=25.05 | Ctrl=-2.16 | Model=25.05 | Anom=False
2025-07-29 23:01:22,683 | Meas=24.93 | Ctrl=-1.90 | Model=24.61 | Anom=True
2025-07-29 23:01:23,668 | Meas=25.02 | Ctrl=-2.09 | Model=25.02 | Anom=False
2025-07-29 23:01:24,671 | Meas=24.99 | Ctrl=-2.03 | Model=24.99 | Anom=False
2025-07-29 23:01:25,719 | Meas=25.00 | Ctrl=-2.05 | Model=25.00 | Anom=False
2025-07-29 23:01:26,675 | Meas=25.01 | Ctrl=-2.07 | Model=25.01 | Anom=False
2025-07-29 23:01:27,677 | Meas=25.07 | Ctrl=-2.20 | Model=24.51 | Anom=True
2025-07-29 23:01:28,688 | Meas=24.96 | Ctrl=-1.97 | Model=24.96 | Anom=False
2025-07-29 23:01:29,676 | Meas=25.00 | Ctrl=-2.05 | Model=25.00 | Anom=False
2025-07-29 23:01:30,679 | Meas=25.06 | Ctrl=-2.18 | Model=25.06 | Anom=False
2025-07-29 23:01:31,684 | Meas=25.09 | Ctrl=-2.25 | Model=24.55 | Anom=True
2025-07-29 23:01:32,681 | Meas=25.05 | Ctrl=-2.17 | Model=24.06 | Anom=True
2025-07-29 23:01:33,680 | Meas=25.09 | Ctrl=-2.26 | Model=23.57 | Anom=True
2025-07-29 23:01:34,690 | Meas=25.07 | Ctrl=-2.23 | Model=25.07 | Anom=False
2025-07-29 23:01:35,685 | Meas=25.03 | Ctrl=-2.15 | Model=25.03 | Anom=False
2025-07-29 23:01:36,688 | Meas=25.02 | Ctrl=-2.13 | Model=24.54 | Anom=True
2025-07-29 23:01:37,685 | Meas=25.07 | Ctrl=-2.24 | Model=25.07 | Anom=False
2025-07-29 23:01:38,687 | Meas=24.84 | Ctrl=-1.75 | Model=24.66 | Anom=True
2025-07-29 23:01:39,688 | Meas=25.06 | Ctrl=-2.22 | Model=24.16 | Anom=True
2025-07-29 23:01:40,691 | Meas=24.93 | Ctrl=-1.94 | Model=23.73 | Anom=True
2025-07-29 23:01:41,699 | Meas=25.03 | Ctrl=-2.15 | Model=23.27 | Anom=True
2025-07-29 23:01:42,718 | Meas=25.17 | Ctrl=-2.45 | Model=22.75 | Anom=True
2025-07-29 23:01:43,696 | Meas=25.00 | Ctrl=-2.09 | Model=22.32 | Anom=True
2025-07-29 23:01:44,695 | Meas=25.01 | Ctrl=-2.12 | Model=25.01 | Anom=False
2025-07-29 23:01:45,700 | Meas=25.04 | Ctrl=-2.19 | Model=25.04 | Anom=False
2025-07-29 23:01:46,701 | Meas=25.04 | Ctrl=-2.19 | Model=25.04 | Anom=False
2025-07-29 23:01:47,737 | Meas=24.99 | Ctrl=-2.09 | Model=24.99 | Anom=False
2025-07-29 23:23:34,905 | Meas=25.00 | Ctrl=0.00 | Model=25.00 | Anom=False
2025-07-29 23:23:35,788 | Meas=24.99 | Ctrl=0.02 | Model=24.99 | Anom=False
2025-07-29 23:23:36,791 | Meas=25.06 | Ctrl=-0.13 | Model=25.06 | Anom=False
2025-07-29 23:23:37,791 | Meas=25.09 | Ctrl=-0.20 | Model=25.09 | Anom=False
2025-07-29 23:23:38,864 | Meas=24.98 | Ctrl=0.03 | Model=24.98 | Anom=False
2025-07-29 23:23:39,884 | Meas=24.99 | Ctrl=0.01 | Model=24.99 | Anom=False
2025-07-29 23:23:40,804 | Meas=25.08 | Ctrl=-0.18 | Model=25.08 | Anom=False
2025-07-29 23:23:41,829 | Meas=25.04 | Ctrl=-0.10 | Model=25.04 | Anom=False
2025-07-29 23:23:42,795 | Meas=25.01 | Ctrl=-0.04 | Model=24.97 | Anom=True
2025-07-29 23:23:43,800 | Meas=25.03 | Ctrl=-0.09 | Model=25.03 | Anom=False
2025-07-29 23:23:44,797 | Meas=25.08 | Ctrl=-0.20 | Model=24.93 | Anom=True
2025-07-29 23:23:45,799 | Meas=24.97 | Ctrl=0.03 | Model=24.97 | Anom=False
2025-07-29 23:23:46,849 | Meas=25.01 | Ctrl=-0.06 | Model=25.01 | Anom=False
2025-07-29 23:23:48,118 | Meas=24.99 | Ctrl=-0.01 | Model=24.99 | Anom=False
2025-07-29 23:23:48,895 | Meas=25.03 | Ctrl=-0.10 | Model=25.03 | Anom=False
2025-07-29 23:23:49,822 | Meas=25.03 | Ctrl=-0.10 | Model=25.03 | Anom=False
2025-07-29 23:23:50,841 | Meas=25.01 | Ctrl=-0.06 | Model=25.01 | Anom=False
2025-07-29 23:23:51,864 | Meas=25.00 | Ctrl=-0.04 | Model=25.00 | Anom=False
2025-07-29 23:23:52,808 | Meas=24.97 | Ctrl=0.03 | Model=24.97 | Anom=False
2025-07-29 23:23:53,810 | Meas=25.01 | Ctrl=-0.06 | Model=25.01 | Anom=False
2025-07-29 23:23:54,815 | Meas=24.96 | Ctrl=0.05 | Model=24.96 | Anom=False
2025-07-29 23:23:55,817 | Meas=24.96 | Ctrl=0.05 | Model=24.91 | Anom=True
2025-07-29 23:23:56,881 | Meas=24.88 | Ctrl=0.23 | Model=24.90 | Anom=True
2025-07-29 23:23:57,819 | Meas=24.98 | Ctrl=0.02 | Model=24.84 | Anom=True
2025-07-29 23:23:58,836 | Meas=25.05 | Ctrl=-0.12 | Model=24.76 | Anom=True
2025-07-29 23:23:59,850 | Meas=24.99 | Ctrl=0.00 | Model=24.71 | Anom=True
2025-07-29 23:24:00,876 | Meas=25.08 | Ctrl=-0.19 | Model=24.62 | Anom=True
2025-07-29 23:24:01,899 | Meas=24.85 | Ctrl=0.30 | Model=24.62 | Anom=True
2025-07-29 23:24:02,927 | Meas=25.19 | Ctrl=-0.43 | Model=24.49 | Anom=True
2025-07-29 23:24:03,903 | Meas=24.82 | Ctrl=0.37 | Model=24.51 | Anom=True
2025-07-29 23:24:04,869 | Meas=25.05 | Ctrl=-0.13 | Model=24.43 | Anom=True
2025-07-29 23:24:05,831 | Meas=31.50 | Ctrl=-13.99 | Model=31.50 | Anom=False
2025-07-29 23:24:06,834 | Meas=31.55 | Ctrl=-14.43 | Model=31.55 | Anom=False
2025-07-29 23:24:07,835 | Meas=31.60 | Ctrl=-15.19 | Model=31.60 | Anom=False
2025-07-29 23:24:08,863 | Meas=24.99 | Ctrl=-1.63 | Model=24.99 | Anom=False
2025-07-29 23:24:09,887 | Meas=24.99 | Ctrl=-1.96 | Model=24.99 | Anom=False
2025-07-29 23:24:10,839 | Meas=24.94 | Ctrl=-1.85 | Model=24.56 | Anom=True
2025-07-29 23:24:11,846 | Meas=24.98 | Ctrl=-1.94 | Model=24.12 | Anom=True
2025-07-29 23:24:12,843 | Meas=25.04 | Ctrl=-2.06 | Model=23.67 | Anom=True
2025-07-29 23:24:13,847 | Meas=25.06 | Ctrl=-2.10 | Model=23.21 | Anom=True
2025-07-29 23:24:14,904 | Meas=25.01 | Ctrl=-2.00 | Model=25.01 | Anom=False
2025-07-29 23:24:15,849 | Meas=24.95 | Ctrl=-1.88 | Model=24.57 | Anom=True
2025-07-29 23:24:16,852 | Meas=24.97 | Ctrl=-1.92 | Model=24.14 | Anom=True
2025-07-29 23:24:17,855 | Meas=24.94 | Ctrl=-1.85 | Model=23.73 | Anom=True
2025-07-29 23:24:18,900 | Meas=24.94 | Ctrl=-1.84 | Model=23.32 | Anom=True
2025-07-29 23:24:19,908 | Meas=25.01 | Ctrl=-1.99 | Model=25.01 | Anom=False
2025-07-29 23:24:20,948 | Meas=25.13 | Ctrl=-2.24 | Model=24.50 | Anom=True
2025-07-29 23:24:21,868 | Meas=25.04 | Ctrl=-2.06 | Model=24.04 | Anom=True
2025-07-29 23:24:22,891 | Meas=25.03 | Ctrl=-2.04 | Model=23.59 | Anom=True
2025-07-29 23:24:23,915 | Meas=25.04 | Ctrl=-2.07 | Model=23.14 | Anom=True
2025-07-29 23:24:24,939 | Meas=25.26 | Ctrl=-2.55 | Model=22.61 | Anom=True
2025-07-29 23:24:25,910 | Meas=24.91 | Ctrl=-1.81 | Model=22.24 | Anom=True
2025-07-29 23:24:26,887 | Meas=24.97 | Ctrl=-1.95 | Model=21.84 | Anom=True
2025-07-29 23:24:27,911 | Meas=25.01 | Ctrl=-2.03 | Model=25.01 | Anom=False
2025-07-29 23:24:28,933 | Meas=24.91 | Ctrl=-1.81 | Model=24.59 | Anom=True
2025-07-29 23:24:29,958 | Meas=25.00 | Ctrl=-2.00 | Model=25.00 | Anom=False
2025-07-29 23:24:30,883 | Meas=24.92 | Ctrl=-1.82 | Model=24.58 | Anom=True
2025-07-29 23:24:31,904 | Meas=24.98 | Ctrl=-1.95 | Model=24.98 | Anom=False
2025-07-29 23:24:32,882 | Meas=24.92 | Ctrl=-1.81 | Model=24.56 | Anom=True
2025-07-29 23:24:33,885 | Meas=25.07 | Ctrl=-2.13 | Model=25.07 | Anom=False
2025-07-29 23:24:34,896 | Meas=25.00 | Ctrl=-1.98 | Model=25.00 | Anom=False
2025-07-29 23:24:35,900 | Meas=25.07 | Ctrl=-2.13 | Model=24.51 | Anom=True
2025-07-29 23:24:36,930 | Meas=25.03 | Ctrl=-2.05 | Model=25.03 | Anom=False
2025-07-29 23:24:37,945 | Meas=24.98 | Ctrl=-1.95 | Model=24.58 | Anom=True
2025-07-29 23:24:38,968 | Meas=25.03 | Ctrl=-2.06 | Model=25.03 | Anom=False
2025-07-29 23:24:39,993 | Meas=24.97 | Ctrl=-1.93 | Model=24.58 | Anom=True
2025-07-29 23:24:40,916 | Meas=24.79 | Ctrl=-1.54 | Model=24.22 | Anom=True
2025-07-29 23:24:41,939 | Meas=25.01 | Ctrl=-2.00 | Model=25.01 | Anom=False
2025-07-29 23:24:42,919 | Meas=25.02 | Ctrl=-2.01 | Model=25.02 | Anom=False
2025-07-29 23:24:43,987 | Meas=25.03 | Ctrl=-2.04 | Model=25.03 | Anom=False
2025-07-29 23:24:44,908 | Meas=24.98 | Ctrl=-1.93 | Model=24.98 | Anom=False
2025-07-29 23:24:45,932 | Meas=24.91 | Ctrl=-1.78 | Model=24.56 | Anom=True
2025-07-29 23:24:46,956 | Meas=24.91 | Ctrl=-1.78 | Model=24.16 | Anom=True
2025-07-29 23:24:47,980 | Meas=24.91 | Ctrl=-1.77 | Model=23.76 | Anom=True
2025-07-29 23:24:49,004 | Meas=25.07 | Ctrl=-2.10 | Model=23.30 | Anom=True
2025-07-29 23:24:49,926 | Meas=25.16 | Ctrl=-2.30 | Model=22.82 | Anom=True
2025-07-29 23:24:50,949 | Meas=25.05 | Ctrl=-2.07 | Model=25.05 | Anom=False
2025-07-29 23:24:51,972 | Meas=25.15 | Ctrl=-2.30 | Model=24.53 | Anom=True
2025-07-29 23:24:52,911 | Meas=25.01 | Ctrl=-2.01 | Model=25.01 | Anom=False
2025-07-29 23:24:53,913 | Meas=25.06 | Ctrl=-2.12 | Model=24.53 | Anom=True
2025-07-29 23:24:54,918 | Meas=24.87 | Ctrl=-1.72 | Model=24.13 | Anom=True
2025-07-29 23:24:55,919 | Meas=25.06 | Ctrl=-2.12 | Model=25.06 | Anom=False
2025-07-29 23:24:56,990 | Meas=25.06 | Ctrl=-2.12 | Model=25.06 | Anom=False
2025-07-29 23:24:58,014 | Meas=25.04 | Ctrl=-2.08 | Model=25.04 | Anom=False
2025-07-29 23:24:58,936 | Meas=24.93 | Ctrl=-1.85 | Model=24.61 | Anom=True
2025-07-29 23:24:59,961 | Meas=25.04 | Ctrl=-2.08 | Model=24.14 | Anom=True
2025-07-29 23:25:00,984 | Meas=25.03 | Ctrl=-2.06 | Model=25.03 | Anom=False
2025-07-29 23:25:02,009 | Meas=25.02 | Ctrl=-2.04 | Model=25.02 | Anom=False
2025-07-29 23:25:03,033 | Meas=25.15 | Ctrl=-2.32 | Model=24.49 | Anom=True
2025-07-29 23:25:03,954 | Meas=24.99 | Ctrl=-1.99 | Model=24.99 | Anom=False
2025-07-29 23:25:04,977 | Meas=25.08 | Ctrl=-2.19 | Model=24.49 | Anom=True
2025-07-29 23:25:05,937 | Meas=24.81 | Ctrl=-1.61 | Model=24.12 | Anom=True
2025-07-29 23:25:06,940 | Meas=25.05 | Ctrl=-2.12 | Model=25.05 | Anom=False
2025-07-29 23:25:08,053 | Meas=25.08 | Ctrl=-2.18 | Model=25.08 | Anom=False
2025-07-29 23:25:08,971 | Meas=25.00 | Ctrl=-2.02 | Model=25.00 | Anom=False
2025-07-29 23:25:09,999 | Meas=25.01 | Ctrl=-2.04 | Model=25.01 | Anom=False
2025-07-29 23:25:10,942 | Meas=25.04 | Ctrl=-2.11 | Model=25.04 | Anom=False
2025-07-29 23:25:12,007 | Meas=25.00 | Ctrl=-2.02 | Model=24.57 | Anom=True
2025-07-29 23:25:12,950 | Meas=25.04 | Ctrl=-2.11 | Model=24.10 | Anom=True
2025-07-29 23:25:13,991 | Meas=24.90 | Ctrl=-1.81 | Model=23.70 | Anom=True
2025-07-29 23:25:15,023 | Meas=24.91 | Ctrl=-1.83 | Model=23.30 | Anom=True
2025-07-29 23:25:15,998 | Meas=25.06 | Ctrl=-2.14 | Model=25.06 | Anom=False
2025-07-29 23:25:17,062 | Meas=25.09 | Ctrl=-2.21 | Model=24.56 | Anom=True
2025-07-29 23:25:17,988 | Meas=25.02 | Ctrl=-2.06 | Model=25.02 | Anom=False
2025-07-29 23:25:19,006 | Meas=24.97 | Ctrl=-1.96 | Model=24.97 | Anom=False
2025-07-29 23:25:20,024 | Meas=24.98 | Ctrl=-1.98 | Model=24.98 | Anom=False
2025-07-29 23:25:21,054 | Meas=25.02 | Ctrl=-2.06 | Model=25.02 | Anom=False
2025-07-29 23:25:21,976 | Meas=25.00 | Ctrl=-2.02 | Model=24.56 | Anom=True
2025-07-29 23:25:23,000 | Meas=25.00 | Ctrl=-2.02 | Model=25.00 | Anom=False
2025-07-29 23:25:24,015 | Meas=25.03 | Ctrl=-2.09 | Model=25.03 | Anom=False
2025-07-29 23:25:25,052 | Meas=25.02 | Ctrl=-2.07 | Model=25.02 | Anom=False
2025-07-29 23:25:26,076 | Meas=25.11 | Ctrl=-2.26 | Model=24.51 | Anom=True
2025-07-29 23:25:27,219 | Meas=24.88 | Ctrl=-1.78 | Model=24.10 | Anom=True
2025-07-29 23:25:28,027 | Meas=25.07 | Ctrl=-2.18 | Model=23.62 | Anom=True
2025-07-29 23:25:29,044 | Meas=25.08 | Ctrl=-2.20 | Model=25.08 | Anom=False
2025-07-29 23:25:30,053 | Meas=25.01 | Ctrl=-2.06 | Model=25.01 | Anom=False
2025-07-29 23:25:31,093 | Meas=24.78 | Ctrl=-1.57 | Model=24.64 | Anom=True
2025-07-29 23:25:32,123 | Meas=25.02 | Ctrl=-2.07 | Model=25.02 | Anom=False
2025-07-29 23:25:33,044 | Meas=25.06 | Ctrl=-2.15 | Model=24.53 | Anom=True
2025-07-29 23:25:34,064 | Meas=25.05 | Ctrl=-2.13 | Model=24.05 | Anom=True
2025-07-29 23:25:35,215 | Meas=24.95 | Ctrl=-1.92 | Model=23.63 | Anom=True
2025-07-29 23:25:36,052 | Meas=25.12 | Ctrl=-2.29 | Model=23.14 | Anom=True
2025-07-29 23:25:37,031 | Meas=25.13 | Ctrl=-2.31 | Model=22.65 | Anom=True
2025-07-29 23:25:37,994 | Meas=25.11 | Ctrl=-2.28 | Model=22.18 | Anom=True
2025-07-29 23:25:39,001 | Meas=25.04 | Ctrl=-2.15 | Model=25.04 | Anom=False
2025-07-29 23:25:40,000 | Meas=25.05 | Ctrl=-2.17 | Model=25.05 | Anom=False
2025-07-29 23:25:40,999 | Meas=25.04 | Ctrl=-2.16 | Model=25.04 | Anom=False
2025-07-29 23:25:42,046 | Meas=25.00 | Ctrl=-2.08 | Model=25.00 | Anom=False
2025-07-29 23:33:18,748 | Meas=24.99 | Ctrl=-2.06 | Model=24.99 | Anom=False
2025-07-29 23:33:19,466 | Meas=24.96 | Ctrl=-1.99 | Model=24.96 | Anom=False
2025-07-29 23:33:20,467 | Meas=25.02 | Ctrl=-2.12 | Model=25.02 | Anom=False
2025-07-29 23:33:21,467 | Meas=25.10 | Ctrl=-2.29 | Model=25.10 | Anom=False
2025-07-29 23:33:22,539 | Meas=24.95 | Ctrl=-1.97 | Model=24.95 | Anom=False
2025-07-29 23:33:23,562 | Meas=24.98 | Ctrl=-2.04 | Model=24.98 | Anom=False
2025-07-29 23:33:24,481 | Meas=25.06 | Ctrl=-2.21 | Model=25.06 | Anom=False
2025-07-29 23:33:25,473 | Meas=25.06 | Ctrl=-2.21 | Model=25.06 | Anom=False
2025-07-29 23:33:26,530 | Meas=25.08 | Ctrl=-2.26 | Model=24.55 | Anom=True
2025-07-29 23:33:27,529 | Meas=25.02 | Ctrl=-2.14 | Model=25.02 | Anom=False
2025-07-29 23:33:28,475 | Meas=24.93 | Ctrl=-1.95 | Model=24.57 | Anom=True
2025-07-29 23:33:29,488 | Meas=25.01 | Ctrl=-2.12 | Model=25.01 | Anom=False
2025-07-29 23:33:30,479 | Meas=25.00 | Ctrl=-2.09 | Model=25.00 | Anom=False
2025-07-29 23:33:31,483 | Meas=24.99 | Ctrl=-2.07 | Model=24.99 | Anom=False
2025-07-29 23:33:32,481 | Meas=24.95 | Ctrl=-1.99 | Model=24.95 | Anom=False
2025-07-29 23:33:33,484 | Meas=25.03 | Ctrl=-2.16 | Model=25.03 | Anom=False
2025-07-29 23:33:34,486 | Meas=25.00 | Ctrl=-2.09 | Model=25.00 | Anom=False
2025-07-29 23:33:35,486 | Meas=25.01 | Ctrl=-2.11 | Model=25.01 | Anom=False
2025-07-29 23:33:36,569 | Meas=25.00 | Ctrl=-2.09 | Model=25.00 | Anom=False
2025-07-29 23:33:37,593 | Meas=25.03 | Ctrl=-2.16 | Model=25.03 | Anom=False
2025-07-29 23:33:38,512 | Meas=24.98 | Ctrl=-2.05 | Model=24.98 | Anom=False
2025-07-29 23:33:39,535 | Meas=24.94 | Ctrl=-1.97 | Model=24.53 | Anom=True
2025-07-29 23:33:40,513 | Meas=24.95 | Ctrl=-1.98 | Model=24.08 | Anom=True
2025-07-29 23:33:41,497 | Meas=25.05 | Ctrl=-2.19 | Model=23.60 | Anom=True
2025-07-29 23:33:42,508 | Meas=24.94 | Ctrl=-1.96 | Model=23.18 | Anom=True
2025-07-29 23:33:43,531 | Meas=25.09 | Ctrl=-2.28 | Model=22.70 | Anom=True
2025-07-29 23:33:44,507 | Meas=25.13 | Ctrl=-2.36 | Model=22.21 | Anom=True
2025-07-29 23:33:45,577 | Meas=24.97 | Ctrl=-2.03 | Model=21.80 | Anom=True
2025-07-29 23:33:46,601 | Meas=25.16 | Ctrl=-2.45 | Model=21.32 | Anom=True
2025-07-29 23:33:47,522 | Meas=25.13 | Ctrl=-2.39 | Model=20.85 | Anom=True
2025-07-29 23:33:48,547 | Meas=25.05 | Ctrl=-2.23 | Model=20.43 | Anom=True
2025-07-29 23:33:49,573 | Meas=31.50 | Ctrl=-16.11 | Model=31.50 | Anom=False
2025-07-29 23:33:50,518 | Meas=31.55 | Ctrl=-16.54 | Model=31.55 | Anom=False
2025-07-29 23:33:51,519 | Meas=31.60 | Ctrl=-17.30 | Model=31.60 | Anom=False
2025-07-29 23:33:52,516 | Meas=25.00 | Ctrl=-3.77 | Model=25.00 | Anom=False
2025-07-29 23:33:53,520 | Meas=25.00 | Ctrl=-4.10 | Model=25.00 | Anom=False
2025-07-29 23:33:54,588 | Meas=24.95 | Ctrl=-3.99 | Model=24.14 | Anom=True
2025-07-29 23:33:55,613 | Meas=24.98 | Ctrl=-4.05 | Model=23.29 | Anom=True
2025-07-29 23:33:56,535 | Meas=24.91 | Ctrl=-3.90 | Model=22.48 | Anom=True
2025-07-29 23:33:57,559 | Meas=25.05 | Ctrl=-4.20 | Model=21.63 | Anom=True
2025-07-29 23:33:58,580 | Meas=25.01 | Ctrl=-4.11 | Model=25.01 | Anom=False
2025-07-29 23:33:59,607 | Meas=25.01 | Ctrl=-4.11 | Model=24.13 | Anom=True
2025-07-29 23:34:00,531 | Meas=25.09 | Ctrl=-4.28 | Model=23.23 | Anom=True
2025-07-29 23:34:01,534 | Meas=25.04 | Ctrl=-4.18 | Model=22.37 | Anom=True
2025-07-29 23:34:02,575 | Meas=25.18 | Ctrl=-4.49 | Model=21.46 | Anom=True
2025-07-29 23:34:03,599 | Meas=25.02 | Ctrl=-4.15 | Model=25.02 | Anom=False
2025-07-29 23:34:04,623 | Meas=25.06 | Ctrl=-4.25 | Model=24.11 | Anom=True
2025-07-29 23:34:05,545 | Meas=25.07 | Ctrl=-4.28 | Model=23.21 | Anom=True
2025-07-29 23:34:06,569 | Meas=25.04 | Ctrl=-4.22 | Model=22.34 | Anom=True
2025-07-29 23:34:07,593 | Meas=25.21 | Ctrl=-4.59 | Model=21.42 | Anom=True
2025-07-29 23:34:08,602 | Meas=24.88 | Ctrl=-3.89 | Model=20.65 | Anom=True
2025-07-29 23:34:09,563 | Meas=25.03 | Ctrl=-4.22 | Model=19.84 | Anom=True
2025-07-29 23:34:10,562 | Meas=25.02 | Ctrl=-4.19 | Model=19.04 | Anom=True
2025-07-29 23:34:11,548 | Meas=25.00 | Ctrl=-4.15 | Model=25.00 | Anom=False
2025-07-29 23:34:12,558 | Meas=25.12 | Ctrl=-4.41 | Model=24.06 | Anom=True
2025-07-29 23:34:13,635 | Meas=25.04 | Ctrl=-4.25 | Model=25.04 | Anom=False
2025-07-29 23:34:14,563 | Meas=25.07 | Ctrl=-4.32 | Model=24.12 | Anom=True
2025-07-29 23:34:15,580 | Meas=24.96 | Ctrl=-4.09 | Model=24.96 | Anom=False
2025-07-29 23:34:16,603 | Meas=24.93 | Ctrl=-4.02 | Model=24.10 | Anom=True
2025-07-29 23:34:17,635 | Meas=25.10 | Ctrl=-4.38 | Model=25.10 | Anom=False
2025-07-29 23:34:18,652 | Meas=25.00 | Ctrl=-4.17 | Model=25.00 | Anom=False
2025-07-29 23:34:19,573 | Meas=25.09 | Ctrl=-4.37 | Model=24.07 | Anom=True
2025-07-29 23:34:20,568 | Meas=25.03 | Ctrl=-4.25 | Model=25.03 | Anom=False
2025-07-29 23:34:21,572 | Meas=25.10 | Ctrl=-4.40 | Model=24.09 | Anom=True
2025-07-29 23:34:22,572 | Meas=25.02 | Ctrl=-4.24 | Model=25.02 | Anom=False
2025-07-29 23:34:23,579 | Meas=25.20 | Ctrl=-4.63 | Model=24.03 | Anom=True
2025-07-29 23:34:24,591 | Meas=25.13 | Ctrl=-4.49 | Model=23.10 | Anom=True
2025-07-29 23:34:25,615 | Meas=24.99 | Ctrl=-4.20 | Model=24.99 | Anom=False
2025-07-29 23:34:26,639 | Meas=25.05 | Ctrl=-4.34 | Model=25.05 | Anom=False
2025-07-29 23:34:27,662 | Meas=25.01 | Ctrl=-4.26 | Model=25.01 | Anom=False
2025-07-29 23:34:28,688 | Meas=24.98 | Ctrl=-4.19 | Model=24.98 | Anom=False
2025-07-29 23:34:29,610 | Meas=25.05 | Ctrl=-4.34 | Model=24.05 | Anom=True
2025-07-29 23:34:30,590 | Meas=24.96 | Ctrl=-4.15 | Model=23.18 | Anom=True
2025-07-29 23:34:31,589 | Meas=24.98 | Ctrl=-4.20 | Model=22.32 | Anom=True
2025-07-29 23:34:32,595 | Meas=24.79 | Ctrl=-3.78 | Model=21.55 | Anom=True
2025-07-29 23:34:33,603 | Meas=25.04 | Ctrl=-4.31 | Model=20.70 | Anom=True
2025-07-29 23:34:34,595 | Meas=25.01 | Ctrl=-4.24 | Model=25.01 | Anom=False
2025-07-29 23:34:35,595 | Meas=25.07 | Ctrl=-4.37 | Model=24.08 | Anom=True
2025-07-29 23:34:36,675 | Meas=25.00 | Ctrl=-4.22 | Model=25.00 | Anom=False
2025-07-29 23:34:37,607 | Meas=25.08 | Ctrl=-4.40 | Model=24.06 | Anom=True
2025-07-29 23:34:38,622 | Meas=25.12 | Ctrl=-4.49 | Model=23.12 | Anom=True
2025-07-29 23:34:39,645 | Meas=25.06 | Ctrl=-4.37 | Model=25.06 | Anom=False
2025-07-29 23:34:40,627 | Meas=25.03 | Ctrl=-4.31 | Model=25.03 | Anom=False
2025-07-29 23:34:41,607 | Meas=25.09 | Ctrl=-4.45 | Model=25.09 | Anom=False
2025-07-29 23:34:42,614 | Meas=25.04 | Ctrl=-4.35 | Model=24.16 | Anom=True
2025-07-29 23:34:43,638 | Meas=25.10 | Ctrl=-4.48 | Model=23.22 | Anom=True
2025-07-29 23:34:44,662 | Meas=25.02 | Ctrl=-4.32 | Model=25.02 | Anom=False
2025-07-29 23:34:45,685 | Meas=25.06 | Ctrl=-4.41 | Model=25.06 | Anom=False
2025-07-29 23:34:46,710 | Meas=25.11 | Ctrl=-4.52 | Model=24.09 | Anom=True
2025-07-29 23:34:47,633 | Meas=25.01 | Ctrl=-4.31 | Model=25.01 | Anom=False
2025-07-29 23:34:48,656 | Meas=25.13 | Ctrl=-4.58 | Model=24.03 | Anom=True
2025-07-29 23:34:49,624 | Meas=25.06 | Ctrl=-4.43 | Model=23.11 | Anom=True
2025-07-29 23:34:50,705 | Meas=25.04 | Ctrl=-4.40 | Model=25.04 | Anom=False
2025-07-29 23:34:51,630 | Meas=25.09 | Ctrl=-4.51 | Model=25.09 | Anom=False
2025-07-29 23:34:52,656 | Meas=25.02 | Ctrl=-4.37 | Model=25.02 | Anom=False
2025-07-29 23:34:53,626 | Meas=25.04 | Ctrl=-4.42 | Model=25.04 | Anom=False
2025-07-29 23:34:54,696 | Meas=25.00 | Ctrl=-4.33 | Model=25.00 | Anom=False
2025-07-29 23:34:55,720 | Meas=25.07 | Ctrl=-4.49 | Model=24.04 | Anom=True
2025-07-29 23:34:56,643 | Meas=25.11 | Ctrl=-4.58 | Model=23.09 | Anom=True
2025-07-29 23:34:57,659 | Meas=25.10 | Ctrl=-4.56 | Model=22.15 | Anom=True
2025-07-29 23:34:58,641 | Meas=25.17 | Ctrl=-4.72 | Model=21.20 | Anom=True
2025-07-29 23:34:59,642 | Meas=25.09 | Ctrl=-4.57 | Model=25.09 | Anom=False
2025-07-29 23:35:00,639 | Meas=25.18 | Ctrl=-4.77 | Model=24.07 | Anom=True
2025-07-29 23:35:01,664 | Meas=25.03 | Ctrl=-4.46 | Model=25.03 | Anom=False
2025-07-29 23:35:02,684 | Meas=25.05 | Ctrl=-4.52 | Model=25.05 | Anom=False
2025-07-29 23:35:03,708 | Meas=25.07 | Ctrl=-4.56 | Model=25.07 | Anom=False
2025-07-29 23:35:04,731 | Meas=24.98 | Ctrl=-4.38 | Model=24.98 | Anom=False
2025-07-29 23:35:05,756 | Meas=24.82 | Ctrl=-4.04 | Model=24.11 | Anom=True
2025-07-29 23:35:06,678 | Meas=25.01 | Ctrl=-4.43 | Model=25.01 | Anom=False
2025-07-29 23:35:07,686 | Meas=25.02 | Ctrl=-4.45 | Model=25.02 | Anom=False
2025-07-29 23:35:08,654 | Meas=25.12 | Ctrl=-4.66 | Model=25.12 | Anom=False
2025-07-29 23:35:09,657 | Meas=25.05 | Ctrl=-4.52 | Model=24.15 | Anom=True
2025-07-29 23:35:10,658 | Meas=25.01 | Ctrl=-4.44 | Model=23.22 | Anom=True
2025-07-29 23:35:11,696 | Meas=24.94 | Ctrl=-4.29 | Model=22.34 | Anom=True
2025-07-29 23:35:12,720 | Meas=25.03 | Ctrl=-4.49 | Model=25.03 | Anom=False
2025-07-29 23:35:13,744 | Meas=25.00 | Ctrl=-4.42 | Model=25.00 | Anom=False
2025-07-29 23:35:14,674 | Meas=24.89 | Ctrl=-4.18 | Model=24.10 | Anom=True
2025-07-29 23:35:15,688 | Meas=25.02 | Ctrl=-4.46 | Model=25.02 | Anom=False
2025-07-29 23:35:16,713 | Meas=25.21 | Ctrl=-4.86 | Model=23.99 | Anom=True
2025-07-29 23:35:17,678 | Meas=24.86 | Ctrl=-4.12 | Model=23.12 | Anom=True
2025-07-29 23:35:18,762 | Meas=24.87 | Ctrl=-4.15 | Model=22.27 | Anom=True
2025-07-29 23:35:19,682 | Meas=24.95 | Ctrl=-4.30 | Model=21.40 | Anom=True
2025-07-29 23:35:20,705 | Meas=25.05 | Ctrl=-4.51 | Model=20.51 | Anom=True
2025-07-29 23:35:21,705 | Meas=24.90 | Ctrl=-4.19 | Model=19.71 | Anom=True
2025-07-29 23:35:22,729 | Meas=25.00 | Ctrl=-4.40 | Model=25.00 | Anom=False
2025-07-29 23:35:23,684 | Meas=25.02 | Ctrl=-4.44 | Model=25.02 | Anom=False
2025-07-29 23:35:24,685 | Meas=25.00 | Ctrl=-4.40 | Model=25.00 | Anom=False
2025-07-29 23:35:25,723 | Meas=25.00 | Ctrl=-4.40 | Model=25.00 | Anom=False
2025-08-01 13:18:34,917 | Meas=25.03 | Ctrl=-0.06 | Model=25.03 | Anom=False
2025-08-01 13:18:35,819 | Meas=25.00 | Ctrl=-0.00 | Model=25.00 | Anom=False
2025-08-01 13:18:36,841 | Meas=25.03 | Ctrl=-0.07 | Model=25.03 | Anom=False
2025-08-01 13:18:37,802 | Meas=25.10 | Ctrl=-0.22 | Model=25.10 | Anom=False
2025-08-01 13:18:38,890 | Meas=25.01 | Ctrl=-0.03 | Model=25.01 | Anom=False
2025-08-01 13:18:39,812 | Meas=25.00 | Ctrl=-0.02 | Model=25.00 | Anom=False
2025-08-01 13:18:40,835 | Meas=25.09 | Ctrl=-0.21 | Model=25.09 | Anom=False
2025-08-01 13:18:41,860 | Meas=25.07 | Ctrl=-0.17 | Model=25.07 | Anom=False
2025-08-01 13:18:42,885 | Meas=25.04 | Ctrl=-0.12 | Model=24.99 | Anom=True
2025-08-01 13:18:43,814 | Meas=24.99 | Ctrl=-0.01 | Model=24.99 | Anom=False
2025-08-01 13:18:44,834 | Meas=24.95 | Ctrl=0.07 | Model=24.94 | Anom=True
2025-08-01 13:18:45,854 | Meas=25.00 | Ctrl=-0.03 | Model=25.00 | Anom=False
2025-08-01 13:18:46,877 | Meas=25.02 | Ctrl=-0.07 | Model=25.02 | Anom=False
2025-08-01 13:18:47,900 | Meas=25.04 | Ctrl=-0.12 | Model=25.04 | Anom=False
2025-08-01 13:18:48,924 | Meas=25.01 | Ctrl=-0.06 | Model=25.01 | Anom=False
2025-08-01 13:18:49,848 | Meas=25.03 | Ctrl=-0.10 | Model=25.03 | Anom=False
2025-08-01 13:18:50,874 | Meas=25.06 | Ctrl=-0.17 | Model=25.06 | Anom=False
2025-08-01 13:18:51,845 | Meas=25.00 | Ctrl=-0.04 | Model=25.00 | Anom=False
2025-08-01 13:18:52,846 | Meas=25.03 | Ctrl=-0.11 | Model=25.03 | Anom=False
2025-08-01 13:18:53,867 | Meas=25.00 | Ctrl=-0.05 | Model=25.00 | Anom=False
2025-08-01 13:18:54,849 | Meas=25.01 | Ctrl=-0.07 | Model=25.01 | Anom=False
2025-08-01 13:18:55,878 | Meas=25.06 | Ctrl=-0.18 | Model=24.91 | Anom=True
2025-08-01 13:18:56,853 | Meas=25.08 | Ctrl=-0.23 | Model=24.81 | Anom=True
2025-08-01 13:18:57,860 | Meas=25.01 | Ctrl=-0.08 | Model=24.74 | Anom=True
2025-08-01 13:18:58,855 | Meas=24.96 | Ctrl=0.02 | Model=24.69 | Anom=True
2025-08-01 13:18:59,860 | Meas=25.13 | Ctrl=-0.34 | Model=24.56 | Anom=True
2025-08-01 13:19:00,858 | Meas=24.99 | Ctrl=-0.05 | Model=24.50 | Anom=True
2025-08-01 13:19:01,860 | Meas=24.77 | Ctrl=0.42 | Model=24.54 | Anom=True
2025-08-01 13:19:02,862 | Meas=24.82 | Ctrl=0.32 | Model=24.55 | Anom=True
2025-08-01 13:19:03,863 | Meas=25.12 | Ctrl=-0.30 | Model=24.44 | Anom=True
2025-08-01 13:19:04,869 | Meas=25.12 | Ctrl=-0.30 | Model=24.33 | Anom=True
2025-08-01 13:19:05,866 | Meas=31.50 | Ctrl=-14.03 | Model=31.50 | Anom=False
2025-08-01 13:19:06,867 | Meas=31.55 | Ctrl=-14.46 | Model=31.55 | Anom=False
2025-08-01 13:19:07,873 | Meas=31.60 | Ctrl=-15.22 | Model=31.60 | Anom=False
2025-08-01 13:19:08,882 | Meas=25.02 | Ctrl=-1.73 | Model=25.02 | Anom=False
2025-08-01 13:19:09,871 | Meas=25.02 | Ctrl=-2.07 | Model=25.02 | Anom=False
2025-08-01 13:19:10,873 | Meas=25.01 | Ctrl=-2.05 | Model=24.55 | Anom=True
2025-08-01 13:19:11,877 | Meas=25.04 | Ctrl=-2.11 | Model=24.08 | Anom=True
2025-08-01 13:19:12,875 | Meas=24.96 | Ctrl=-1.94 | Model=23.65 | Anom=True
2025-08-01 13:19:13,881 | Meas=24.95 | Ctrl=-1.92 | Model=23.23 | Anom=True
2025-08-01 13:19:14,878 | Meas=24.98 | Ctrl=-1.98 | Model=24.98 | Anom=False
2025-08-01 13:19:15,881 | Meas=25.06 | Ctrl=-2.15 | Model=24.49 | Anom=True
2025-08-01 13:19:16,884 | Meas=25.02 | Ctrl=-2.07 | Model=24.03 | Anom=True
2025-08-01 13:19:17,884 | Meas=25.06 | Ctrl=-2.16 | Model=23.56 | Anom=True
2025-08-01 13:19:18,883 | Meas=24.95 | Ctrl=-1.92 | Model=23.14 | Anom=True
2025-08-01 13:19:19,939 | Meas=25.03 | Ctrl=-2.10 | Model=25.03 | Anom=False
2025-08-01 13:19:20,977 | Meas=25.00 | Ctrl=-2.03 | Model=24.56 | Anom=True
2025-08-01 13:19:21,892 | Meas=25.03 | Ctrl=-2.10 | Model=24.09 | Anom=True
2025-08-01 13:19:22,889 | Meas=24.98 | Ctrl=-1.99 | Model=23.65 | Anom=True
2025-08-01 13:19:23,893 | Meas=24.78 | Ctrl=-1.56 | Model=23.31 | Anom=True
2025-08-01 13:19:24,897 | Meas=25.01 | Ctrl=-2.04 | Model=22.87 | Anom=True
2025-08-01 13:19:25,896 | Meas=25.04 | Ctrl=-2.10 | Model=22.44 | Anom=True
2025-08-01 13:19:26,899 | Meas=24.86 | Ctrl=-1.71 | Model=22.08 | Anom=True
2025-08-01 13:19:27,900 | Meas=25.05 | Ctrl=-2.12 | Model=25.05 | Anom=False
2025-08-01 13:19:28,903 | Meas=24.84 | Ctrl=-1.66 | Model=24.66 | Anom=True
2025-08-01 13:19:29,990 | Meas=25.03 | Ctrl=-2.06 | Model=25.03 | Anom=False
2025-08-01 13:19:31,002 | Meas=25.26 | Ctrl=-2.55 | Model=24.46 | Anom=True
2025-08-01 13:19:31,960 | Meas=24.99 | Ctrl=-1.99 | Model=24.99 | Anom=False
2025-08-01 13:19:33,000 | Meas=24.75 | Ctrl=-1.48 | Model=24.63 | Anom=True
2025-08-01 13:19:33,963 | Meas=25.06 | Ctrl=-2.14 | Model=25.06 | Anom=False
2025-08-01 13:19:34,911 | Meas=25.01 | Ctrl=-2.02 | Model=25.01 | Anom=False
2025-08-01 13:19:35,982 | Meas=24.90 | Ctrl=-1.79 | Model=24.59 | Anom=True
2025-08-01 13:19:36,956 | Meas=25.05 | Ctrl=-2.10 | Model=25.05 | Anom=False
2025-08-01 13:19:37,917 | Meas=25.08 | Ctrl=-2.17 | Model=24.56 | Anom=True
2025-08-01 13:19:38,917 | Meas=25.04 | Ctrl=-2.09 | Model=25.04 | Anom=False
2025-08-01 13:19:39,919 | Meas=24.96 | Ctrl=-1.92 | Model=24.60 | Anom=True
2025-08-01 13:19:40,926 | Meas=24.87 | Ctrl=-1.73 | Model=24.20 | Anom=True
2025-08-01 13:19:41,978 | Meas=25.03 | Ctrl=-2.06 | Model=25.03 | Anom=False
2025-08-01 13:19:42,988 | Meas=25.05 | Ctrl=-2.10 | Model=25.05 | Anom=False
2025-08-01 13:19:43,931 | Meas=25.03 | Ctrl=-2.06 | Model=25.03 | Anom=False
2025-08-01 13:19:44,949 | Meas=24.99 | Ctrl=-1.98 | Model=24.99 | Anom=False
2025-08-01 13:19:45,962 | Meas=25.10 | Ctrl=-2.22 | Model=24.49 | Anom=True
2025-08-01 13:19:46,930 | Meas=24.91 | Ctrl=-1.81 | Model=24.07 | Anom=True
2025-08-01 13:19:48,004 | Meas=25.01 | Ctrl=-2.03 | Model=23.63 | Anom=True
2025-08-01 13:19:48,947 | Meas=25.15 | Ctrl=-2.32 | Model=23.13 | Anom=True
2025-08-01 13:19:49,936 | Meas=24.87 | Ctrl=-1.73 | Model=22.76 | Anom=True
2025-08-01 13:19:50,934 | Meas=25.02 | Ctrl=-2.05 | Model=25.02 | Anom=False
2025-08-01 13:19:51,937 | Meas=24.93 | Ctrl=-1.86 | Model=24.59 | Anom=True
2025-08-01 13:19:52,938 | Meas=25.01 | Ctrl=-2.03 | Model=25.01 | Anom=False
2025-08-01 13:19:53,941 | Meas=24.98 | Ctrl=-1.96 | Model=24.56 | Anom=True
2025-08-01 13:19:54,943 | Meas=25.10 | Ctrl=-2.22 | Model=24.06 | Anom=True
2025-08-01 13:19:55,944 | Meas=25.04 | Ctrl=-2.09 | Model=25.04 | Anom=False
2025-08-01 13:19:56,974 | Meas=25.08 | Ctrl=-2.18 | Model=25.08 | Anom=False
2025-08-01 13:19:57,982 | Meas=25.06 | Ctrl=-2.15 | Model=25.06 | Anom=False
2025-08-01 13:19:58,950 | Meas=24.99 | Ctrl=-2.00 | Model=24.60 | Anom=True
2025-08-01 13:19:59,951 | Meas=25.07 | Ctrl=-2.18 | Model=24.11 | Anom=True
2025-08-01 13:20:00,982 | Meas=25.01 | Ctrl=-2.05 | Model=25.01 | Anom=False
2025-08-01 13:20:01,957 | Meas=25.03 | Ctrl=-2.10 | Model=25.03 | Anom=False
2025-08-01 13:20:02,956 | Meas=25.09 | Ctrl=-2.23 | Model=24.52 | Anom=True
2025-08-01 13:20:03,956 | Meas=24.99 | Ctrl=-2.02 | Model=24.99 | Anom=False
2025-08-01 13:20:04,959 | Meas=25.03 | Ctrl=-2.11 | Model=24.51 | Anom=True
2025-08-01 13:20:05,961 | Meas=25.14 | Ctrl=-2.35 | Model=23.99 | Anom=True
2025-08-01 13:20:06,962 | Meas=25.04 | Ctrl=-2.14 | Model=25.04 | Anom=False
2025-08-01 13:20:07,964 | Meas=25.08 | Ctrl=-2.24 | Model=25.08 | Anom=False
2025-08-01 13:20:08,966 | Meas=25.02 | Ctrl=-2.11 | Model=25.02 | Anom=False
2025-08-01 13:20:10,015 | Meas=25.04 | Ctrl=-2.16 | Model=25.04 | Anom=False
2025-08-01 13:20:10,970 | Meas=25.01 | Ctrl=-2.10 | Model=25.01 | Anom=False
2025-08-01 13:20:11,973 | Meas=25.00 | Ctrl=-2.08 | Model=24.53 | Anom=True
2025-08-01 13:20:12,970 | Meas=25.05 | Ctrl=-2.19 | Model=24.05 | Anom=True
2025-08-01 13:20:14,021 | Meas=24.98 | Ctrl=-2.04 | Model=23.60 | Anom=True
2025-08-01 13:20:14,978 | Meas=25.21 | Ctrl=-2.54 | Model=23.06 | Anom=True
2025-08-01 13:20:15,976 | Meas=25.07 | Ctrl=-2.25 | Model=25.07 | Anom=False
2025-08-01 13:20:16,991 | Meas=25.01 | Ctrl=-2.13 | Model=24.58 | Anom=True
2025-08-01 13:20:17,988 | Meas=25.04 | Ctrl=-2.20 | Model=25.04 | Anom=False
2025-08-01 13:20:18,976 | Meas=24.96 | Ctrl=-2.03 | Model=24.96 | Anom=False
2025-08-01 13:20:19,978 | Meas=24.98 | Ctrl=-2.07 | Model=24.98 | Anom=False
2025-08-01 13:20:20,984 | Meas=24.99 | Ctrl=-2.09 | Model=24.99 | Anom=False
2025-08-01 13:20:21,984 | Meas=24.98 | Ctrl=-2.07 | Model=24.52 | Anom=True
2025-08-01 13:20:22,983 | Meas=24.98 | Ctrl=-2.07 | Model=24.98 | Anom=False
2025-08-01 13:20:23,983 | Meas=25.05 | Ctrl=-2.21 | Model=25.05 | Anom=False
2025-08-01 13:20:24,986 | Meas=25.05 | Ctrl=-2.22 | Model=25.05 | Anom=False
2025-08-01 13:20:25,985 | Meas=25.17 | Ctrl=-2.48 | Model=24.49 | Anom=True
2025-08-01 13:20:26,985 | Meas=24.91 | Ctrl=-1.93 | Model=24.06 | Anom=True
2025-08-01 13:20:27,988 | Meas=24.98 | Ctrl=-2.09 | Model=23.60 | Anom=True
2025-08-01 13:20:28,989 | Meas=25.07 | Ctrl=-2.27 | Model=25.07 | Anom=False
2025-08-01 13:20:29,989 | Meas=25.03 | Ctrl=-2.19 | Model=25.03 | Anom=False
2025-08-01 13:20:30,990 | Meas=24.95 | Ctrl=-2.02 | Model=24.56 | Anom=True
2025-08-01 13:20:31,992 | Meas=25.05 | Ctrl=-2.24 | Model=25.05 | Anom=False
2025-08-01 13:20:32,993 | Meas=24.94 | Ctrl=-2.00 | Model=24.59 | Anom=True
2025-08-01 13:20:33,995 | Meas=24.98 | Ctrl=-2.09 | Model=24.12 | Anom=True
2025-08-01 13:20:34,996 | Meas=25.18 | Ctrl=-2.51 | Model=23.58 | Anom=True
2025-08-01 13:20:36,022 | Meas=25.04 | Ctrl=-2.22 | Model=23.10 | Anom=True
2025-08-01 13:20:37,042 | Meas=24.97 | Ctrl=-2.08 | Model=22.66 | Anom=True
2025-08-01 13:20:38,032 | Meas=24.91 | Ctrl=-1.95 | Model=22.26 | Anom=True
2025-08-01 13:20:39,061 | Meas=24.98 | Ctrl=-2.10 | Model=24.98 | Anom=False
2025-08-01 13:20:40,032 | Meas=24.98 | Ctrl=-2.09 | Model=24.98 | Anom=False
2025-08-01 13:20:41,036 | Meas=24.95 | Ctrl=-2.02 | Model=24.95 | Anom=False
2025-08-01 13:20:42,034 | Meas=24.97 | Ctrl=-2.06 | Model=24.97 | Anom=False
2025-08-01 14:29:04,038 | Meas=25.02 | Ctrl=-0.04 | Model=25.02 | Anom=False
2025-08-01 14:29:04,888 | Meas=25.01 | Ctrl=-0.02 | Model=25.01 | Anom=False
2025-08-01 14:29:05,958 | Meas=25.02 | Ctrl=-0.05 | Model=25.02 | Anom=False
2025-08-01 14:29:07,066 | Meas=25.09 | Ctrl=-0.20 | Model=25.09 | Anom=False
2025-08-01 14:29:08,009 | Meas=24.96 | Ctrl=0.08 | Model=24.96 | Anom=False
2025-08-01 14:29:08,928 | Meas=24.97 | Ctrl=0.05 | Model=24.97 | Anom=False
2025-08-01 14:29:09,958 | Meas=25.07 | Ctrl=-0.16 | Model=25.07 | Anom=False
2025-08-01 14:29:10,887 | Meas=25.05 | Ctrl=-0.12 | Model=25.05 | Anom=False
2025-08-01 14:29:11,900 | Meas=24.94 | Ctrl=0.11 | Model=25.01 | Anom=True
2025-08-01 14:29:12,893 | Meas=25.04 | Ctrl=-0.10 | Model=25.04 | Anom=False
2025-08-01 14:29:13,900 | Meas=25.15 | Ctrl=-0.34 | Model=24.91 | Anom=True
2025-08-01 14:29:14,891 | Meas=24.99 | Ctrl=-0.00 | Model=24.99 | Anom=False
2025-08-01 14:29:15,893 | Meas=25.00 | Ctrl=-0.03 | Model=25.00 | Anom=False
2025-08-01 14:29:16,895 | Meas=25.00 | Ctrl=-0.03 | Model=25.00 | Anom=False
2025-08-01 14:29:17,896 | Meas=24.99 | Ctrl=-0.01 | Model=24.99 | Anom=False
2025-08-01 14:29:19,061 | Meas=25.07 | Ctrl=-0.18 | Model=25.07 | Anom=False
2025-08-01 14:29:19,988 | Meas=25.05 | Ctrl=-0.14 | Model=25.05 | Anom=False
2025-08-01 14:29:20,920 | Meas=25.05 | Ctrl=-0.15 | Model=25.05 | Anom=False
2025-08-01 14:29:21,907 | Meas=25.02 | Ctrl=-0.09 | Model=25.02 | Anom=False
2025-08-01 14:29:23,060 | Meas=25.02 | Ctrl=-0.09 | Model=25.02 | Anom=False
2025-08-01 14:29:23,907 | Meas=24.98 | Ctrl=-0.01 | Model=24.98 | Anom=False
2025-08-01 14:29:25,004 | Meas=25.01 | Ctrl=-0.07 | Model=24.91 | Anom=True
2025-08-01 14:29:26,031 | Meas=25.01 | Ctrl=-0.07 | Model=24.83 | Anom=True
2025-08-01 14:29:26,950 | Meas=24.98 | Ctrl=-0.01 | Model=24.78 | Anom=True
2025-08-01 14:29:28,078 | Meas=25.03 | Ctrl=-0.11 | Model=24.70 | Anom=True
2025-08-01 14:29:28,920 | Meas=24.80 | Ctrl=0.38 | Model=24.72 | Anom=True
2025-08-01 14:29:30,290 | Meas=24.91 | Ctrl=0.15 | Model=24.70 | Anom=True
2025-08-01 14:29:30,943 | Meas=24.94 | Ctrl=0.10 | Model=24.66 | Anom=True
2025-08-01 14:29:31,967 | Meas=25.07 | Ctrl=-0.17 | Model=24.57 | Anom=True
2025-08-01 14:29:33,097 | Meas=25.18 | Ctrl=-0.41 | Model=24.44 | Anom=True
2025-08-01 14:29:33,944 | Meas=25.00 | Ctrl=-0.03 | Model=24.39 | Anom=True
2025-08-01 14:29:34,938 | Meas=31.50 | Ctrl=-14.02 | Model=31.50 | Anom=False
2025-08-01 14:29:36,065 | Meas=31.55 | Ctrl=-14.45 | Model=31.55 | Anom=False
2025-08-01 14:29:36,985 | Meas=31.60 | Ctrl=-15.21 | Model=31.60 | Anom=False
2025-08-01 14:29:38,011 | Meas=25.02 | Ctrl=-1.72 | Model=25.02 | Anom=False
2025-08-01 14:29:38,954 | Meas=25.02 | Ctrl=-2.05 | Model=25.02 | Anom=False
2025-08-01 14:29:40,071 | Meas=24.98 | Ctrl=-1.97 | Model=24.57 | Anom=True
2025-08-01 14:29:40,959 | Meas=25.02 | Ctrl=-2.05 | Model=24.10 | Anom=True
2025-08-01 14:29:42,210 | Meas=25.04 | Ctrl=-2.10 | Model=23.64 | Anom=True
2025-08-01 14:29:43,135 | Meas=24.96 | Ctrl=-1.93 | Model=23.22 | Anom=True
2025-08-01 14:29:43,958 | Meas=25.03 | Ctrl=-2.08 | Model=25.03 | Anom=False
2025-08-01 14:29:44,973 | Meas=25.07 | Ctrl=-2.16 | Model=24.54 | Anom=True
2025-08-01 14:29:46,102 | Meas=24.91 | Ctrl=-1.82 | Model=24.12 | Anom=True
2025-08-01 14:29:47,022 | Meas=24.99 | Ctrl=-1.99 | Model=23.68 | Anom=True
2025-08-01 14:29:48,045 | Meas=24.94 | Ctrl=-1.88 | Model=23.27 | Anom=True
2025-08-01 14:29:48,967 | Meas=25.00 | Ctrl=-2.01 | Model=25.00 | Anom=False
2025-08-01 14:29:49,996 | Meas=25.01 | Ctrl=-2.03 | Model=24.53 | Anom=True
2025-08-01 14:29:51,089 | Meas=24.86 | Ctrl=-1.70 | Model=24.14 | Anom=True
2025-08-01 14:29:52,041 | Meas=24.81 | Ctrl=-1.59 | Model=23.78 | Anom=True
2025-08-01 14:29:53,069 | Meas=25.04 | Ctrl=-2.07 | Model=23.33 | Anom=True
2025-08-01 14:29:54,025 | Meas=25.08 | Ctrl=-2.15 | Model=22.88 | Anom=True
2025-08-01 14:29:55,120 | Meas=24.81 | Ctrl=-1.57 | Model=22.54 | Anom=True
2025-08-01 14:29:55,987 | Meas=25.13 | Ctrl=-2.25 | Model=22.08 | Anom=True
2025-08-01 14:29:56,995 | Meas=25.02 | Ctrl=-2.02 | Model=25.02 | Anom=False
2025-08-01 14:29:57,987 | Meas=24.92 | Ctrl=-1.81 | Model=24.60 | Anom=True
2025-08-01 14:29:58,984 | Meas=25.03 | Ctrl=-2.04 | Model=25.03 | Anom=False
2025-08-01 14:29:59,989 | Meas=25.03 | Ctrl=-2.04 | Model=24.56 | Anom=True
2025-08-01 14:30:01,075 | Meas=24.98 | Ctrl=-1.93 | Model=24.98 | Anom=False
2025-08-01 14:30:02,077 | Meas=24.99 | Ctrl=-1.96 | Model=24.53 | Anom=True
2025-08-01 14:30:03,001 | Meas=25.10 | Ctrl=-2.19 | Model=25.10 | Anom=False
2025-08-01 14:30:04,022 | Meas=25.01 | Ctrl=-2.00 | Model=25.01 | Anom=False
2025-08-01 14:30:05,047 | Meas=24.93 | Ctrl=-1.84 | Model=24.58 | Anom=True
2025-08-01 14:30:06,074 | Meas=25.06 | Ctrl=-2.11 | Model=25.06 | Anom=False
2025-08-01 14:30:07,093 | Meas=24.93 | Ctrl=-1.83 | Model=24.63 | Anom=True
2025-08-01 14:30:08,013 | Meas=25.03 | Ctrl=-2.05 | Model=25.03 | Anom=False
2025-08-01 14:30:09,109 | Meas=25.07 | Ctrl=-2.13 | Model=24.54 | Anom=True
2025-08-01 14:30:10,065 | Meas=25.10 | Ctrl=-2.20 | Model=24.05 | Anom=True
2025-08-01 14:30:11,495 | Meas=25.01 | Ctrl=-2.02 | Model=25.01 | Anom=False
2025-08-01 14:30:12,109 | Meas=25.03 | Ctrl=-2.06 | Model=25.03 | Anom=False
2025-08-01 14:30:13,131 | Meas=25.03 | Ctrl=-2.07 | Model=25.03 | Anom=False
2025-08-01 14:30:14,134 | Meas=25.00 | Ctrl=-2.00 | Model=25.00 | Anom=False
2025-08-01 14:30:15,078 | Meas=24.99 | Ctrl=-1.98 | Model=24.54 | Anom=True
2025-08-01 14:30:16,035 | Meas=25.04 | Ctrl=-2.09 | Model=24.07 | Anom=True
2025-08-01 14:30:17,130 | Meas=24.83 | Ctrl=-1.64 | Model=23.70 | Anom=True
2025-08-01 14:30:18,048 | Meas=25.01 | Ctrl=-2.02 | Model=23.27 | Anom=True
2025-08-01 14:30:19,073 | Meas=25.16 | Ctrl=-2.34 | Model=22.77 | Anom=True
2025-08-01 14:30:20,095 | Meas=25.01 | Ctrl=-2.02 | Model=25.01 | Anom=False
2025-08-01 14:30:21,119 | Meas=24.92 | Ctrl=-1.84 | Model=24.58 | Anom=True
2025-08-01 14:30:22,145 | Meas=25.01 | Ctrl=-2.03 | Model=25.01 | Anom=False
2025-08-01 14:30:23,068 | Meas=24.98 | Ctrl=-1.96 | Model=24.56 | Anom=True
2025-08-01 14:30:24,093 | Meas=24.88 | Ctrl=-1.74 | Model=24.16 | Anom=True
2025-08-01 14:30:25,114 | Meas=25.06 | Ctrl=-2.12 | Model=25.06 | Anom=False
2025-08-01 14:30:26,079 | Meas=25.05 | Ctrl=-2.10 | Model=25.05 | Anom=False
2025-08-01 14:30:27,160 | Meas=25.03 | Ctrl=-2.06 | Model=25.03 | Anom=False
2025-08-01 14:30:28,088 | Meas=25.10 | Ctrl=-2.22 | Model=24.53 | Anom=True
2025-08-01 14:30:29,110 | Meas=24.97 | Ctrl=-1.94 | Model=24.09 | Anom=True
2025-08-01 14:30:30,139 | Meas=25.05 | Ctrl=-2.12 | Model=25.05 | Anom=False
2025-08-01 14:30:31,116 | Meas=25.07 | Ctrl=-2.16 | Model=25.07 | Anom=False
2025-08-01 14:30:32,100 | Meas=24.96 | Ctrl=-1.93 | Model=24.62 | Anom=True
2025-08-01 14:30:33,102 | Meas=24.98 | Ctrl=-1.98 | Model=24.98 | Anom=False
2025-08-01 14:30:34,137 | Meas=25.10 | Ctrl=-2.23 | Model=24.47 | Anom=True
2025-08-01 14:30:35,149 | Meas=25.06 | Ctrl=-2.15 | Model=23.99 | Anom=True
2025-08-01 14:30:36,171 | Meas=25.04 | Ctrl=-2.12 | Model=25.04 | Anom=False
2025-08-01 14:30:37,095 | Meas=25.07 | Ctrl=-2.18 | Model=25.07 | Anom=False
2025-08-01 14:30:38,231 | Meas=24.97 | Ctrl=-1.97 | Model=24.97 | Anom=False
2025-08-01 14:30:39,570 | Meas=25.08 | Ctrl=-2.21 | Model=25.08 | Anom=False
2025-08-01 14:30:40,184 | Meas=25.02 | Ctrl=-2.09 | Model=25.02 | Anom=False
2025-08-01 14:30:41,137 | Meas=24.93 | Ctrl=-1.90 | Model=24.58 | Anom=True
2025-08-01 14:30:42,237 | Meas=24.99 | Ctrl=-2.02 | Model=24.12 | Anom=True
2025-08-01 14:30:43,166 | Meas=24.91 | Ctrl=-1.85 | Model=23.71 | Anom=True
2025-08-01 14:30:44,170 | Meas=24.94 | Ctrl=-1.91 | Model=23.30 | Anom=True
2025-08-01 14:30:45,184 | Meas=25.09 | Ctrl=-2.22 | Model=25.09 | Anom=False
2025-08-01 14:30:46,142 | Meas=24.97 | Ctrl=-1.97 | Model=24.63 | Anom=True
2025-08-01 14:30:47,339 | Meas=25.05 | Ctrl=-2.14 | Model=25.05 | Anom=False
2025-08-01 14:30:48,167 | Meas=24.98 | Ctrl=-1.99 | Model=24.98 | Anom=False
2025-08-01 14:30:49,176 | Meas=24.96 | Ctrl=-1.95 | Model=24.96 | Anom=False
2025-08-01 14:30:50,206 | Meas=24.99 | Ctrl=-2.01 | Model=24.99 | Anom=False
2025-08-01 14:30:51,124 | Meas=24.95 | Ctrl=-1.92 | Model=24.55 | Anom=True
2025-08-01 14:30:52,119 | Meas=25.02 | Ctrl=-2.07 | Model=25.02 | Anom=False
2025-08-01 14:30:53,168 | Meas=25.04 | Ctrl=-2.11 | Model=25.04 | Anom=False
2025-08-01 14:30:54,148 | Meas=25.10 | Ctrl=-2.25 | Model=25.10 | Anom=False
2025-08-01 14:30:55,231 | Meas=25.21 | Ctrl=-2.49 | Model=24.54 | Anom=True
2025-08-01 14:30:56,151 | Meas=24.90 | Ctrl=-1.84 | Model=24.12 | Anom=True
2025-08-01 14:30:57,127 | Meas=24.88 | Ctrl=-1.80 | Model=23.72 | Anom=True
2025-08-01 14:30:58,194 | Meas=25.09 | Ctrl=-2.24 | Model=25.09 | Anom=False
2025-08-01 14:30:59,165 | Meas=25.01 | Ctrl=-2.07 | Model=25.01 | Anom=False
2025-08-01 14:31:00,268 | Meas=25.04 | Ctrl=-2.14 | Model=24.52 | Anom=True
2025-08-01 14:31:01,264 | Meas=25.04 | Ctrl=-2.14 | Model=25.04 | Anom=False
2025-08-01 14:31:02,182 | Meas=25.08 | Ctrl=-2.23 | Model=24.53 | Anom=True
2025-08-01 14:31:03,207 | Meas=25.05 | Ctrl=-2.17 | Model=24.05 | Anom=True
2025-08-01 14:31:04,148 | Meas=25.09 | Ctrl=-2.26 | Model=23.56 | Anom=True
2025-08-01 14:31:05,188 | Meas=25.06 | Ctrl=-2.21 | Model=23.08 | Anom=True
2025-08-01 14:31:06,145 | Meas=24.89 | Ctrl=-1.85 | Model=22.69 | Anom=True
2025-08-01 14:31:07,200 | Meas=24.92 | Ctrl=-1.91 | Model=22.30 | Anom=True
2025-08-01 14:31:08,150 | Meas=25.02 | Ctrl=-2.12 | Model=25.02 | Anom=False
2025-08-01 14:31:09,158 | Meas=25.02 | Ctrl=-2.11 | Model=25.02 | Anom=False
2025-08-01 14:31:10,194 | Meas=25.02 | Ctrl=-2.11 | Model=25.02 | Anom=False
2025-08-01 14:31:11,160 | Meas=24.97 | Ctrl=-2.01 | Model=24.97 | Anom=False
