2025-08-06 22:07:03,536 | Meas=24.99 | Ctrl=0.02 | Model=24.99 | Anom=False
2025-08-06 22:07:04,523 | Meas=25.00 | Ctrl=0.00 | Model=25.00 | Anom=False
2025-08-06 22:07:05,524 | Meas=24.98 | Ctrl=0.04 | Model=24.98 | Anom=False
2025-08-06 22:07:06,528 | Meas=25.01 | Ctrl=-0.02 | Model=25.01 | Anom=False
2025-08-06 22:07:07,526 | Meas=25.03 | Ctrl=-0.06 | Model=25.03 | Anom=False
2025-08-06 22:07:08,532 | Meas=25.03 | Ctrl=-0.06 | Model=25.03 | Anom=False
2025-08-06 22:07:09,534 | Meas=24.99 | Ctrl=0.02 | Model=24.99 | Anom=False
2025-08-06 22:07:10,537 | Meas=25.03 | Ctrl=-0.07 | Model=25.03 | Anom=False
2025-08-06 22:07:11,535 | Meas=24.97 | Ctrl=0.06 | Model=24.98 | Anom=True
2025-08-06 22:07:12,540 | Meas=25.01 | Ctrl=-0.03 | Model=25.01 | Anom=False
2025-08-06 22:07:13,548 | Meas=24.93 | Ctrl=0.15 | Model=24.98 | Anom=True
2025-08-06 22:07:14,544 | Meas=25.02 | Ctrl=-0.04 | Model=24.91 | Anom=True
2025-08-06 22:07:15,545 | Meas=25.15 | Ctrl=-0.32 | Model=24.79 | Anom=True
2025-08-06 22:07:16,544 | Meas=25.04 | Ctrl=-0.09 | Model=24.71 | Anom=True
2025-08-06 22:07:17,549 | Meas=24.89 | Ctrl=0.22 | Model=24.70 | Anom=True
2025-08-06 22:07:18,548 | Meas=24.97 | Ctrl=0.05 | Model=24.66 | Anom=True
2025-08-06 22:07:19,550 | Meas=25.00 | Ctrl=-0.01 | Model=24.61 | Anom=True
2025-08-06 22:07:20,557 | Meas=25.07 | Ctrl=-0.15 | Model=24.52 | Anom=True
2025-08-06 22:07:21,555 | Meas=25.20 | Ctrl=-0.44 | Model=24.39 | Anom=True
2025-08-06 22:07:22,561 | Meas=24.97 | Ctrl=0.04 | Model=24.35 | Anom=True
2025-08-06 22:07:23,565 | Meas=24.92 | Ctrl=0.14 | Model=24.33 | Anom=True
2025-08-06 22:07:24,563 | Meas=25.02 | Ctrl=-0.07 | Model=24.27 | Anom=True
2025-08-06 22:07:25,570 | Meas=25.00 | Ctrl=-0.02 | Model=25.00 | Anom=False
2025-08-06 22:07:26,574 | Meas=25.00 | Ctrl=-0.02 | Model=25.00 | Anom=False
2025-08-06 22:07:27,578 | Meas=24.97 | Ctrl=0.04 | Model=24.97 | Anom=False
2025-08-06 22:07:28,580 | Meas=25.02 | Ctrl=-0.06 | Model=25.02 | Anom=False
2025-08-06 22:07:29,577 | Meas=30.80 | Ctrl=-12.49 | Model=30.80 | Anom=False
2025-08-06 22:07:30,585 | Meas=31.00 | Ctrl=-13.21 | Model=31.00 | Anom=False
2025-08-06 22:07:31,584 | Meas=31.20 | Ctrl=-14.23 | Model=31.20 | Anom=False
2025-08-06 22:07:32,590 | Meas=31.60 | Ctrl=-15.70 | Model=31.60 | Anom=False
2025-08-06 22:07:33,596 | Meas=31.50 | Ctrl=-16.13 | Model=31.50 | Anom=False
2025-08-06 22:07:34,589 | Meas=32.40 | Ctrl=-18.72 | Model=32.40 | Anom=False
2025-08-06 22:07:35,598 | Meas=30.90 | Ctrl=-16.19 | Model=30.90 | Anom=False
2025-08-06 22:07:36,602 | Meas=30.93 | Ctrl=-16.92 | Model=30.93 | Anom=False
2025-08-06 22:07:37,607 | Meas=30.90 | Ctrl=-17.44 | Model=30.90 | Anom=False
2025-08-06 22:07:38,610 | Meas=29.95 | Ctrl=-15.99 | Model=29.95 | Anom=False
2025-08-06 22:07:39,610 | Meas=25.20 | Ctrl=-6.32 | Model=28.53 | Anom=True
2025-08-06 22:07:40,619 | Meas=24.95 | Ctrl=-6.04 | Model=27.19 | Anom=True
2025-08-06 22:07:41,620 | Meas=25.07 | Ctrl=-6.31 | Model=25.82 | Anom=True
2025-08-06 22:07:42,626 | Meas=25.14 | Ctrl=-6.46 | Model=24.45 | Anom=True
2025-08-06 22:07:43,629 | Meas=24.91 | Ctrl=-5.97 | Model=23.21 | Anom=True
2025-08-06 22:07:44,632 | Meas=25.07 | Ctrl=-6.32 | Model=21.92 | Anom=True
2025-08-06 22:07:45,636 | Meas=24.96 | Ctrl=-6.08 | Model=20.71 | Anom=True
2025-08-06 22:07:46,635 | Meas=27.99 | Ctrl=-12.60 | Model=27.99 | Anom=False
2025-08-06 22:07:47,642 | Meas=31.00 | Ctrl=-19.22 | Model=31.00 | Anom=False
2025-08-06 22:07:48,647 | Meas=25.00 | Ctrl=-6.77 | Model=25.00 | Anom=False
2025-08-06 22:07:49,655 | Meas=25.00 | Ctrl=-7.07 | Model=25.00 | Anom=False
2025-08-06 22:07:50,656 | Meas=25.01 | Ctrl=-7.09 | Model=25.01 | Anom=False
2025-08-06 22:25:03,246 | Meas=24.99 | Ctrl=0.02 | Model=24.99 | Anom=False
2025-08-06 22:25:04,249 | Meas=25.04 | Ctrl=-0.09 | Model=25.04 | Anom=False
2025-08-06 22:25:05,254 | Meas=24.96 | Ctrl=0.08 | Model=24.96 | Anom=False
2025-08-06 22:25:06,255 | Meas=25.05 | Ctrl=-0.11 | Model=25.05 | Anom=False
2025-08-06 22:25:07,254 | Meas=25.02 | Ctrl=-0.04 | Model=25.02 | Anom=False
2025-08-06 22:25:08,261 | Meas=25.05 | Ctrl=-0.11 | Model=25.05 | Anom=False
2025-08-06 22:25:09,255 | Meas=24.94 | Ctrl=0.12 | Model=24.94 | Anom=False
2025-08-06 22:25:10,258 | Meas=25.04 | Ctrl=-0.09 | Model=25.04 | Anom=False
2025-08-06 22:25:11,265 | Meas=24.87 | Ctrl=0.27 | Model=25.03 | Anom=True
2025-08-06 22:25:12,264 | Meas=24.99 | Ctrl=0.02 | Model=24.99 | Anom=False
2025-08-06 22:25:13,270 | Meas=25.10 | Ctrl=-0.21 | Model=24.89 | Anom=True
2025-08-06 22:25:14,274 | Meas=25.00 | Ctrl=0.00 | Model=24.83 | Anom=True
2025-08-06 22:25:15,277 | Meas=25.00 | Ctrl=-0.01 | Model=24.77 | Anom=True
2025-08-06 22:25:16,280 | Meas=24.87 | Ctrl=0.27 | Model=24.77 | Anom=True
2025-08-06 22:25:17,275 | Meas=25.04 | Ctrl=-0.08 | Model=24.70 | Anom=True
2025-08-06 22:25:18,282 | Meas=24.98 | Ctrl=0.05 | Model=24.66 | Anom=True
2025-08-06 22:25:19,286 | Meas=25.10 | Ctrl=-0.21 | Model=24.56 | Anom=True
2025-08-06 22:25:20,288 | Meas=25.01 | Ctrl=-0.02 | Model=24.51 | Anom=True
2025-08-06 22:25:21,289 | Meas=24.96 | Ctrl=0.08 | Model=24.47 | Anom=True
2025-08-06 22:25:22,292 | Meas=25.04 | Ctrl=-0.09 | Model=24.40 | Anom=True
2025-08-06 22:25:23,295 | Meas=25.05 | Ctrl=-0.11 | Model=24.33 | Anom=True
2025-08-06 22:25:24,296 | Meas=25.00 | Ctrl=-0.01 | Model=24.29 | Anom=True
2025-08-06 22:25:25,300 | Meas=25.03 | Ctrl=-0.07 | Model=25.03 | Anom=False
2025-08-06 22:25:26,303 | Meas=25.00 | Ctrl=-0.01 | Model=25.00 | Anom=False
2025-08-06 22:25:27,306 | Meas=25.01 | Ctrl=-0.03 | Model=25.01 | Anom=False
2025-08-06 22:25:28,308 | Meas=25.01 | Ctrl=-0.04 | Model=25.01 | Anom=False
2025-08-06 22:25:29,310 | Meas=30.80 | Ctrl=-12.48 | Model=30.80 | Anom=False
2025-08-06 22:25:30,319 | Meas=31.00 | Ctrl=-13.21 | Model=31.00 | Anom=False
2025-08-06 22:25:31,321 | Meas=31.20 | Ctrl=-14.22 | Model=31.20 | Anom=False
2025-08-06 22:25:32,318 | Meas=31.60 | Ctrl=-15.70 | Model=31.60 | Anom=False
2025-08-06 22:25:33,322 | Meas=31.50 | Ctrl=-16.12 | Model=31.50 | Anom=False
2025-08-06 22:25:34,323 | Meas=32.40 | Ctrl=-18.71 | Model=32.40 | Anom=False
2025-08-06 22:25:35,327 | Meas=30.90 | Ctrl=-16.18 | Model=30.90 | Anom=False
2025-08-06 22:25:36,327 | Meas=30.93 | Ctrl=-16.91 | Model=30.93 | Anom=False
2025-08-06 22:25:37,330 | Meas=30.90 | Ctrl=-17.44 | Model=30.90 | Anom=False
2025-08-06 22:25:38,334 | Meas=29.89 | Ctrl=-15.86 | Model=29.89 | Anom=False
2025-08-06 22:25:39,335 | Meas=25.04 | Ctrl=-5.97 | Model=28.54 | Anom=True
2025-08-06 22:25:40,338 | Meas=24.82 | Ctrl=-5.74 | Model=27.26 | Anom=True
2025-08-06 22:25:41,337 | Meas=24.71 | Ctrl=-5.50 | Model=26.05 | Anom=True
2025-08-06 22:25:42,341 | Meas=25.09 | Ctrl=-6.29 | Model=24.71 | Anom=True
2025-08-06 22:25:43,341 | Meas=24.89 | Ctrl=-5.85 | Model=23.49 | Anom=True
2025-08-06 22:25:44,342 | Meas=24.91 | Ctrl=-5.89 | Model=22.28 | Anom=True
2025-08-06 22:25:45,345 | Meas=24.98 | Ctrl=-6.03 | Model=21.07 | Anom=True
2025-08-06 22:25:46,348 | Meas=28.00 | Ctrl=-12.52 | Model=28.00 | Anom=False
2025-08-06 22:25:47,353 | Meas=31.00 | Ctrl=-19.12 | Model=31.00 | Anom=False
2025-08-06 22:25:48,354 | Meas=24.99 | Ctrl=-6.65 | Model=24.99 | Anom=False
2025-08-06 22:25:49,352 | Meas=25.00 | Ctrl=-6.97 | Model=25.00 | Anom=False
2025-08-06 22:25:50,354 | Meas=24.99 | Ctrl=-6.95 | Model=24.99 | Anom=False
2025-08-07 19:10:43,515 | Meas=24.99 | Ctrl=0.02 | Model=24.99 | Anom=False
2025-08-07 19:10:44,517 | Meas=24.98 | Ctrl=0.04 | Model=24.98 | Anom=False
2025-08-07 19:10:45,516 | Meas=24.96 | Ctrl=0.09 | Model=24.96 | Anom=False
2025-08-07 19:10:46,513 | Meas=25.04 | Ctrl=-0.08 | Model=25.04 | Anom=False
2025-08-07 19:10:47,521 | Meas=25.03 | Ctrl=-0.06 | Model=25.03 | Anom=False
2025-08-07 19:10:48,519 | Meas=25.06 | Ctrl=-0.13 | Model=25.06 | Anom=False
2025-08-07 19:10:49,525 | Meas=25.01 | Ctrl=-0.02 | Model=25.01 | Anom=False
2025-08-07 19:10:50,529 | Meas=25.03 | Ctrl=-0.07 | Model=25.03 | Anom=False
2025-08-07 19:10:51,524 | Meas=25.08 | Ctrl=-0.18 | Model=24.93 | Anom=True
2025-08-07 19:10:52,530 | Meas=25.00 | Ctrl=-0.01 | Model=25.00 | Anom=False
2025-08-07 19:10:53,532 | Meas=24.93 | Ctrl=0.13 | Model=24.97 | Anom=True
2025-08-07 19:10:54,533 | Meas=25.09 | Ctrl=-0.21 | Model=24.87 | Anom=True
2025-08-07 19:10:55,531 | Meas=25.02 | Ctrl=-0.06 | Model=24.80 | Anom=True
2025-08-07 19:10:56,532 | Meas=25.11 | Ctrl=-0.26 | Model=24.69 | Anom=True
2025-08-07 19:10:57,536 | Meas=25.00 | Ctrl=-0.03 | Model=24.63 | Anom=True
2025-08-07 19:10:58,540 | Meas=25.19 | Ctrl=-0.44 | Model=24.49 | Anom=True
2025-08-07 19:10:59,539 | Meas=25.09 | Ctrl=-0.24 | Model=24.39 | Anom=True
2025-08-07 19:11:00,544 | Meas=25.09 | Ctrl=-0.25 | Model=24.29 | Anom=True
2025-08-07 19:11:01,546 | Meas=24.90 | Ctrl=0.15 | Model=24.28 | Anom=True
2025-08-07 19:11:02,552 | Meas=25.02 | Ctrl=-0.11 | Model=24.21 | Anom=True
2025-08-07 19:11:03,556 | Meas=25.05 | Ctrl=-0.17 | Model=24.13 | Anom=True
2025-08-07 19:11:04,552 | Meas=25.14 | Ctrl=-0.37 | Model=24.02 | Anom=True
2025-08-07 19:11:05,555 | Meas=25.02 | Ctrl=-0.12 | Model=25.02 | Anom=False
2025-08-07 19:11:06,562 | Meas=25.03 | Ctrl=-0.15 | Model=25.03 | Anom=False
2025-08-07 19:11:07,565 | Meas=25.01 | Ctrl=-0.11 | Model=25.01 | Anom=False
2025-08-07 19:11:08,565 | Meas=24.97 | Ctrl=-0.02 | Model=24.97 | Anom=False
2025-08-07 19:11:09,564 | Meas=30.80 | Ctrl=-12.56 | Model=30.80 | Anom=False
2025-08-07 19:11:10,570 | Meas=31.00 | Ctrl=-13.27 | Model=31.00 | Anom=False
2025-08-07 19:11:11,573 | Meas=31.20 | Ctrl=-14.29 | Model=31.20 | Anom=False
2025-08-07 19:11:12,571 | Meas=31.60 | Ctrl=-15.76 | Model=31.60 | Anom=False
2025-08-07 19:11:13,578 | Meas=31.50 | Ctrl=-16.19 | Model=31.50 | Anom=False
2025-08-07 19:11:14,574 | Meas=32.40 | Ctrl=-18.78 | Model=32.40 | Anom=False
2025-08-07 19:11:15,581 | Meas=30.90 | Ctrl=-16.25 | Model=30.90 | Anom=False
2025-08-07 19:11:16,584 | Meas=30.93 | Ctrl=-16.98 | Model=30.93 | Anom=False
2025-08-07 19:11:17,589 | Meas=30.90 | Ctrl=-17.51 | Model=30.90 | Anom=False
2025-08-07 19:11:18,589 | Meas=29.98 | Ctrl=-16.12 | Model=29.98 | Anom=False
2025-08-07 19:11:19,589 | Meas=24.83 | Ctrl=-5.59 | Model=28.70 | Anom=True
2025-08-07 19:11:20,591 | Meas=24.96 | Ctrl=-6.11 | Model=27.35 | Anom=True
2025-08-07 19:11:21,600 | Meas=24.98 | Ctrl=-6.14 | Model=26.01 | Anom=True
2025-08-07 19:11:22,607 | Meas=24.77 | Ctrl=-5.69 | Model=24.79 | Anom=True
2025-08-07 19:11:23,608 | Meas=25.06 | Ctrl=-6.30 | Model=23.48 | Anom=True
2025-08-07 19:11:24,606 | Meas=30.95 | Ctrl=-18.95 | Model=30.95 | Anom=False
2025-08-07 19:11:25,608 | Meas=34.00 | Ctrl=-25.81 | Model=34.00 | Anom=False
2025-08-07 19:11:26,612 | Meas=29.96 | Ctrl=-17.87 | Model=29.96 | Anom=False
2025-08-07 19:11:27,615 | Meas=31.00 | Ctrl=-20.81 | Model=31.00 | Anom=False
2025-08-07 19:11:28,613 | Meas=25.03 | Ctrl=-8.52 | Model=25.03 | Anom=False
2025-08-07 19:11:29,614 | Meas=25.03 | Ctrl=-8.82 | Model=23.21 | Anom=True
2025-08-07 19:11:30,620 | Meas=25.00 | Ctrl=-8.76 | Model=21.43 | Anom=True
2025-08-07 19:16:40,168 | Meas=25.04 | Ctrl=-0.09 | Model=25.04 | Anom=False
2025-08-07 19:16:41,170 | Meas=25.00 | Ctrl=-0.00 | Model=25.00 | Anom=False
2025-08-07 19:16:42,169 | Meas=24.98 | Ctrl=0.04 | Model=24.98 | Anom=False
2025-08-07 19:16:43,177 | Meas=25.00 | Ctrl=-0.00 | Model=25.00 | Anom=False
2025-08-07 19:16:44,177 | Meas=25.04 | Ctrl=-0.09 | Model=25.04 | Anom=False
2025-08-07 19:16:45,188 | Meas=25.02 | Ctrl=-0.05 | Model=25.02 | Anom=False
2025-08-07 19:16:46,185 | Meas=24.96 | Ctrl=0.08 | Model=24.96 | Anom=False
2025-08-07 19:16:47,185 | Meas=25.01 | Ctrl=-0.03 | Model=25.01 | Anom=False
2025-08-07 19:16:48,188 | Meas=25.03 | Ctrl=-0.07 | Model=24.94 | Anom=True
2025-08-07 19:16:49,191 | Meas=25.02 | Ctrl=-0.05 | Model=25.02 | Anom=False
2025-08-07 19:16:50,195 | Meas=25.09 | Ctrl=-0.20 | Model=24.92 | Anom=True
2025-08-07 19:16:51,199 | Meas=24.87 | Ctrl=0.26 | Model=24.91 | Anom=True
2025-08-07 19:16:52,200 | Meas=24.93 | Ctrl=0.14 | Model=24.88 | Anom=True
2025-08-07 19:16:53,202 | Meas=20.00 | Ctrl=10.75 | Model=26.97 | Anom=True
2025-08-07 19:16:54,206 | Meas=24.96 | Ctrl=0.34 | Model=26.94 | Anom=True
2025-08-07 19:16:55,205 | Meas=24.89 | Ctrl=0.74 | Model=26.99 | Anom=True
2025-08-07 19:16:56,212 | Meas=24.92 | Ctrl=0.68 | Model=27.03 | Anom=True
2025-08-07 19:16:57,213 | Meas=20.99 | Ctrl=9.14 | Model=28.76 | Anom=True
2025-08-07 19:16:58,216 | Meas=24.99 | Ctrl=0.75 | Model=28.77 | Anom=True
2025-08-07 19:16:59,213 | Meas=24.95 | Ctrl=1.03 | Model=28.84 | Anom=True
2025-08-07 19:17:00,220 | Meas=25.15 | Ctrl=0.61 | Model=28.83 | Anom=True
2025-08-07 19:17:01,223 | Meas=24.94 | Ctrl=1.05 | Model=28.90 | Anom=True
2025-08-07 19:17:02,224 | Meas=24.96 | Ctrl=1.00 | Model=24.96 | Anom=False
2025-08-07 19:17:03,229 | Meas=25.01 | Ctrl=0.90 | Model=25.01 | Anom=False
2025-08-07 19:17:04,228 | Meas=25.00 | Ctrl=0.93 | Model=25.00 | Anom=False
2025-08-07 19:17:05,229 | Meas=25.00 | Ctrl=0.92 | Model=25.00 | Anom=False
2025-08-07 19:17:06,232 | Meas=30.80 | Ctrl=-11.55 | Model=30.80 | Anom=False
2025-08-07 19:17:07,240 | Meas=31.00 | Ctrl=-12.27 | Model=31.00 | Anom=False
2025-08-07 19:17:08,243 | Meas=31.20 | Ctrl=-13.28 | Model=31.20 | Anom=False
2025-08-07 19:17:09,246 | Meas=31.60 | Ctrl=-14.76 | Model=31.60 | Anom=False
2025-08-07 19:17:10,249 | Meas=31.50 | Ctrl=-15.18 | Model=31.50 | Anom=False
2025-08-07 19:17:11,245 | Meas=32.40 | Ctrl=-17.77 | Model=32.40 | Anom=False
2025-08-07 19:17:12,252 | Meas=30.90 | Ctrl=-15.24 | Model=30.90 | Anom=False
2025-08-07 19:17:13,256 | Meas=30.93 | Ctrl=-15.97 | Model=30.93 | Anom=False
2025-08-07 19:17:14,255 | Meas=30.90 | Ctrl=-16.50 | Model=30.90 | Anom=False
2025-08-07 19:17:15,262 | Meas=29.97 | Ctrl=-15.09 | Model=29.97 | Anom=False
2025-08-07 19:17:16,259 | Meas=24.88 | Ctrl=-4.69 | Model=28.87 | Anom=True
2025-08-07 19:17:17,273 | Meas=24.93 | Ctrl=-5.04 | Model=27.73 | Anom=True
2025-08-07 19:17:18,263 | Meas=25.04 | Ctrl=-5.27 | Model=26.56 | Anom=True
2025-08-07 19:17:19,270 | Meas=25.02 | Ctrl=-5.22 | Model=25.42 | Anom=True
2025-08-07 19:17:20,280 | Meas=24.97 | Ctrl=-5.12 | Model=24.33 | Anom=True
2025-08-07 19:17:21,278 | Meas=30.95 | Ctrl=-17.97 | Model=30.95 | Anom=False
2025-08-07 19:17:22,285 | Meas=34.00 | Ctrl=-24.83 | Model=34.00 | Anom=False
2025-08-07 19:17:23,284 | Meas=29.99 | Ctrl=-16.95 | Model=29.99 | Anom=False
2025-08-07 19:17:24,291 | Meas=31.00 | Ctrl=-19.82 | Model=31.00 | Anom=False
2025-08-07 19:17:25,288 | Meas=24.99 | Ctrl=-7.45 | Model=24.99 | Anom=False
2025-08-07 19:17:26,290 | Meas=25.12 | Ctrl=-8.03 | Model=23.32 | Anom=True
2025-08-07 19:17:27,291 | Meas=20.02 | Ctrl=2.93 | Model=23.88 | Anom=True
2025-08-07 19:23:18,375 | Meas=25.02 | Ctrl=-0.04 | Model=25.02 | Anom=False
2025-08-07 19:23:19,379 | Meas=25.00 | Ctrl=-0.00 | Model=25.00 | Anom=False
2025-08-07 19:23:20,381 | Meas=24.95 | Ctrl=0.11 | Model=24.96 | Anom=True
2025-08-07 19:23:21,384 | Meas=25.00 | Ctrl=0.00 | Model=25.00 | Anom=False
2025-08-07 19:23:22,386 | Meas=25.02 | Ctrl=-0.04 | Model=25.02 | Anom=False
2025-08-07 19:23:23,384 | Meas=20.90 | Ctrl=8.82 | Model=26.72 | Anom=True
2025-08-07 19:23:24,391 | Meas=20.80 | Ctrl=9.24 | Model=28.48 | Anom=True
2025-08-07 19:23:25,391 | Meas=20.70 | Ctrl=9.87 | Model=30.32 | Anom=True
2025-08-07 19:23:26,398 | Meas=20.60 | Ctrl=10.51 | Model=32.25 | Anom=True
2025-08-07 19:23:27,402 | Meas=20.50 | Ctrl=11.16 | Model=34.28 | Anom=True
2025-08-07 19:23:28,400 | Meas=20.40 | Ctrl=11.82 | Model=36.40 | Anom=True
2025-08-07 19:23:29,404 | Meas=20.30 | Ctrl=12.49 | Model=38.61 | Anom=True
2025-08-07 19:23:30,405 | Meas=20.20 | Ctrl=13.17 | Model=40.91 | Anom=True
2025-08-07 19:23:31,405 | Meas=20.10 | Ctrl=13.86 | Model=43.30 | Anom=True
2025-08-07 19:23:32,413 | Meas=20.00 | Ctrl=14.56 | Model=45.79 | Anom=True
2025-08-07 19:23:33,422 | Meas=19.95 | Ctrl=15.16 | Model=48.34 | Anom=True
2025-08-07 19:23:34,419 | Meas=20.05 | Ctrl=15.45 | Model=50.90 | Anom=True
2025-08-07 19:23:35,425 | Meas=20.10 | Ctrl=15.84 | Model=53.49 | Anom=True
2025-08-07 19:23:36,424 | Meas=25.06 | Ctrl=5.67 | Model=54.00 | Anom=True
2025-08-07 19:23:37,431 | Meas=20.80 | Ctrl=15.07 | Model=56.37 | Anom=True
2025-08-07 19:23:38,437 | Meas=20.70 | Ctrl=15.49 | Model=58.78 | Anom=True
2025-08-07 19:23:39,430 | Meas=20.60 | Ctrl=16.13 | Model=61.27 | Anom=True
2025-08-07 19:23:40,437 | Meas=20.50 | Ctrl=16.78 | Model=63.84 | Anom=True
2025-08-07 19:23:41,438 | Meas=20.40 | Ctrl=17.44 | Model=66.49 | Anom=True
2025-08-07 19:23:42,439 | Meas=20.30 | Ctrl=18.11 | Model=69.23 | Anom=True
2025-08-07 19:23:43,442 | Meas=20.25 | Ctrl=18.68 | Model=72.02 | Anom=True
2025-08-07 19:23:44,445 | Meas=20.35 | Ctrl=18.94 | Model=74.81 | Anom=True
2025-08-07 19:23:45,446 | Meas=20.10 | Ctrl=19.95 | Model=77.74 | Anom=True
2025-08-07 19:23:46,448 | Meas=20.00 | Ctrl=20.64 | Model=80.75 | Anom=True
2025-08-07 19:23:47,451 | Meas=24.99 | Ctrl=10.41 | Model=24.99 | Anom=False
2025-08-07 19:23:48,450 | Meas=25.15 | Ctrl=10.31 | Model=26.99 | Anom=True
2025-08-07 19:23:49,453 | Meas=25.11 | Ctrl=10.39 | Model=25.11 | Anom=False
2025-08-07 19:23:50,458 | Meas=30.10 | Ctrl=-0.35 | Model=30.10 | Anom=False
2025-08-07 19:23:51,456 | Meas=30.20 | Ctrl=-0.82 | Model=30.20 | Anom=False
2025-08-07 19:23:52,460 | Meas=30.30 | Ctrl=-1.56 | Model=30.30 | Anom=False
2025-08-07 19:23:53,459 | Meas=30.50 | Ctrl=-2.51 | Model=30.50 | Anom=False
2025-08-07 19:23:54,464 | Meas=31.00 | Ctrl=-4.12 | Model=31.00 | Anom=False
2025-08-07 19:23:55,469 | Meas=31.10 | Ctrl=-4.92 | Model=31.10 | Anom=False
2025-08-07 19:23:56,471 | Meas=31.30 | Ctrl=-5.95 | Model=31.30 | Anom=False
2025-08-07 19:23:57,474 | Meas=31.50 | Ctrl=-7.00 | Model=31.50 | Anom=False
2025-08-07 19:23:58,477 | Meas=31.60 | Ctrl=-7.86 | Model=31.60 | Anom=False
2025-08-07 19:23:59,475 | Meas=31.80 | Ctrl=-8.94 | Model=31.80 | Anom=False
2025-08-07 19:24:00,483 | Meas=32.00 | Ctrl=-10.04 | Model=32.00 | Anom=False
2025-08-07 19:24:01,493 | Meas=32.20 | Ctrl=-11.16 | Model=32.20 | Anom=False
2025-08-07 19:24:02,495 | Meas=32.40 | Ctrl=-12.30 | Model=32.40 | Anom=False
2025-08-07 19:24:03,496 | Meas=32.60 | Ctrl=-13.46 | Model=32.60 | Anom=False
2025-08-07 19:24:04,496 | Meas=32.80 | Ctrl=-14.64 | Model=32.80 | Anom=False
2025-08-07 19:24:05,505 | Meas=33.00 | Ctrl=-15.84 | Model=33.00 | Anom=False
2025-08-07 19:24:06,509 | Meas=33.10 | Ctrl=-16.85 | Model=33.10 | Anom=False
2025-08-07 19:24:07,515 | Meas=33.20 | Ctrl=-17.87 | Model=33.20 | Anom=False
2025-08-07 19:24:08,518 | Meas=33.30 | Ctrl=-18.89 | Model=33.30 | Anom=False
2025-08-07 19:24:09,519 | Meas=33.40 | Ctrl=-19.93 | Model=33.40 | Anom=False
2025-08-07 19:24:10,520 | Meas=33.50 | Ctrl=-20.98 | Model=33.50 | Anom=False
2025-08-07 19:24:11,523 | Meas=33.60 | Ctrl=-22.05 | Model=33.60 | Anom=False
2025-08-07 19:24:12,523 | Meas=33.70 | Ctrl=-23.12 | Model=33.70 | Anom=False
2025-08-07 19:24:13,530 | Meas=33.80 | Ctrl=-24.19 | Model=33.80 | Anom=False
2025-08-07 19:24:14,528 | Meas=33.90 | Ctrl=-25.28 | Model=33.90 | Anom=False
2025-08-07 19:24:15,528 | Meas=34.00 | Ctrl=-26.39 | Model=34.00 | Anom=False
2025-08-07 19:24:16,533 | Meas=34.10 | Ctrl=-27.50 | Model=34.10 | Anom=False
2025-08-07 19:24:17,535 | Meas=34.20 | Ctrl=-28.62 | Model=34.20 | Anom=False
2025-08-07 19:24:18,539 | Meas=34.30 | Ctrl=-29.74 | Model=34.30 | Anom=False
2025-08-07 19:24:19,541 | Meas=34.40 | Ctrl=-30.88 | Model=34.40 | Anom=False
2025-08-07 19:24:20,545 | Meas=34.50 | Ctrl=-32.04 | Model=34.50 | Anom=False
2025-08-07 19:24:21,544 | Meas=34.60 | Ctrl=-33.20 | Model=34.60 | Anom=False
2025-08-07 19:24:22,549 | Meas=34.70 | Ctrl=-34.37 | Model=34.70 | Anom=False
2025-08-07 19:24:23,551 | Meas=34.80 | Ctrl=-35.55 | Model=34.80 | Anom=False
2025-08-07 19:24:24,553 | Meas=34.90 | Ctrl=-36.74 | Model=34.90 | Anom=False
2025-08-07 19:24:25,559 | Meas=35.00 | Ctrl=-37.94 | Model=35.00 | Anom=False
2025-08-07 19:24:26,555 | Meas=35.10 | Ctrl=-39.15 | Model=35.10 | Anom=False
2025-08-07 19:24:27,562 | Meas=35.20 | Ctrl=-40.37 | Model=35.20 | Anom=False
2025-08-07 19:24:28,566 | Meas=35.30 | Ctrl=-41.60 | Model=35.30 | Anom=False
2025-08-07 19:24:29,571 | Meas=35.40 | Ctrl=-42.84 | Model=35.40 | Anom=False
2025-08-07 19:24:30,573 | Meas=35.50 | Ctrl=-44.09 | Model=35.50 | Anom=False
2025-08-07 19:24:31,575 | Meas=35.60 | Ctrl=-45.35 | Model=35.60 | Anom=False
2025-08-07 19:24:32,577 | Meas=35.70 | Ctrl=-46.62 | Model=35.70 | Anom=False
2025-08-07 19:24:33,575 | Meas=35.80 | Ctrl=-47.90 | Model=35.80 | Anom=False
2025-08-07 19:24:34,580 | Meas=35.90 | Ctrl=-49.19 | Model=35.90 | Anom=False
2025-08-07 19:24:35,583 | Meas=36.00 | Ctrl=-50.49 | Model=36.00 | Anom=False
2025-08-07 19:24:36,586 | Meas=36.10 | Ctrl=-51.80 | Model=36.10 | Anom=False
2025-08-07 19:24:37,590 | Meas=36.20 | Ctrl=-53.12 | Model=36.20 | Anom=False
2025-08-07 19:24:38,593 | Meas=36.30 | Ctrl=-54.45 | Model=36.30 | Anom=False
2025-08-07 19:24:39,591 | Meas=36.40 | Ctrl=-55.79 | Model=36.40 | Anom=False
2025-08-07 19:24:40,593 | Meas=36.50 | Ctrl=-57.14 | Model=36.50 | Anom=False
2025-08-07 19:24:41,599 | Meas=36.60 | Ctrl=-58.50 | Model=36.60 | Anom=False
2025-08-07 19:24:42,608 | Meas=36.70 | Ctrl=-59.87 | Model=36.70 | Anom=False
2025-08-07 19:24:43,609 | Meas=36.80 | Ctrl=-61.25 | Model=36.80 | Anom=False
2025-08-07 19:24:44,614 | Meas=36.90 | Ctrl=-62.64 | Model=36.90 | Anom=False
2025-08-07 19:24:45,612 | Meas=37.00 | Ctrl=-64.03 | Model=37.00 | Anom=False
2025-08-07 19:24:46,618 | Meas=37.10 | Ctrl=-65.45 | Model=37.10 | Anom=False
2025-08-07 19:24:47,617 | Meas=37.20 | Ctrl=-66.87 | Model=37.20 | Anom=False
2025-08-07 19:24:48,623 | Meas=37.30 | Ctrl=-68.29 | Model=37.30 | Anom=False
2025-08-07 19:24:49,626 | Meas=19.98 | Ctrl=-32.28 | Model=30.54 | Anom=True
2025-08-07 19:24:50,626 | Meas=19.95 | Ctrl=-32.58 | Model=23.85 | Anom=True
2025-08-07 19:24:51,632 | Meas=20.00 | Ctrl=-32.19 | Model=17.38 | Anom=True
2025-08-07 19:24:52,628 | Meas=20.10 | Ctrl=-31.90 | Model=11.09 | Anom=True
2025-08-07 19:24:53,635 | Meas=37.40 | Ctrl=-68.60 | Model=37.40 | Anom=False
2025-08-07 19:31:36,125 | Meas=25.00 | Ctrl=0.00 | Model=25.00 | Anom=False
2025-08-07 19:31:37,117 | Meas=24.99 | Ctrl=0.02 | Model=24.99 | Anom=False
2025-08-07 19:31:38,119 | Meas=24.82 | Ctrl=0.39 | Model=25.01 | Anom=True
2025-08-07 19:31:39,126 | Meas=24.99 | Ctrl=0.03 | Model=24.99 | Anom=False
2025-08-07 19:31:40,126 | Meas=25.02 | Ctrl=-0.02 | Model=25.02 | Anom=False
2025-08-07 19:31:41,130 | Meas=20.90 | Ctrl=8.83 | Model=26.73 | Anom=True
2025-08-07 19:31:42,129 | Meas=20.80 | Ctrl=9.25 | Model=28.48 | Anom=True
2025-08-07 19:31:43,138 | Meas=20.70 | Ctrl=9.88 | Model=30.33 | Anom=True
2025-08-07 19:31:44,138 | Meas=20.60 | Ctrl=10.52 | Model=32.27 | Anom=True
2025-08-07 19:31:45,134 | Meas=20.50 | Ctrl=11.17 | Model=34.30 | Anom=True
2025-08-07 19:31:46,139 | Meas=20.40 | Ctrl=11.83 | Model=36.42 | Anom=True
2025-08-07 19:31:47,148 | Meas=20.30 | Ctrl=12.50 | Model=38.63 | Anom=True
2025-08-07 19:31:48,149 | Meas=20.20 | Ctrl=13.18 | Model=40.93 | Anom=True
2025-08-07 19:31:49,155 | Meas=20.10 | Ctrl=13.87 | Model=43.33 | Anom=True
2025-08-07 19:31:50,155 | Meas=20.00 | Ctrl=14.57 | Model=45.82 | Anom=True
2025-08-07 19:31:51,157 | Meas=19.95 | Ctrl=15.18 | Model=48.38 | Anom=True
2025-08-07 19:31:52,159 | Meas=20.05 | Ctrl=15.46 | Model=50.94 | Anom=True
2025-08-07 19:31:53,157 | Meas=20.10 | Ctrl=15.86 | Model=53.53 | Anom=True
2025-08-07 19:31:54,160 | Meas=25.23 | Ctrl=5.32 | Model=53.97 | Anom=True
2025-08-07 19:31:55,165 | Meas=20.80 | Ctrl=15.08 | Model=56.34 | Anom=True
2025-08-07 19:31:56,162 | Meas=20.70 | Ctrl=15.49 | Model=58.75 | Anom=True
2025-08-07 19:31:57,163 | Meas=20.60 | Ctrl=16.13 | Model=61.24 | Anom=True
2025-08-07 19:31:58,164 | Meas=20.50 | Ctrl=16.78 | Model=63.82 | Anom=True
2025-08-07 19:31:59,165 | Meas=20.40 | Ctrl=17.44 | Model=66.47 | Anom=True
2025-08-07 19:32:00,166 | Meas=20.30 | Ctrl=18.11 | Model=69.20 | Anom=True
2025-08-07 19:32:01,168 | Meas=20.25 | Ctrl=18.68 | Model=71.99 | Anom=True
2025-08-07 19:32:02,168 | Meas=20.35 | Ctrl=18.94 | Model=74.78 | Anom=True
2025-08-07 19:32:03,170 | Meas=20.10 | Ctrl=19.95 | Model=77.71 | Anom=True
2025-08-07 19:32:04,172 | Meas=20.00 | Ctrl=20.64 | Model=80.73 | Anom=True
2025-08-07 19:32:05,172 | Meas=24.95 | Ctrl=10.49 | Model=24.95 | Anom=False
2025-08-07 19:32:06,174 | Meas=24.98 | Ctrl=10.68 | Model=27.03 | Anom=True
2025-08-07 19:32:07,175 | Meas=25.10 | Ctrl=10.43 | Model=25.10 | Anom=False
2025-08-07 19:32:08,177 | Meas=30.10 | Ctrl=-0.33 | Model=30.10 | Anom=False
2025-08-07 19:32:09,178 | Meas=30.20 | Ctrl=-0.80 | Model=30.20 | Anom=False
2025-08-07 19:32:10,180 | Meas=30.30 | Ctrl=-1.53 | Model=30.30 | Anom=False
2025-08-07 19:32:11,180 | Meas=30.50 | Ctrl=-2.49 | Model=30.50 | Anom=False
2025-08-07 19:32:12,182 | Meas=31.00 | Ctrl=-4.10 | Model=31.00 | Anom=False
2025-08-07 19:32:13,183 | Meas=31.10 | Ctrl=-4.89 | Model=31.10 | Anom=False
2025-08-07 19:32:14,184 | Meas=31.30 | Ctrl=-5.93 | Model=31.30 | Anom=False
2025-08-07 19:32:15,187 | Meas=31.50 | Ctrl=-6.98 | Model=31.50 | Anom=False
2025-08-07 19:32:16,191 | Meas=31.60 | Ctrl=-7.83 | Model=31.60 | Anom=False
2025-08-07 19:32:17,189 | Meas=31.80 | Ctrl=-8.92 | Model=31.80 | Anom=False
2025-08-07 19:32:18,189 | Meas=32.00 | Ctrl=-10.02 | Model=32.00 | Anom=False
2025-08-07 19:32:19,193 | Meas=32.20 | Ctrl=-11.14 | Model=32.20 | Anom=False
2025-08-07 19:32:20,193 | Meas=32.40 | Ctrl=-12.28 | Model=32.40 | Anom=False
2025-08-07 19:32:21,194 | Meas=32.60 | Ctrl=-13.44 | Model=32.60 | Anom=False
2025-08-07 19:32:22,196 | Meas=32.80 | Ctrl=-14.62 | Model=32.80 | Anom=False
2025-08-07 19:32:23,196 | Meas=33.00 | Ctrl=-15.82 | Model=33.00 | Anom=False
2025-08-07 19:32:24,197 | Meas=33.10 | Ctrl=-16.82 | Model=33.10 | Anom=False
2025-08-07 19:32:25,198 | Meas=33.20 | Ctrl=-17.84 | Model=33.20 | Anom=False
2025-08-07 19:32:26,199 | Meas=33.30 | Ctrl=-18.87 | Model=33.30 | Anom=False
2025-08-07 19:32:27,200 | Meas=33.40 | Ctrl=-19.91 | Model=33.40 | Anom=False
2025-08-07 19:32:28,201 | Meas=33.50 | Ctrl=-20.96 | Model=33.50 | Anom=False
2025-08-07 19:32:29,202 | Meas=33.60 | Ctrl=-22.02 | Model=33.60 | Anom=False
2025-08-07 19:32:30,203 | Meas=33.70 | Ctrl=-23.09 | Model=33.70 | Anom=False
2025-08-07 19:32:31,205 | Meas=33.80 | Ctrl=-24.17 | Model=33.80 | Anom=False
2025-08-07 19:32:32,205 | Meas=33.90 | Ctrl=-25.26 | Model=33.90 | Anom=False
2025-08-07 19:32:33,207 | Meas=34.00 | Ctrl=-26.36 | Model=34.00 | Anom=False
2025-08-07 19:32:34,208 | Meas=34.10 | Ctrl=-27.47 | Model=34.10 | Anom=False
2025-08-07 19:32:35,210 | Meas=34.20 | Ctrl=-28.59 | Model=34.20 | Anom=False
2025-08-07 19:32:36,210 | Meas=34.30 | Ctrl=-29.72 | Model=34.30 | Anom=False
2025-08-07 19:32:37,214 | Meas=34.40 | Ctrl=-30.86 | Model=34.40 | Anom=False
2025-08-07 19:32:38,216 | Meas=34.50 | Ctrl=-32.01 | Model=34.50 | Anom=False
2025-08-07 19:32:39,220 | Meas=34.60 | Ctrl=-33.17 | Model=34.60 | Anom=False
2025-08-07 19:32:40,223 | Meas=34.70 | Ctrl=-34.34 | Model=34.70 | Anom=False
2025-08-07 19:32:41,225 | Meas=34.80 | Ctrl=-35.52 | Model=34.80 | Anom=False
2025-08-07 19:32:42,225 | Meas=34.90 | Ctrl=-36.71 | Model=34.90 | Anom=False
2025-08-07 19:32:43,227 | Meas=35.00 | Ctrl=-37.91 | Model=35.00 | Anom=False
2025-08-07 19:32:44,229 | Meas=35.10 | Ctrl=-39.12 | Model=35.10 | Anom=False
2025-08-07 19:32:45,234 | Meas=35.20 | Ctrl=-40.34 | Model=35.20 | Anom=False
2025-08-07 19:32:46,235 | Meas=35.30 | Ctrl=-41.57 | Model=35.30 | Anom=False
2025-08-07 19:32:47,237 | Meas=35.40 | Ctrl=-42.81 | Model=35.40 | Anom=False
2025-08-07 19:32:48,239 | Meas=35.50 | Ctrl=-44.06 | Model=35.50 | Anom=False
2025-08-07 19:32:49,240 | Meas=35.60 | Ctrl=-45.32 | Model=35.60 | Anom=False
2025-08-07 19:32:50,241 | Meas=35.70 | Ctrl=-46.59 | Model=35.70 | Anom=False
2025-08-07 19:32:51,242 | Meas=35.80 | Ctrl=-47.87 | Model=35.80 | Anom=False
2025-08-07 19:32:52,243 | Meas=35.90 | Ctrl=-49.16 | Model=35.90 | Anom=False
2025-08-07 19:32:53,246 | Meas=36.00 | Ctrl=-50.46 | Model=36.00 | Anom=False
2025-08-07 19:32:54,251 | Meas=36.10 | Ctrl=-51.77 | Model=36.10 | Anom=False
2025-08-07 19:32:55,253 | Meas=36.20 | Ctrl=-53.09 | Model=36.20 | Anom=False
2025-08-07 19:32:56,256 | Meas=36.30 | Ctrl=-54.42 | Model=36.30 | Anom=False
2025-08-07 19:32:57,256 | Meas=36.40 | Ctrl=-55.76 | Model=36.40 | Anom=False
2025-08-07 19:32:58,257 | Meas=36.50 | Ctrl=-57.11 | Model=36.50 | Anom=False
2025-08-07 19:32:59,259 | Meas=36.60 | Ctrl=-58.47 | Model=36.60 | Anom=False
2025-08-07 19:33:00,258 | Meas=36.70 | Ctrl=-59.84 | Model=36.70 | Anom=False
2025-08-07 19:33:01,260 | Meas=36.80 | Ctrl=-61.22 | Model=36.80 | Anom=False
2025-08-07 19:33:02,261 | Meas=36.90 | Ctrl=-62.61 | Model=36.90 | Anom=False
2025-08-07 19:33:03,268 | Meas=37.00 | Ctrl=-64.01 | Model=37.00 | Anom=False
2025-08-07 19:33:04,273 | Meas=37.10 | Ctrl=-65.42 | Model=37.10 | Anom=False
2025-08-07 19:33:05,272 | Meas=37.20 | Ctrl=-66.84 | Model=37.20 | Anom=False
2025-08-07 19:33:06,277 | Meas=37.30 | Ctrl=-68.27 | Model=37.30 | Anom=False
2025-08-07 19:33:07,275 | Meas=19.98 | Ctrl=-32.26 | Model=30.54 | Anom=True
2025-08-07 19:33:08,280 | Meas=19.95 | Ctrl=-32.56 | Model=23.86 | Anom=True
2025-08-07 19:33:09,279 | Meas=20.00 | Ctrl=-32.16 | Model=17.39 | Anom=True
2025-08-07 19:33:10,288 | Meas=20.10 | Ctrl=-31.88 | Model=11.11 | Anom=True
2025-08-07 19:33:11,290 | Meas=37.40 | Ctrl=-68.58 | Model=37.40 | Anom=False
2025-08-07 20:31:59,018 | Meas=24.98 | Ctrl=0.04 | Model=24.98 | Anom=False
2025-08-07 20:32:00,018 | Meas=25.01 | Ctrl=-0.02 | Model=25.01 | Anom=False
2025-08-07 20:32:01,020 | Meas=25.06 | Ctrl=-0.13 | Model=24.92 | Anom=True
2025-08-07 20:32:02,022 | Meas=25.00 | Ctrl=-0.00 | Model=25.00 | Anom=False
2025-08-07 20:32:03,030 | Meas=25.00 | Ctrl=-0.01 | Model=25.00 | Anom=False
2025-08-07 20:32:04,034 | Meas=20.90 | Ctrl=8.81 | Model=26.70 | Anom=True
2025-08-07 20:32:05,033 | Meas=20.80 | Ctrl=9.23 | Model=28.45 | Anom=True
2025-08-07 20:32:06,037 | Meas=20.70 | Ctrl=9.86 | Model=30.30 | Anom=True
2025-08-07 20:32:07,035 | Meas=20.60 | Ctrl=10.50 | Model=32.23 | Anom=True
2025-08-07 20:32:08,040 | Meas=20.50 | Ctrl=11.15 | Model=34.26 | Anom=True
2025-08-07 20:32:09,042 | Meas=20.40 | Ctrl=11.81 | Model=36.37 | Anom=True
2025-08-07 20:32:10,044 | Meas=20.30 | Ctrl=12.48 | Model=38.58 | Anom=True
2025-08-07 20:32:11,045 | Meas=20.20 | Ctrl=13.16 | Model=40.88 | Anom=True
2025-08-07 20:32:12,046 | Meas=20.10 | Ctrl=13.85 | Model=43.27 | Anom=True
2025-08-07 20:32:13,051 | Meas=20.00 | Ctrl=14.55 | Model=45.76 | Anom=True
2025-08-07 20:32:14,061 | Meas=19.95 | Ctrl=15.15 | Model=48.31 | Anom=True
2025-08-07 20:32:15,060 | Meas=20.05 | Ctrl=15.44 | Model=50.88 | Anom=True
2025-08-07 20:32:16,065 | Meas=20.10 | Ctrl=15.83 | Model=53.46 | Anom=True
2025-08-07 20:32:17,068 | Meas=25.03 | Ctrl=5.73 | Model=53.98 | Anom=True
2025-08-07 20:32:18,069 | Meas=20.80 | Ctrl=15.06 | Model=56.35 | Anom=True
2025-08-07 20:32:19,071 | Meas=20.70 | Ctrl=15.49 | Model=58.76 | Anom=True
2025-08-07 20:32:20,073 | Meas=20.60 | Ctrl=16.13 | Model=61.25 | Anom=True
2025-08-07 20:32:21,078 | Meas=20.50 | Ctrl=16.78 | Model=63.82 | Anom=True
2025-08-07 20:32:22,075 | Meas=20.40 | Ctrl=17.44 | Model=66.48 | Anom=True
2025-08-07 20:32:23,082 | Meas=20.30 | Ctrl=18.11 | Model=69.21 | Anom=True
2025-08-07 20:32:24,084 | Meas=20.25 | Ctrl=18.68 | Model=72.00 | Anom=True
2025-08-07 20:32:25,083 | Meas=20.35 | Ctrl=18.94 | Model=74.79 | Anom=True
2025-08-07 20:32:26,089 | Meas=20.10 | Ctrl=19.94 | Model=77.72 | Anom=True
2025-08-07 20:32:27,088 | Meas=20.00 | Ctrl=20.64 | Model=80.73 | Anom=True
2025-08-07 20:32:28,092 | Meas=19.98 | Ctrl=21.18 | Model=83.79 | Anom=True
2025-08-07 20:32:29,097 | Meas=19.95 | Ctrl=21.74 | Model=86.91 | Anom=True
2025-08-07 20:32:30,099 | Meas=20.00 | Ctrl=22.14 | Model=90.03 | Anom=True
2025-08-07 20:32:31,102 | Meas=20.10 | Ctrl=22.42 | Model=93.16 | Anom=True
2025-08-07 20:32:32,104 | Meas=20.20 | Ctrl=22.70 | Model=96.28 | Anom=True
2025-08-07 20:32:33,105 | Meas=20.30 | Ctrl=22.97 | Model=99.39 | Anom=True
2025-08-07 20:32:34,105 | Meas=20.50 | Ctrl=23.02 | Model=102.44 | Anom=True
2025-08-07 20:32:35,107 | Meas=20.40 | Ctrl=23.69 | Model=105.57 | Anom=True
2025-08-07 20:32:36,113 | Meas=20.60 | Ctrl=23.72 | Model=108.64 | Anom=True
2025-08-07 20:32:37,114 | Meas=20.70 | Ctrl=23.95 | Model=111.70 | Anom=True
2025-08-07 20:32:38,117 | Meas=20.80 | Ctrl=24.17 | Model=114.74 | Anom=True
2025-08-07 20:32:39,117 | Meas=25.00 | Ctrl=15.57 | Model=25.00 | Anom=False
2025-08-07 20:32:40,117 | Meas=24.78 | Ctrl=16.25 | Model=28.19 | Anom=True
2025-08-07 20:32:41,118 | Meas=25.10 | Ctrl=15.57 | Model=25.10 | Anom=False
2025-08-07 20:32:42,125 | Meas=30.10 | Ctrl=4.83 | Model=30.10 | Anom=False
2025-08-07 20:32:43,125 | Meas=30.20 | Ctrl=4.36 | Model=30.20 | Anom=False
2025-08-07 20:32:44,129 | Meas=30.30 | Ctrl=3.63 | Model=30.30 | Anom=False
2025-08-07 20:32:45,131 | Meas=30.50 | Ctrl=2.67 | Model=30.50 | Anom=False
2025-08-07 20:32:46,135 | Meas=31.00 | Ctrl=1.06 | Model=31.00 | Anom=False
2025-08-07 20:32:47,132 | Meas=31.10 | Ctrl=0.27 | Model=31.10 | Anom=False
2025-08-07 20:32:48,138 | Meas=31.30 | Ctrl=-0.77 | Model=31.30 | Anom=False
2025-08-07 20:32:49,141 | Meas=31.50 | Ctrl=-1.82 | Model=31.50 | Anom=False
2025-08-07 20:32:50,139 | Meas=31.60 | Ctrl=-2.67 | Model=31.60 | Anom=False
2025-08-07 20:32:51,140 | Meas=31.80 | Ctrl=-3.76 | Model=31.80 | Anom=False
2025-08-07 20:32:52,140 | Meas=32.00 | Ctrl=-4.86 | Model=32.00 | Anom=False
2025-08-07 20:32:53,144 | Meas=32.20 | Ctrl=-5.98 | Model=32.20 | Anom=False
2025-08-07 20:32:54,148 | Meas=32.40 | Ctrl=-7.12 | Model=32.40 | Anom=False
2025-08-07 20:32:55,150 | Meas=32.60 | Ctrl=-8.28 | Model=32.60 | Anom=False
2025-08-07 20:32:56,154 | Meas=32.80 | Ctrl=-9.46 | Model=32.80 | Anom=False
2025-08-07 20:32:57,160 | Meas=33.00 | Ctrl=-10.66 | Model=33.00 | Anom=False
2025-08-07 20:32:58,162 | Meas=33.10 | Ctrl=-11.66 | Model=33.10 | Anom=False
2025-08-07 20:32:59,168 | Meas=33.20 | Ctrl=-12.68 | Model=33.20 | Anom=False
2025-08-07 20:33:00,166 | Meas=33.30 | Ctrl=-13.71 | Model=33.30 | Anom=False
2025-08-07 20:33:01,172 | Meas=33.40 | Ctrl=-14.75 | Model=33.40 | Anom=False
2025-08-07 20:33:02,175 | Meas=33.50 | Ctrl=-15.80 | Model=33.50 | Anom=False
2025-08-07 20:33:03,176 | Meas=33.60 | Ctrl=-16.86 | Model=33.60 | Anom=False
2025-08-07 20:33:04,179 | Meas=33.70 | Ctrl=-17.93 | Model=33.70 | Anom=False
2025-08-07 20:33:05,178 | Meas=33.80 | Ctrl=-19.01 | Model=33.80 | Anom=False
2025-08-07 20:33:06,178 | Meas=33.90 | Ctrl=-20.10 | Model=33.90 | Anom=False
2025-08-07 20:33:07,185 | Meas=34.00 | Ctrl=-21.20 | Model=34.00 | Anom=False
2025-08-07 20:33:08,187 | Meas=34.10 | Ctrl=-22.31 | Model=34.10 | Anom=False
2025-08-07 20:33:09,190 | Meas=34.20 | Ctrl=-23.43 | Model=34.20 | Anom=False
2025-08-07 20:33:10,196 | Meas=34.30 | Ctrl=-24.56 | Model=34.30 | Anom=False
2025-08-07 20:33:11,199 | Meas=34.40 | Ctrl=-25.70 | Model=34.40 | Anom=False
2025-08-07 20:33:12,200 | Meas=34.50 | Ctrl=-26.85 | Model=34.50 | Anom=False
2025-08-07 20:33:13,207 | Meas=34.60 | Ctrl=-28.01 | Model=34.60 | Anom=False
2025-08-07 20:33:14,207 | Meas=34.70 | Ctrl=-29.18 | Model=34.70 | Anom=False
2025-08-07 20:33:15,210 | Meas=34.80 | Ctrl=-30.36 | Model=34.80 | Anom=False
2025-08-07 20:33:16,215 | Meas=34.90 | Ctrl=-31.55 | Model=34.90 | Anom=False
2025-08-07 20:33:17,214 | Meas=35.00 | Ctrl=-32.75 | Model=35.00 | Anom=False
2025-08-07 20:33:18,219 | Meas=35.10 | Ctrl=-33.96 | Model=35.10 | Anom=False
2025-08-07 20:33:19,220 | Meas=35.20 | Ctrl=-35.18 | Model=35.20 | Anom=False
2025-08-07 20:33:20,223 | Meas=35.30 | Ctrl=-36.41 | Model=35.30 | Anom=False
2025-08-07 20:33:21,227 | Meas=35.40 | Ctrl=-37.65 | Model=35.40 | Anom=False
2025-08-07 20:33:22,225 | Meas=35.50 | Ctrl=-38.90 | Model=35.50 | Anom=False
2025-08-07 20:33:23,225 | Meas=35.60 | Ctrl=-40.16 | Model=35.60 | Anom=False
2025-08-07 20:33:24,231 | Meas=35.70 | Ctrl=-41.43 | Model=35.70 | Anom=False
2025-08-07 20:33:25,232 | Meas=35.80 | Ctrl=-42.71 | Model=35.80 | Anom=False
2025-08-07 20:33:26,237 | Meas=35.90 | Ctrl=-44.00 | Model=35.90 | Anom=False
2025-08-07 20:33:27,247 | Meas=36.00 | Ctrl=-45.30 | Model=36.00 | Anom=False
2025-08-07 20:33:28,242 | Meas=36.10 | Ctrl=-46.61 | Model=36.10 | Anom=False
2025-08-07 20:33:29,249 | Meas=36.20 | Ctrl=-47.93 | Model=36.20 | Anom=False
2025-08-07 20:33:30,250 | Meas=36.30 | Ctrl=-49.26 | Model=36.30 | Anom=False
2025-08-07 20:33:31,252 | Meas=36.40 | Ctrl=-50.60 | Model=36.40 | Anom=False
2025-08-07 20:33:32,251 | Meas=36.50 | Ctrl=-51.95 | Model=36.50 | Anom=False
2025-08-07 20:33:33,255 | Meas=36.60 | Ctrl=-53.31 | Model=36.60 | Anom=False
2025-08-07 20:33:34,256 | Meas=36.70 | Ctrl=-54.68 | Model=36.70 | Anom=False
2025-08-07 20:33:35,261 | Meas=36.80 | Ctrl=-56.06 | Model=36.80 | Anom=False
2025-08-07 20:33:36,262 | Meas=36.90 | Ctrl=-57.45 | Model=36.90 | Anom=False
2025-08-07 20:33:37,263 | Meas=37.00 | Ctrl=-58.85 | Model=37.00 | Anom=False
2025-08-07 20:33:38,262 | Meas=37.10 | Ctrl=-60.26 | Model=37.10 | Anom=False
2025-08-07 20:33:39,262 | Meas=37.20 | Ctrl=-61.68 | Model=37.20 | Anom=False
2025-08-07 20:33:40,266 | Meas=37.30 | Ctrl=-63.11 | Model=37.30 | Anom=False
2025-08-07 20:33:41,269 | Meas=37.40 | Ctrl=-64.55 | Model=37.40 | Anom=False
2025-08-07 21:49:13,545 | Meas=25.00 | Ctrl=0.00 | Model=25.00 | Anom=False
2025-08-07 21:49:14,542 | Meas=25.03 | Ctrl=-0.06 | Model=25.03 | Anom=False
2025-08-07 21:49:15,546 | Meas=25.07 | Ctrl=-0.15 | Model=24.94 | Anom=True
2025-08-07 21:49:16,546 | Meas=24.99 | Ctrl=0.02 | Model=24.99 | Anom=False
2025-08-07 21:49:17,547 | Meas=25.01 | Ctrl=-0.03 | Model=25.01 | Anom=False
2025-08-07 21:49:18,549 | Meas=25.05 | Ctrl=-0.12 | Model=25.05 | Anom=False
2025-08-07 21:49:19,552 | Meas=25.00 | Ctrl=-0.01 | Model=25.00 | Anom=False
2025-08-07 21:49:20,553 | Meas=25.02 | Ctrl=-0.06 | Model=25.02 | Anom=False
2025-08-07 21:49:21,552 | Meas=25.01 | Ctrl=-0.04 | Model=25.01 | Anom=False
2025-08-07 21:49:22,556 | Meas=20.90 | Ctrl=8.80 | Model=26.71 | Anom=True
2025-08-07 21:49:23,558 | Meas=20.80 | Ctrl=9.22 | Model=28.46 | Anom=True
2025-08-07 21:49:24,559 | Meas=20.70 | Ctrl=9.85 | Model=30.30 | Anom=True
2025-08-07 21:49:25,560 | Meas=20.60 | Ctrl=10.49 | Model=32.23 | Anom=True
2025-08-07 21:49:26,562 | Meas=20.50 | Ctrl=11.14 | Model=34.25 | Anom=True
2025-08-07 21:49:27,563 | Meas=20.40 | Ctrl=11.80 | Model=36.37 | Anom=True
2025-08-07 21:49:28,565 | Meas=20.30 | Ctrl=12.47 | Model=38.57 | Anom=True
2025-08-07 21:49:29,569 | Meas=20.20 | Ctrl=13.15 | Model=40.87 | Anom=True
2025-08-07 21:49:30,566 | Meas=20.10 | Ctrl=13.84 | Model=43.26 | Anom=True
2025-08-07 21:49:31,571 | Meas=20.00 | Ctrl=14.54 | Model=45.74 | Anom=True
2025-08-07 21:49:32,574 | Meas=19.95 | Ctrl=15.14 | Model=48.30 | Anom=True
2025-08-07 21:49:33,578 | Meas=20.05 | Ctrl=15.43 | Model=50.86 | Anom=True
2025-08-07 21:49:34,579 | Meas=20.10 | Ctrl=15.82 | Model=53.44 | Anom=True
2025-08-07 21:49:35,579 | Meas=24.99 | Ctrl=5.80 | Model=53.97 | Anom=True
2025-08-07 21:49:36,580 | Meas=20.80 | Ctrl=15.05 | Model=56.34 | Anom=True
2025-08-07 21:49:37,582 | Meas=20.70 | Ctrl=15.48 | Model=58.75 | Anom=True
2025-08-07 21:49:38,583 | Meas=20.60 | Ctrl=16.12 | Model=61.24 | Anom=True
2025-08-07 21:49:39,587 | Meas=20.50 | Ctrl=16.77 | Model=63.81 | Anom=True
2025-08-07 21:49:40,584 | Meas=20.40 | Ctrl=17.43 | Model=66.46 | Anom=True
2025-08-07 21:49:41,590 | Meas=20.30 | Ctrl=18.10 | Model=69.19 | Anom=True
2025-08-07 21:49:42,592 | Meas=20.25 | Ctrl=18.67 | Model=71.98 | Anom=True
2025-08-07 21:49:43,592 | Meas=20.35 | Ctrl=18.93 | Model=74.77 | Anom=True
2025-08-07 21:49:44,594 | Meas=20.10 | Ctrl=19.94 | Model=77.70 | Anom=True
2025-08-07 21:49:45,595 | Meas=20.00 | Ctrl=20.63 | Model=80.71 | Anom=True
2025-08-07 21:49:46,598 | Meas=19.98 | Ctrl=21.17 | Model=83.77 | Anom=True
2025-08-07 21:49:47,599 | Meas=19.95 | Ctrl=21.73 | Model=86.88 | Anom=True
2025-08-07 21:49:48,602 | Meas=20.00 | Ctrl=22.13 | Model=90.01 | Anom=True
2025-08-07 21:49:49,604 | Meas=20.10 | Ctrl=22.41 | Model=93.13 | Anom=True
2025-08-07 21:49:50,605 | Meas=20.20 | Ctrl=22.70 | Model=96.25 | Anom=True
2025-08-07 21:49:51,605 | Meas=20.30 | Ctrl=22.96 | Model=99.36 | Anom=True
2025-08-07 21:49:52,608 | Meas=20.50 | Ctrl=23.01 | Model=102.41 | Anom=True
2025-08-07 21:49:53,609 | Meas=20.40 | Ctrl=23.68 | Model=105.54 | Anom=True
2025-08-07 21:49:54,611 | Meas=20.60 | Ctrl=23.71 | Model=108.61 | Anom=True
2025-08-07 21:49:55,611 | Meas=20.70 | Ctrl=23.95 | Model=111.67 | Anom=True
2025-08-07 21:49:56,616 | Meas=20.80 | Ctrl=24.16 | Model=114.71 | Anom=True
2025-08-07 21:49:57,616 | Meas=25.00 | Ctrl=15.56 | Model=25.00 | Anom=False
2025-08-07 21:49:58,618 | Meas=25.05 | Ctrl=15.66 | Model=28.07 | Anom=True
2025-08-07 21:49:59,617 | Meas=25.09 | Ctrl=15.57 | Model=25.09 | Anom=False
2025-08-07 21:50:00,620 | Meas=30.10 | Ctrl=4.80 | Model=30.10 | Anom=False
2025-08-07 21:50:01,623 | Meas=30.20 | Ctrl=4.32 | Model=30.20 | Anom=False
2025-08-07 21:50:02,623 | Meas=30.30 | Ctrl=3.59 | Model=30.30 | Anom=False
2025-08-07 21:50:03,628 | Meas=30.50 | Ctrl=2.64 | Model=30.50 | Anom=False
2025-08-07 21:50:04,626 | Meas=31.00 | Ctrl=1.02 | Model=31.00 | Anom=False
2025-08-07 21:50:05,629 | Meas=31.10 | Ctrl=0.23 | Model=31.10 | Anom=False
2025-08-07 21:50:06,633 | Meas=31.30 | Ctrl=-0.80 | Model=31.30 | Anom=False
2025-08-07 21:50:07,633 | Meas=31.50 | Ctrl=-1.85 | Model=31.50 | Anom=False
2025-08-07 21:50:08,637 | Meas=31.60 | Ctrl=-2.71 | Model=31.60 | Anom=False
2025-08-07 21:50:09,636 | Meas=31.80 | Ctrl=-3.79 | Model=31.80 | Anom=False
2025-08-07 21:50:10,641 | Meas=32.00 | Ctrl=-4.89 | Model=32.00 | Anom=False
2025-08-07 21:50:11,641 | Meas=32.20 | Ctrl=-6.01 | Model=32.20 | Anom=False
2025-08-07 21:50:12,643 | Meas=32.40 | Ctrl=-7.15 | Model=32.40 | Anom=False
2025-08-07 21:50:13,644 | Meas=32.60 | Ctrl=-8.31 | Model=32.60 | Anom=False
2025-08-07 21:50:14,643 | Meas=32.80 | Ctrl=-9.49 | Model=32.80 | Anom=False
2025-08-07 21:50:15,646 | Meas=33.00 | Ctrl=-10.69 | Model=33.00 | Anom=False
2025-08-07 21:50:16,648 | Meas=33.10 | Ctrl=-11.70 | Model=33.10 | Anom=False
2025-08-07 21:50:17,651 | Meas=33.20 | Ctrl=-12.72 | Model=33.20 | Anom=False
2025-08-07 21:50:18,653 | Meas=33.30 | Ctrl=-13.75 | Model=33.30 | Anom=False
2025-08-07 21:50:19,650 | Meas=33.40 | Ctrl=-14.79 | Model=33.40 | Anom=False
2025-08-07 21:50:20,655 | Meas=33.50 | Ctrl=-15.84 | Model=33.50 | Anom=False
2025-08-07 21:50:21,657 | Meas=33.60 | Ctrl=-16.90 | Model=33.60 | Anom=False
2025-08-07 21:50:22,657 | Meas=33.70 | Ctrl=-17.97 | Model=33.70 | Anom=False
2025-08-07 21:50:23,661 | Meas=33.80 | Ctrl=-19.05 | Model=33.80 | Anom=False
2025-08-07 21:50:24,658 | Meas=33.90 | Ctrl=-20.14 | Model=33.90 | Anom=False
2025-08-07 21:50:25,661 | Meas=34.00 | Ctrl=-21.24 | Model=34.00 | Anom=False
2025-08-07 21:50:26,666 | Meas=34.10 | Ctrl=-22.35 | Model=34.10 | Anom=False
2025-08-07 21:50:27,667 | Meas=34.20 | Ctrl=-23.47 | Model=34.20 | Anom=False
2025-08-07 21:50:28,670 | Meas=34.30 | Ctrl=-24.60 | Model=34.30 | Anom=False
2025-08-07 21:50:29,668 | Meas=34.40 | Ctrl=-25.74 | Model=34.40 | Anom=False
2025-08-07 21:50:30,675 | Meas=34.50 | Ctrl=-26.89 | Model=34.50 | Anom=False
2025-08-07 21:50:31,676 | Meas=34.60 | Ctrl=-28.05 | Model=34.60 | Anom=False
2025-08-07 21:50:32,678 | Meas=34.70 | Ctrl=-29.22 | Model=34.70 | Anom=False
2025-08-07 21:50:33,679 | Meas=34.80 | Ctrl=-30.40 | Model=34.80 | Anom=False
2025-08-07 21:50:34,679 | Meas=34.90 | Ctrl=-31.59 | Model=34.90 | Anom=False
2025-08-07 21:50:35,683 | Meas=35.00 | Ctrl=-32.79 | Model=35.00 | Anom=False
2025-08-07 21:50:36,684 | Meas=35.10 | Ctrl=-34.00 | Model=35.10 | Anom=False
2025-08-07 21:50:37,687 | Meas=35.20 | Ctrl=-35.22 | Model=35.20 | Anom=False
2025-08-07 21:50:38,688 | Meas=35.30 | Ctrl=-36.45 | Model=35.30 | Anom=False
2025-08-07 21:50:39,687 | Meas=35.40 | Ctrl=-37.69 | Model=35.40 | Anom=False
2025-08-07 21:50:40,691 | Meas=35.50 | Ctrl=-38.94 | Model=35.50 | Anom=False
2025-08-07 21:50:41,691 | Meas=35.60 | Ctrl=-40.20 | Model=35.60 | Anom=False
2025-08-07 21:50:42,694 | Meas=35.70 | Ctrl=-41.47 | Model=35.70 | Anom=False
2025-08-07 21:50:43,695 | Meas=35.80 | Ctrl=-42.75 | Model=35.80 | Anom=False
2025-08-07 21:50:44,696 | Meas=35.90 | Ctrl=-44.04 | Model=35.90 | Anom=False
2025-08-07 21:50:45,700 | Meas=36.00 | Ctrl=-45.34 | Model=36.00 | Anom=False
2025-08-07 21:50:46,701 | Meas=36.10 | Ctrl=-46.65 | Model=36.10 | Anom=False
2025-08-07 21:50:47,704 | Meas=36.20 | Ctrl=-47.97 | Model=36.20 | Anom=False
2025-08-07 21:50:48,706 | Meas=36.30 | Ctrl=-49.30 | Model=36.30 | Anom=False
2025-08-07 21:50:49,704 | Meas=36.40 | Ctrl=-50.64 | Model=36.40 | Anom=False
2025-08-07 21:50:50,706 | Meas=36.50 | Ctrl=-51.99 | Model=36.50 | Anom=False
2025-08-07 21:50:51,707 | Meas=36.60 | Ctrl=-53.35 | Model=36.60 | Anom=False
2025-08-07 21:50:52,710 | Meas=36.70 | Ctrl=-54.72 | Model=36.70 | Anom=False
2025-08-07 21:50:53,712 | Meas=36.80 | Ctrl=-56.10 | Model=36.80 | Anom=False
2025-08-07 21:50:54,711 | Meas=36.90 | Ctrl=-57.49 | Model=36.90 | Anom=False
2025-08-07 21:50:55,714 | Meas=37.00 | Ctrl=-58.89 | Model=37.00 | Anom=False
2025-08-07 21:50:56,714 | Meas=37.10 | Ctrl=-60.30 | Model=37.10 | Anom=False
2025-08-07 21:50:57,719 | Meas=37.20 | Ctrl=-61.72 | Model=37.20 | Anom=False
2025-08-07 21:50:58,719 | Meas=37.30 | Ctrl=-63.15 | Model=37.30 | Anom=False
2025-08-07 21:50:59,718 | Meas=37.40 | Ctrl=-64.59 | Model=37.40 | Anom=False
2025-08-07 22:01:44,448 | Meas=25.00 | Ctrl=0.00 | Model=25.00 | Anom=False
2025-08-07 22:01:45,453 | Meas=25.00 | Ctrl=0.00 | Model=25.00 | Anom=False
2025-08-07 22:01:46,450 | Meas=24.95 | Ctrl=0.11 | Model=24.96 | Anom=True
2025-08-07 22:01:47,456 | Meas=25.04 | Ctrl=-0.08 | Model=25.04 | Anom=False
2025-08-07 22:01:48,458 | Meas=24.96 | Ctrl=0.09 | Model=24.96 | Anom=False
2025-08-07 22:01:49,460 | Meas=25.01 | Ctrl=-0.02 | Model=25.01 | Anom=False
2025-08-07 22:01:50,465 | Meas=25.01 | Ctrl=-0.02 | Model=25.01 | Anom=False
2025-08-07 22:01:51,467 | Meas=25.03 | Ctrl=-0.06 | Model=25.03 | Anom=False
2025-08-07 22:01:52,471 | Meas=24.99 | Ctrl=0.02 | Model=24.99 | Anom=False
2025-08-07 22:01:53,475 | Meas=20.90 | Ctrl=8.82 | Model=26.69 | Anom=True
2025-08-07 22:01:54,476 | Meas=20.80 | Ctrl=9.24 | Model=28.45 | Anom=True
2025-08-07 22:01:55,479 | Meas=20.70 | Ctrl=9.87 | Model=30.29 | Anom=True
2025-08-07 22:01:56,481 | Meas=20.60 | Ctrl=10.51 | Model=32.23 | Anom=True
2025-08-07 22:01:57,486 | Meas=20.50 | Ctrl=11.16 | Model=34.25 | Anom=True
2025-08-07 22:01:58,492 | Meas=20.40 | Ctrl=11.82 | Model=36.37 | Anom=True
2025-08-07 22:01:59,496 | Meas=20.30 | Ctrl=12.49 | Model=38.58 | Anom=True
2025-08-07 22:02:00,500 | Meas=20.20 | Ctrl=13.17 | Model=40.88 | Anom=True
2025-08-07 22:02:01,507 | Meas=20.10 | Ctrl=13.86 | Model=43.28 | Anom=True
2025-08-07 22:02:02,512 | Meas=20.00 | Ctrl=14.56 | Model=45.76 | Anom=True
2025-08-07 22:02:03,519 | Meas=19.95 | Ctrl=15.16 | Model=48.32 | Anom=True
2025-08-07 22:02:04,520 | Meas=20.05 | Ctrl=15.45 | Model=50.88 | Anom=True
2025-08-07 22:02:05,518 | Meas=20.10 | Ctrl=15.84 | Model=53.47 | Anom=True
2025-08-07 22:02:06,523 | Meas=21.00 | Ctrl=14.40 | Model=55.72 | Anom=True
2025-08-07 22:02:07,528 | Meas=20.80 | Ctrl=15.27 | Model=58.10 | Anom=True
2025-08-07 22:02:08,527 | Meas=20.70 | Ctrl=15.90 | Model=60.56 | Anom=True
2025-08-07 22:02:09,525 | Meas=20.60 | Ctrl=16.54 | Model=63.09 | Anom=True
2025-08-07 22:02:10,526 | Meas=20.50 | Ctrl=17.19 | Model=65.71 | Anom=True
2025-08-07 22:02:11,532 | Meas=20.40 | Ctrl=17.85 | Model=68.40 | Anom=True
2025-08-07 22:02:12,545 | Meas=20.30 | Ctrl=18.52 | Model=71.18 | Anom=True
2025-08-07 22:02:13,537 | Meas=20.25 | Ctrl=19.09 | Model=74.01 | Anom=True
2025-08-07 22:02:14,535 | Meas=20.35 | Ctrl=19.35 | Model=76.84 | Anom=True
2025-08-07 22:02:15,536 | Meas=20.10 | Ctrl=20.35 | Model=79.82 | Anom=True
2025-08-07 22:02:16,542 | Meas=20.00 | Ctrl=21.05 | Model=82.87 | Anom=True
2025-08-07 22:02:17,545 | Meas=19.98 | Ctrl=21.58 | Model=85.97 | Anom=True
2025-08-07 22:02:18,548 | Meas=19.95 | Ctrl=22.15 | Model=89.12 | Anom=True
2025-08-07 22:02:19,546 | Meas=20.00 | Ctrl=22.55 | Model=92.29 | Anom=True
2025-08-07 22:02:20,551 | Meas=20.10 | Ctrl=22.83 | Model=95.45 | Anom=True
2025-08-07 22:02:21,550 | Meas=20.20 | Ctrl=23.11 | Model=98.60 | Anom=True
2025-08-07 22:02:22,556 | Meas=20.30 | Ctrl=23.38 | Model=101.74 | Anom=True
2025-08-07 22:02:23,561 | Meas=20.50 | Ctrl=23.43 | Model=104.84 | Anom=True
2025-08-07 22:02:24,557 | Meas=20.40 | Ctrl=24.10 | Model=108.00 | Anom=True
2025-08-07 22:02:25,563 | Meas=20.60 | Ctrl=24.13 | Model=111.11 | Anom=True
2025-08-07 22:02:26,565 | Meas=20.70 | Ctrl=24.36 | Model=114.20 | Anom=True
2025-08-07 22:02:27,571 | Meas=20.80 | Ctrl=24.58 | Model=117.27 | Anom=True
2025-08-07 22:02:28,571 | Meas=24.99 | Ctrl=16.00 | Model=24.99 | Anom=False
2025-08-07 22:02:29,576 | Meas=24.91 | Ctrl=16.38 | Model=28.21 | Anom=True
2025-08-07 22:02:30,575 | Meas=25.10 | Ctrl=15.98 | Model=25.10 | Anom=False
2025-08-07 22:02:31,576 | Meas=30.10 | Ctrl=5.23 | Model=30.10 | Anom=False
2025-08-07 22:02:32,587 | Meas=30.20 | Ctrl=4.75 | Model=30.20 | Anom=False
2025-08-07 22:02:33,585 | Meas=30.30 | Ctrl=4.02 | Model=30.30 | Anom=False
2025-08-07 22:02:34,586 | Meas=30.50 | Ctrl=3.07 | Model=30.50 | Anom=False
2025-08-07 22:02:35,589 | Meas=31.00 | Ctrl=1.45 | Model=31.00 | Anom=False
2025-08-07 22:02:36,587 | Meas=31.10 | Ctrl=0.66 | Model=31.10 | Anom=False
2025-08-07 22:02:37,594 | Meas=31.30 | Ctrl=-0.37 | Model=31.30 | Anom=False
2025-08-07 22:02:38,597 | Meas=31.50 | Ctrl=-1.42 | Model=31.50 | Anom=False
2025-08-07 22:02:39,599 | Meas=31.60 | Ctrl=-2.28 | Model=31.60 | Anom=False
2025-08-07 22:02:40,599 | Meas=31.80 | Ctrl=-3.36 | Model=31.80 | Anom=False
2025-08-07 22:02:41,603 | Meas=32.00 | Ctrl=-4.46 | Model=32.00 | Anom=False
2025-08-07 22:02:42,598 | Meas=32.20 | Ctrl=-5.58 | Model=32.20 | Anom=False
2025-08-07 22:02:43,606 | Meas=32.40 | Ctrl=-6.72 | Model=32.40 | Anom=False
2025-08-07 22:02:44,616 | Meas=32.60 | Ctrl=-7.88 | Model=32.60 | Anom=False
2025-08-07 22:02:45,614 | Meas=32.80 | Ctrl=-9.06 | Model=32.80 | Anom=False
2025-08-07 22:02:46,620 | Meas=33.00 | Ctrl=-10.26 | Model=33.00 | Anom=False
2025-08-07 22:02:47,619 | Meas=33.10 | Ctrl=-11.27 | Model=33.10 | Anom=False
2025-08-07 22:02:48,622 | Meas=33.20 | Ctrl=-12.29 | Model=33.20 | Anom=False
2025-08-07 22:02:49,620 | Meas=33.30 | Ctrl=-13.32 | Model=33.30 | Anom=False
2025-08-07 22:02:50,622 | Meas=33.40 | Ctrl=-14.36 | Model=33.40 | Anom=False
2025-08-07 22:02:51,624 | Meas=33.50 | Ctrl=-15.41 | Model=33.50 | Anom=False
2025-08-07 22:02:52,632 | Meas=33.60 | Ctrl=-16.47 | Model=33.60 | Anom=False
2025-08-07 22:02:53,643 | Meas=33.70 | Ctrl=-17.54 | Model=33.70 | Anom=False
2025-08-07 22:02:54,646 | Meas=33.80 | Ctrl=-18.62 | Model=33.80 | Anom=False
2025-08-07 22:02:55,650 | Meas=33.90 | Ctrl=-19.71 | Model=33.90 | Anom=False
2025-08-07 22:02:56,647 | Meas=34.00 | Ctrl=-20.81 | Model=34.00 | Anom=False
2025-08-07 22:02:57,654 | Meas=34.10 | Ctrl=-21.92 | Model=34.10 | Anom=False
2025-08-07 22:02:58,656 | Meas=34.20 | Ctrl=-23.04 | Model=34.20 | Anom=False
2025-08-07 22:02:59,662 | Meas=34.30 | Ctrl=-24.17 | Model=34.30 | Anom=False
2025-08-07 22:03:00,662 | Meas=34.40 | Ctrl=-25.31 | Model=34.40 | Anom=False
2025-08-07 22:03:01,660 | Meas=34.50 | Ctrl=-26.46 | Model=34.50 | Anom=False
2025-08-07 22:03:02,670 | Meas=34.60 | Ctrl=-27.62 | Model=34.60 | Anom=False
2025-08-07 22:03:03,677 | Meas=34.70 | Ctrl=-28.79 | Model=34.70 | Anom=False
2025-08-07 22:03:04,679 | Meas=34.80 | Ctrl=-29.97 | Model=34.80 | Anom=False
2025-08-07 22:03:05,680 | Meas=34.90 | Ctrl=-31.16 | Model=34.90 | Anom=False
2025-08-07 22:03:06,680 | Meas=35.00 | Ctrl=-32.36 | Model=35.00 | Anom=False
2025-08-07 22:03:07,684 | Meas=35.10 | Ctrl=-33.57 | Model=35.10 | Anom=False
2025-08-07 22:03:08,689 | Meas=35.20 | Ctrl=-34.79 | Model=35.20 | Anom=False
2025-08-07 22:03:09,689 | Meas=35.30 | Ctrl=-36.02 | Model=35.30 | Anom=False
2025-08-07 22:03:10,693 | Meas=35.40 | Ctrl=-37.26 | Model=35.40 | Anom=False
2025-08-07 22:03:11,694 | Meas=35.50 | Ctrl=-38.51 | Model=35.50 | Anom=False
2025-08-07 22:03:12,693 | Meas=35.60 | Ctrl=-39.77 | Model=35.60 | Anom=False
2025-08-07 22:03:13,699 | Meas=35.70 | Ctrl=-41.04 | Model=35.70 | Anom=False
2025-08-07 22:03:14,707 | Meas=35.80 | Ctrl=-42.32 | Model=35.80 | Anom=False
2025-08-07 22:03:15,722 | Meas=35.90 | Ctrl=-43.61 | Model=35.90 | Anom=False
2025-08-07 22:03:16,710 | Meas=36.00 | Ctrl=-44.91 | Model=36.00 | Anom=False
2025-08-07 22:03:17,712 | Meas=36.10 | Ctrl=-46.22 | Model=36.10 | Anom=False
2025-08-07 22:03:18,711 | Meas=36.20 | Ctrl=-47.54 | Model=36.20 | Anom=False
2025-08-07 22:03:19,717 | Meas=36.30 | Ctrl=-48.87 | Model=36.30 | Anom=False
2025-08-07 22:03:20,726 | Meas=36.40 | Ctrl=-50.21 | Model=36.40 | Anom=False
2025-08-07 22:03:21,735 | Meas=36.50 | Ctrl=-51.56 | Model=36.50 | Anom=False
2025-08-07 22:03:22,738 | Meas=36.60 | Ctrl=-52.92 | Model=36.60 | Anom=False
2025-08-07 22:03:23,741 | Meas=36.70 | Ctrl=-54.29 | Model=36.70 | Anom=False
2025-08-07 22:03:24,746 | Meas=36.80 | Ctrl=-55.67 | Model=36.80 | Anom=False
2025-08-07 22:03:25,747 | Meas=36.90 | Ctrl=-57.06 | Model=36.90 | Anom=False
2025-08-07 22:03:26,751 | Meas=37.00 | Ctrl=-58.46 | Model=37.00 | Anom=False
2025-08-07 22:03:27,753 | Meas=37.10 | Ctrl=-59.87 | Model=37.10 | Anom=False
2025-08-07 22:03:28,753 | Meas=37.20 | Ctrl=-61.29 | Model=37.20 | Anom=False
2025-08-07 22:03:29,750 | Meas=37.30 | Ctrl=-62.72 | Model=37.30 | Anom=False
2025-08-07 22:03:30,759 | Meas=37.40 | Ctrl=-64.16 | Model=37.40 | Anom=False
2025-08-12 13:32:29,973 | Meas=25.02 | Ctrl=-0.04 | Model=25.02 | Anom=False
2025-08-12 13:32:30,957 | Meas=25.00 | Ctrl=-0.00 | Model=25.00 | Anom=False
2025-08-12 13:32:31,958 | Meas=24.99 | Ctrl=0.02 | Model=24.99 | Anom=False
2025-08-12 13:32:32,967 | Meas=25.02 | Ctrl=-0.04 | Model=25.02 | Anom=False
2025-08-12 13:32:33,975 | Meas=25.01 | Ctrl=-0.02 | Model=25.01 | Anom=False
2025-08-12 13:32:34,971 | Meas=25.02 | Ctrl=-0.05 | Model=25.02 | Anom=False
2025-08-12 13:32:35,970 | Meas=24.99 | Ctrl=0.02 | Model=24.99 | Anom=False
2025-08-12 13:32:36,972 | Meas=25.00 | Ctrl=-0.01 | Model=25.00 | Anom=False
2025-08-12 13:32:37,974 | Meas=25.10 | Ctrl=-0.22 | Model=24.90 | Anom=True
2025-08-12 13:32:38,975 | Meas=25.02 | Ctrl=-0.05 | Model=25.02 | Anom=False
2025-08-12 13:32:39,976 | Meas=24.98 | Ctrl=0.03 | Model=24.96 | Anom=True
2025-08-12 13:32:40,980 | Meas=24.97 | Ctrl=0.05 | Model=24.92 | Anom=True
2025-08-12 13:32:41,983 | Meas=24.97 | Ctrl=0.05 | Model=24.87 | Anom=True
2025-08-12 13:32:42,992 | Meas=24.91 | Ctrl=0.18 | Model=24.85 | Anom=True
2025-08-12 13:32:44,001 | Meas=24.99 | Ctrl=0.02 | Model=24.79 | Anom=True
2025-08-12 13:32:44,999 | Meas=24.91 | Ctrl=0.19 | Model=24.78 | Anom=True
2025-08-12 13:32:46,002 | Meas=24.92 | Ctrl=0.18 | Model=24.76 | Anom=True
2025-08-12 13:32:47,016 | Meas=25.02 | Ctrl=-0.03 | Model=24.70 | Anom=True
2025-08-12 13:32:48,018 | Meas=24.99 | Ctrl=0.04 | Model=24.65 | Anom=True
2025-08-12 13:32:49,028 | Meas=20.10 | Ctrl=10.55 | Model=26.71 | Anom=True
2025-08-12 13:32:50,040 | Meas=25.06 | Ctrl=0.13 | Model=26.64 | Anom=True
2025-08-12 13:32:51,043 | Meas=25.05 | Ctrl=0.40 | Model=26.63 | Anom=True
2025-08-12 13:32:52,048 | Meas=24.96 | Ctrl=0.58 | Model=24.96 | Anom=False
2025-08-12 13:32:53,051 | Meas=24.99 | Ctrl=0.52 | Model=24.99 | Anom=False
2025-08-12 13:32:54,055 | Meas=24.99 | Ctrl=0.52 | Model=24.99 | Anom=False
2025-08-12 13:32:55,056 | Meas=24.99 | Ctrl=0.52 | Model=24.99 | Anom=False
2025-08-12 13:32:56,059 | Meas=30.80 | Ctrl=-11.97 | Model=30.80 | Anom=False
2025-08-12 13:32:57,056 | Meas=31.00 | Ctrl=-12.69 | Model=31.00 | Anom=False
2025-08-12 13:32:58,063 | Meas=31.20 | Ctrl=-13.71 | Model=31.20 | Anom=False
2025-08-12 13:32:59,069 | Meas=31.60 | Ctrl=-15.18 | Model=31.60 | Anom=False
2025-08-12 13:33:00,065 | Meas=31.50 | Ctrl=-15.60 | Model=31.50 | Anom=False
2025-08-12 13:33:01,072 | Meas=31.40 | Ctrl=-16.04 | Model=31.40 | Anom=False
2025-08-12 13:33:02,085 | Meas=30.90 | Ctrl=-15.61 | Model=30.90 | Anom=False
2025-08-12 13:33:03,093 | Meas=25.01 | Ctrl=-3.56 | Model=30.01 | Anom=True
2025-08-12 13:33:04,098 | Meas=25.00 | Ctrl=-3.84 | Model=29.08 | Anom=True
2025-08-12 13:33:05,096 | Meas=24.98 | Ctrl=-3.80 | Model=28.18 | Anom=True
2025-08-12 13:33:06,103 | Meas=25.01 | Ctrl=-3.86 | Model=27.29 | Anom=True
2025-08-12 13:33:07,108 | Meas=25.11 | Ctrl=-4.07 | Model=26.37 | Anom=True
2025-08-12 13:33:08,113 | Meas=24.88 | Ctrl=-3.58 | Model=25.56 | Anom=True
2025-08-12 13:33:09,114 | Meas=24.98 | Ctrl=-3.80 | Model=24.73 | Anom=True
2025-08-12 13:33:10,111 | Meas=25.03 | Ctrl=-3.90 | Model=23.90 | Anom=True
2025-08-12 13:33:11,117 | Meas=25.00 | Ctrl=-3.84 | Model=23.09 | Anom=True
2025-08-12 13:33:12,122 | Meas=19.50 | Ctrl=7.99 | Model=24.67 | Anom=True
2025-08-12 13:33:13,127 | Meas=19.00 | Ctrl=9.34 | Model=26.48 | Anom=True
2025-08-12 13:33:14,131 | Meas=24.92 | Ctrl=-2.82 | Model=25.83 | Anom=True
2025-08-12 13:33:15,134 | Meas=24.93 | Ctrl=-2.53 | Model=25.24 | Anom=True
2025-08-12 13:33:16,144 | Meas=25.17 | Ctrl=-3.04 | Model=24.57 | Anom=True
2025-08-12 13:33:17,144 | Meas=24.97 | Ctrl=-2.62 | Model=24.00 | Anom=True
2025-08-12 13:33:18,144 | Meas=24.87 | Ctrl=-2.41 | Model=23.48 | Anom=True
2025-08-12 13:33:19,153 | Meas=24.91 | Ctrl=-2.49 | Model=22.95 | Anom=True
2025-08-12 13:33:20,147 | Meas=25.07 | Ctrl=-2.82 | Model=22.37 | Anom=True
2025-08-12 13:33:21,156 | Meas=24.84 | Ctrl=-2.32 | Model=21.89 | Anom=True
2025-08-12 13:33:22,158 | Meas=24.95 | Ctrl=-2.56 | Model=21.39 | Anom=True
2025-08-12 13:33:23,155 | Meas=24.73 | Ctrl=-2.07 | Model=20.98 | Anom=True
2025-08-12 13:33:24,165 | Meas=25.21 | Ctrl=-3.09 | Model=20.39 | Anom=True
2025-08-12 13:33:25,175 | Meas=25.10 | Ctrl=-2.85 | Model=19.85 | Anom=True
2025-08-12 13:33:26,178 | Meas=25.03 | Ctrl=-2.71 | Model=19.35 | Anom=True
2025-08-12 13:33:27,185 | Meas=25.07 | Ctrl=-2.81 | Model=18.84 | Anom=True
2025-08-12 13:33:28,186 | Meas=25.21 | Ctrl=-3.11 | Model=18.28 | Anom=True
2025-08-12 13:33:29,185 | Meas=24.79 | Ctrl=-2.22 | Model=17.91 | Anom=True
2025-08-12 13:33:30,191 | Meas=24.89 | Ctrl=-2.44 | Model=17.51 | Anom=True
2025-08-12 13:33:31,192 | Meas=25.08 | Ctrl=-2.83 | Model=17.03 | Anom=True
2025-08-12 13:33:32,200 | Meas=24.99 | Ctrl=-2.64 | Model=24.99 | Anom=False
2025-08-12 13:33:33,205 | Meas=25.01 | Ctrl=-2.68 | Model=25.01 | Anom=False
2025-08-12 13:33:34,201 | Meas=25.00 | Ctrl=-2.66 | Model=25.00 | Anom=False
2025-08-12 13:33:35,200 | Meas=24.96 | Ctrl=-2.58 | Model=24.96 | Anom=False
2025-08-12 13:33:36,202 | Meas=25.00 | Ctrl=-2.66 | Model=25.00 | Anom=False
2025-08-12 13:33:37,206 | Meas=25.02 | Ctrl=-2.70 | Model=25.02 | Anom=False
2025-08-12 13:33:38,209 | Meas=25.01 | Ctrl=-2.68 | Model=25.01 | Anom=False
2025-08-12 13:33:39,210 | Meas=25.07 | Ctrl=-2.81 | Model=24.39 | Anom=True
2025-08-12 13:33:40,211 | Meas=24.99 | Ctrl=-2.64 | Model=24.99 | Anom=False
2025-08-12 13:33:41,216 | Meas=25.00 | Ctrl=-2.67 | Model=25.00 | Anom=False
2025-08-12 13:33:42,219 | Meas=24.94 | Ctrl=-2.54 | Model=24.43 | Anom=True
2025-08-12 13:33:43,221 | Meas=24.99 | Ctrl=-2.64 | Model=24.99 | Anom=False
2025-08-12 13:33:44,225 | Meas=25.04 | Ctrl=-2.75 | Model=25.04 | Anom=False
2025-08-12 13:33:45,226 | Meas=25.06 | Ctrl=-2.79 | Model=25.06 | Anom=False
2025-08-12 13:33:46,228 | Meas=24.96 | Ctrl=-2.58 | Model=24.48 | Anom=True
2025-08-12 13:33:47,230 | Meas=25.04 | Ctrl=-2.75 | Model=23.88 | Anom=True
2025-08-12 13:33:48,227 | Meas=24.99 | Ctrl=-2.65 | Model=24.99 | Anom=False
2025-08-12 13:33:49,233 | Meas=25.00 | Ctrl=-2.67 | Model=25.00 | Anom=False
2025-08-12 13:33:50,236 | Meas=24.97 | Ctrl=-2.60 | Model=24.97 | Anom=False
2025-08-12 13:33:51,234 | Meas=25.00 | Ctrl=-2.67 | Model=25.00 | Anom=False
