2025-08-08 11:48:14,214 | SECURITY | 2025-07-24 10:00:00  Masked=25.00°C  Model=25.00°C
2025-08-08 11:48:14,214 | SECURITY | 
2025-08-08 11:48:15,196 | SECURITY | 2025-07-24 10:00:01  Masked=25.00°C  Model=25.00°C
2025-08-08 11:48:15,196 | SECURITY | 
2025-08-08 11:48:16,198 | SECURITY | 2025-07-24 10:00:02  Masked=25.01°C  Model=25.01°C
2025-08-08 11:48:16,199 | SECURITY | 
2025-08-08 11:48:17,198 | SECURITY | 2025-07-24 10:00:03  Masked=24.99°C  Model=24.99°C
2025-08-08 11:48:17,198 | SECURITY | 
2025-08-08 11:48:18,199 | SECURITY | 2025-07-24 10:00:04  Masked=24.96°C  Model=24.96°C
2025-08-08 11:48:18,200 | SECURITY | 
2025-08-08 11:48:19,204 | SECURITY | 2025-07-24 10:00:05  Masked=25.02°C  Model=25.02°C
2025-08-08 11:48:19,205 | SECURITY | 
2025-08-08 11:48:20,207 | SECURITY | 2025-07-24 10:00:06  Masked=25.02°C  Model=25.02°C
2025-08-08 11:48:20,207 | SECURITY | 
2025-08-08 11:48:21,212 | SECURITY | 2025-07-24 10:00:07  Masked=25.03°C  Model=25.03°C
2025-08-08 11:48:21,213 | SECURITY | 
2025-08-08 11:48:22,213 | SECURITY | 2025-07-24 10:00:08  Masked=24.91°C  Model=25.01°C
2025-08-08 11:48:22,214 | SECURITY | 
2025-08-08 11:48:23,214 | SECURITY | 2025-07-24 10:00:09  Masked=25.01°C  Model=25.01°C
2025-08-08 11:48:23,214 | SECURITY | 
2025-08-08 11:48:24,218 | SECURITY | 2025-07-24 10:01:00  Masked=25.02°C  Model=24.94°C
2025-08-08 11:48:24,219 | SECURITY | 
2025-08-08 11:48:25,223 | SECURITY | 2025-07-24 10:01:01  Masked=24.91°C  Model=24.92°C
2025-08-08 11:48:25,223 | SECURITY | 
2025-08-08 11:48:26,222 | SECURITY | 2025-07-24 10:01:02  Masked=24.99°C  Model=24.87°C
2025-08-08 11:48:26,222 | SECURITY | 
2025-08-08 11:48:27,224 | SECURITY | 2025-07-24 10:01:03  Masked=25.00°C  Model=24.82°C
2025-08-08 11:48:27,224 | SECURITY | 
2025-08-08 11:48:28,227 | SECURITY | 2025-07-24 10:01:04  Masked=24.90°C  Model=24.80°C
2025-08-08 11:48:28,228 | SECURITY | 
2025-08-08 11:48:29,226 | SECURITY | 2025-07-24 10:01:05  Masked=24.88°C  Model=24.80°C
2025-08-08 11:48:29,227 | SECURITY | 
2025-08-08 11:48:30,228 | SECURITY | 2025-07-24 10:01:06  Masked=25.06°C  Model=24.73°C
2025-08-08 11:48:30,228 | SECURITY | 
2025-08-08 11:48:31,230 | SECURITY | 2025-07-24 10:01:07  Masked=25.04°C  Model=24.66°C
2025-08-08 11:48:31,230 | SECURITY | 
2025-08-08 11:48:32,230 | SECURITY | 2025-07-24 10:01:08  Masked=24.94°C  Model=24.64°C
2025-08-08 11:48:32,230 | SECURITY | 
2025-08-08 11:48:33,237 | SECURITY | 2025-07-24 10:01:09  Masked=20.10°C  Model=26.70°C
2025-08-08 11:48:33,238 | SECURITY | [96m UNDERCOOL at 10:01:09 – 20.10°C (Regulating...)[0m
2025-08-08 11:48:33,239 | SECURITY | 
2025-08-08 11:48:34,235 | SECURITY | 2025-07-24 10:02:00  Masked=24.99°C  Model=26.67°C
2025-08-08 11:48:34,235 | SECURITY | [96m Prolonged\u2010open since 10:01:00[0m
2025-08-08 11:48:34,236 | SECURITY | 
2025-08-08 11:48:35,239 | SECURITY | 2025-07-24 10:02:01  Masked=24.78°C  Model=26.77°C
2025-08-08 11:48:35,239 | SECURITY | 
2025-08-08 11:48:36,244 | SECURITY | 2025-07-24 10:02:02  Masked=25.01°C  Model=25.01°C
2025-08-08 11:48:36,244 | SECURITY | 
2025-08-08 11:48:37,246 | SECURITY | 2025-07-24 10:02:03  Masked=25.01°C  Model=25.01°C
2025-08-08 11:48:37,251 | SECURITY | 
2025-08-08 11:48:38,246 | SECURITY | 2025-07-24 10:02:04  Masked=24.98°C  Model=24.98°C
2025-08-08 11:48:38,246 | SECURITY | 
2025-08-08 11:48:39,248 | SECURITY | 2025-07-24 10:02:05  Masked=24.99°C  Model=24.99°C
2025-08-08 11:48:39,249 | SECURITY | 
2025-08-08 11:48:40,249 | SECURITY | 2025-07-24 13:00:00  Masked=30.80°C  Model=30.80°C
2025-08-08 11:48:40,249 | SECURITY | [91m OVERHEAT at 13:00:00 – 30.80°C[0m
2025-08-08 11:48:40,250 | SECURITY | 
2025-08-08 11:48:41,249 | SECURITY | 2025-07-24 13:00:01  Masked=31.00°C  Model=31.00°C
2025-08-08 11:48:41,249 | SECURITY | [91m OVERHEAT at 13:00:01 – 31.00°C[0m
2025-08-08 11:48:41,250 | SECURITY | 
2025-08-08 11:48:42,251 | SECURITY | 2025-07-24 13:00:02  Masked=31.20°C  Model=31.20°C
2025-08-08 11:48:42,252 | SECURITY | [91m OVERHEAT at 13:00:02 – 31.20°C[0m
2025-08-08 11:48:42,252 | SECURITY | 
2025-08-08 11:48:43,257 | SECURITY | 2025-07-24 13:00:03  Masked=31.60°C  Model=31.60°C
2025-08-08 11:48:43,257 | SECURITY | [91m OVERHEAT at 13:00:03 – 31.60°C[0m
2025-08-08 11:48:43,257 | SECURITY | 
2025-08-08 11:48:44,259 | SECURITY | 2025-07-24 13:00:04  Masked=31.50°C  Model=31.50°C
2025-08-08 11:48:44,260 | SECURITY | [91m OVERHEAT at 13:00:04 – 31.50°C[0m
2025-08-08 11:48:44,260 | SECURITY | 
2025-08-08 11:48:45,259 | SECURITY | 2025-07-24 13:00:05  Masked=31.40°C  Model=31.40°C
2025-08-08 11:48:45,259 | SECURITY | [91m OVERHEAT at 13:00:05 – 31.40°C[0m
2025-08-08 11:48:45,259 | SECURITY | 
2025-08-08 11:48:46,262 | SECURITY | 2025-07-24 13:00:06  Masked=30.90°C  Model=30.90°C
2025-08-08 11:48:46,263 | SECURITY | [91m OVERHEAT at 13:00:06 – 30.90°C[0m
2025-08-08 11:48:46,263 | SECURITY | 
2025-08-08 11:48:47,267 | SECURITY | 2025-07-24 22:05:00  Masked=25.03°C  Model=30.01°C
2025-08-08 11:48:47,268 | SECURITY | [93m Night\u2010time door event at 22:05:00[0m
2025-08-08 11:48:47,268 | SECURITY | 
2025-08-08 11:48:48,266 | SECURITY | 2025-07-24 22:05:01  Masked=24.98°C  Model=29.10°C
2025-08-08 11:48:48,266 | SECURITY | [93m Night\u2010time door event at 22:05:01[0m
2025-08-08 11:48:48,266 | SECURITY | 
2025-08-08 11:48:49,266 | SECURITY | 2025-07-24 22:05:02  Masked=25.12°C  Model=28.15°C
2025-08-08 11:48:49,266 | SECURITY | [93m Night\u2010time door event at 22:05:02[0m
2025-08-08 11:48:49,266 | SECURITY | 
2025-08-08 11:48:50,269 | SECURITY | 2025-07-24 22:05:03  Masked=25.16°C  Model=27.19°C
2025-08-08 11:48:50,269 | SECURITY | [93m Night\u2010time door event at 22:05:03[0m
2025-08-08 11:48:50,269 | SECURITY | 
2025-08-08 11:48:51,272 | SECURITY | 2025-07-24 22:05:04  Masked=24.87°C  Model=26.38°C
2025-08-08 11:48:51,274 | SECURITY | [93m Night\u2010time door event at 22:05:04[0m
2025-08-08 11:48:51,274 | SECURITY | 
2025-08-08 11:48:52,274 | SECURITY | 2025-07-24 22:05:05  Masked=25.10°C  Model=25.49°C
2025-08-08 11:48:52,274 | SECURITY | [93m Night\u2010time door event at 22:05:05[0m
2025-08-08 11:48:52,275 | SECURITY | 
2025-08-08 11:48:53,279 | SECURITY | 2025-07-24 22:05:06  Masked=25.06°C  Model=24.63°C
2025-08-08 11:48:53,282 | SECURITY | [93m Night\u2010time door event at 22:05:06[0m
2025-08-08 11:48:53,282 | SECURITY | 
2025-08-08 11:48:54,279 | SECURITY | 2025-07-24 14:00:00  Masked=25.17°C  Model=23.74°C
2025-08-08 11:48:54,279 | SECURITY | 
2025-08-08 11:48:55,279 | SECURITY | 2025-07-24 14:00:01  Masked=24.93°C  Model=22.97°C
2025-08-08 11:48:55,279 | SECURITY | 
2025-08-08 11:48:56,285 | SECURITY | 2025-07-24 14:00:02  Masked=25.13°C  Model=22.12°C
2025-08-08 11:48:56,285 | SECURITY | 
2025-08-08 11:48:57,285 | SECURITY | 2025-07-24 14:00:03  Masked=25.09°C  Model=21.31°C
2025-08-08 11:48:57,285 | SECURITY | 
2025-08-08 11:48:58,285 | SECURITY | 2025-07-24 14:00:04  Masked=25.13°C  Model=20.50°C
2025-08-08 11:48:58,285 | SECURITY | 
2025-08-08 11:48:59,286 | SECURITY | 2025-07-24 14:00:05  Masked=24.98°C  Model=19.77°C
2025-08-08 11:48:59,287 | SECURITY | 
2025-08-08 11:49:00,287 | SECURITY | 2025-07-24 14:00:06  Masked=25.09°C  Model=19.00°C
2025-08-08 11:49:00,287 | SECURITY | 
2025-08-08 11:49:01,290 | SECURITY | 2025-07-24 14:00:07  Masked=25.02°C  Model=18.27°C
2025-08-08 11:49:01,290 | SECURITY | 
2025-08-08 11:49:02,309 | SECURITY | 2025-07-24 14:00:08  Masked=24.95°C  Model=17.59°C
2025-08-08 11:49:02,309 | SECURITY | 
2025-08-08 11:49:03,311 | SECURITY | 2025-07-24 14:00:09  Masked=24.95°C  Model=16.93°C
2025-08-08 11:49:03,311 | SECURITY | 
2025-08-08 11:49:04,312 | SECURITY | 2025-07-24 14:00:10  Masked=25.13°C  Model=16.20°C
2025-08-08 11:49:04,312 | SECURITY | 
2025-08-08 11:49:05,314 | SECURITY | 2025-07-24 14:00:11  Masked=25.02°C  Model=15.53°C
2025-08-08 11:49:05,314 | SECURITY | 
2025-08-08 11:49:06,316 | SECURITY | 2025-07-24 14:00:12  Masked=25.01°C  Model=14.88°C
2025-08-08 11:49:06,316 | SECURITY | 
2025-08-08 11:49:07,316 | SECURITY | 2025-07-24 14:00:13  Masked=25.20°C  Model=14.16°C
2025-08-08 11:49:07,316 | SECURITY | 
2025-08-08 11:49:08,323 | SECURITY | 2025-07-24 14:00:14  Masked=24.99°C  Model=13.54°C
2025-08-08 11:49:08,324 | SECURITY | 
2025-08-08 11:49:09,322 | SECURITY | 2025-07-24 14:00:15  Masked=25.06°C  Model=12.90°C
2025-08-08 11:49:09,322 | SECURITY | 
2025-08-08 11:49:10,322 | SECURITY | 2025-07-24 14:00:16  Masked=24.90°C  Model=12.35°C
2025-08-08 11:49:10,322 | SECURITY | 
2025-08-08 11:49:11,326 | SECURITY | 2025-07-24 14:00:17  Masked=24.92°C  Model=11.79°C
2025-08-08 11:49:11,336 | SECURITY | 
2025-08-08 11:49:12,327 | SECURITY | 2025-07-24 14:00:18  Masked=25.03°C  Model=11.20°C
2025-08-08 11:49:12,328 | SECURITY | 
2025-08-08 11:49:13,332 | SECURITY | 2025-07-24 14:00:19  Masked=24.91°C  Model=10.68°C
2025-08-08 11:49:13,332 | SECURITY | 
2025-08-08 11:49:14,333 | SECURITY | 2025-07-24 14:00:20  Masked=25.03°C  Model=10.11°C
2025-08-08 11:49:14,335 | SECURITY | 
2025-08-08 11:49:15,338 | SECURITY | 2025-07-24 14:00:21  Masked=25.03°C  Model=9.56°C
2025-08-08 11:49:15,338 | SECURITY | 
2025-08-08 11:49:16,343 | SECURITY | 2025-07-24 15:00:00  Masked=25.04°C  Model=25.04°C
2025-08-08 11:49:16,344 | SECURITY | 
2025-08-08 11:49:17,345 | SECURITY | 2025-07-24 15:00:01  Masked=25.01°C  Model=25.01°C
2025-08-08 11:49:17,347 | SECURITY | 
2025-08-08 11:49:18,349 | SECURITY | 2025-07-24 15:00:02  Masked=25.03°C  Model=25.03°C
2025-08-08 11:49:18,349 | SECURITY | 
2025-08-08 11:49:19,347 | SECURITY | 2025-07-24 15:00:03  Masked=25.01°C  Model=25.01°C
2025-08-08 11:49:19,348 | SECURITY | 
2025-08-08 11:49:20,348 | SECURITY | 2025-07-24 15:00:04  Masked=25.01°C  Model=25.01°C
2025-08-08 11:49:20,348 | SECURITY | 
2025-08-08 11:49:21,356 | SECURITY | 2025-07-24 15:00:05  Masked=25.02°C  Model=25.02°C
2025-08-08 11:49:21,356 | SECURITY | 
2025-08-08 11:49:22,358 | SECURITY | 2025-07-24 15:00:06  Masked=24.97°C  Model=24.97°C
2025-08-08 11:49:22,359 | SECURITY | 
2025-08-08 11:49:23,363 | SECURITY | 2025-07-24 15:00:07  Masked=25.26°C  Model=24.02°C
2025-08-08 11:49:23,364 | SECURITY | 
2025-08-08 11:49:24,360 | SECURITY | 2025-07-24 15:00:08  Masked=25.01°C  Model=25.01°C
2025-08-08 11:49:24,361 | SECURITY | 
2025-08-08 11:49:25,361 | SECURITY | 2025-07-24 15:00:09  Masked=25.02°C  Model=25.02°C
2025-08-08 11:49:25,362 | SECURITY | 
2025-08-08 11:49:26,363 | SECURITY | 2025-07-24 16:00:00  Masked=25.07°C  Model=24.14°C
2025-08-08 11:49:26,363 | SECURITY | 
2025-08-08 11:49:27,364 | SECURITY | 2025-07-24 16:00:01  Masked=25.02°C  Model=25.02°C
2025-08-08 11:49:27,364 | SECURITY | 
2025-08-08 11:49:28,366 | SECURITY | 2025-07-24 16:00:02  Masked=25.01°C  Model=25.01°C
2025-08-08 11:49:28,366 | SECURITY | 
2025-08-08 11:49:29,373 | SECURITY | 2025-07-24 16:00:03  Masked=25.01°C  Model=25.01°C
2025-08-08 11:49:29,373 | SECURITY | 
2025-08-08 11:49:30,370 | SECURITY | 2025-07-24 16:00:04  Masked=24.67°C  Model=24.30°C
2025-08-08 11:49:30,371 | SECURITY | 
2025-08-08 11:49:31,370 | SECURITY | 2025-07-24 16:00:05  Masked=24.91°C  Model=23.51°C
2025-08-08 11:49:31,371 | SECURITY | 
2025-08-08 11:49:32,375 | SECURITY | 2025-07-24 16:00:06  Masked=25.01°C  Model=25.01°C
2025-08-08 11:49:32,376 | SECURITY | 
2025-08-08 11:49:33,376 | SECURITY | 2025-07-24 16:00:07  Masked=25.05°C  Model=25.05°C
2025-08-08 11:49:33,376 | SECURITY | 
2025-08-08 11:49:34,378 | SECURITY | 2025-07-24 16:00:08  Masked=25.07°C  Model=25.07°C
2025-08-08 11:49:34,378 | SECURITY | 
2025-08-08 11:49:35,379 | SECURITY | 2025-07-24 16:00:09  Masked=24.98°C  Model=24.98°C
2025-08-08 11:49:35,379 | SECURITY | 
2025-08-08 11:55:11,928 | SECURITY | 2025-07-24 10:00:00  Masked=24.98°C  Model=24.98°C
2025-08-08 11:55:11,928 | SECURITY | 
2025-08-08 11:55:12,926 | SECURITY | 2025-07-24 10:00:01  Masked=25.02°C  Model=25.02°C
2025-08-08 11:55:12,927 | SECURITY | 
2025-08-08 11:55:13,929 | SECURITY | 2025-07-24 10:00:02  Masked=24.99°C  Model=24.99°C
2025-08-08 11:55:13,929 | SECURITY | 
2025-08-08 11:55:14,927 | SECURITY | 2025-07-24 10:00:03  Masked=25.02°C  Model=25.02°C
2025-08-08 11:55:14,927 | SECURITY | 
2025-08-08 11:55:15,930 | SECURITY | 2025-07-24 10:00:04  Masked=25.01°C  Model=25.01°C
2025-08-08 11:55:15,930 | SECURITY | 
2025-08-08 11:55:16,931 | SECURITY | 2025-07-24 10:00:05  Masked=25.03°C  Model=25.03°C
2025-08-08 11:55:16,931 | SECURITY | 
2025-08-08 11:55:17,932 | SECURITY | 2025-07-24 10:00:06  Masked=25.04°C  Model=25.04°C
2025-08-08 11:55:17,932 | SECURITY | 
2025-08-08 11:55:18,938 | SECURITY | 2025-07-24 10:00:07  Masked=25.01°C  Model=25.01°C
2025-08-08 11:55:18,939 | SECURITY | 
2025-08-08 11:55:19,940 | SECURITY | 2025-07-24 10:00:08  Masked=24.92°C  Model=24.98°C
2025-08-08 11:55:19,940 | SECURITY | 
2025-08-08 11:55:26,319 | SECURITY | 2025-07-24 10:00:00  Masked=24.99°C  Model=24.99°C
2025-08-08 11:55:26,319 | SECURITY | 
2025-08-08 11:55:27,322 | SECURITY | 2025-07-24 10:00:01  Masked=25.04°C  Model=25.04°C
2025-08-08 11:55:27,323 | SECURITY | 
2025-08-08 11:55:28,322 | SECURITY | 2025-07-24 10:00:02  Masked=24.98°C  Model=24.98°C
2025-08-08 11:55:28,323 | SECURITY | 
2025-08-08 11:55:29,324 | SECURITY | 2025-07-24 10:00:03  Masked=25.02°C  Model=25.02°C
2025-08-08 11:55:29,324 | SECURITY | 
2025-08-08 11:55:30,325 | SECURITY | 2025-07-24 10:00:04  Masked=25.02°C  Model=25.02°C
2025-08-08 11:55:30,325 | SECURITY | 
2025-08-08 11:55:31,334 | SECURITY | 2025-07-24 10:00:05  Masked=25.08°C  Model=25.08°C
2025-08-08 11:55:31,335 | SECURITY | 
2025-08-08 11:55:32,346 | SECURITY | 2025-07-24 10:00:06  Masked=25.00°C  Model=25.00°C
2025-08-08 11:55:32,346 | SECURITY | 
2025-08-08 11:55:33,359 | SECURITY | 2025-07-24 10:00:07  Masked=25.01°C  Model=25.01°C
2025-08-08 11:55:33,362 | SECURITY | 
2025-08-08 11:55:34,361 | SECURITY | 2025-07-24 10:00:08  Masked=25.02°C  Model=24.94°C
2025-08-08 11:55:34,361 | SECURITY | 
2025-08-08 11:55:35,362 | SECURITY | 2025-07-24 10:00:09  Masked=24.99°C  Model=24.99°C
2025-08-08 11:55:35,366 | SECURITY | 
2025-08-08 11:55:36,367 | SECURITY | 2025-07-24 10:01:00  Masked=24.84°C  Model=25.00°C
2025-08-08 11:55:36,367 | SECURITY | 
2025-08-08 11:55:37,375 | SECURITY | 2025-07-24 10:01:01  Masked=24.70°C  Model=25.06°C
2025-08-08 11:55:37,376 | SECURITY | 
2025-08-08 11:55:38,367 | SECURITY | 2025-07-24 10:01:02  Masked=25.18°C  Model=24.93°C
2025-08-08 11:55:38,368 | SECURITY | 
2025-08-08 11:55:39,377 | SECURITY | 2025-07-24 10:01:03  Masked=24.88°C  Model=24.92°C
2025-08-08 11:55:39,377 | SECURITY | 
2025-08-08 11:55:40,381 | SECURITY | 2025-07-24 10:01:04  Masked=24.73°C  Model=24.99°C
2025-08-08 11:55:40,382 | SECURITY | 
2025-08-08 11:55:41,383 | SECURITY | 2025-07-24 10:01:05  Masked=25.04°C  Model=24.92°C
2025-08-08 11:55:41,384 | SECURITY | 
2025-08-08 11:55:42,391 | SECURITY | 2025-07-24 10:01:06  Masked=25.10°C  Model=24.82°C
2025-08-08 11:55:42,407 | SECURITY | 
2025-08-08 11:55:43,385 | SECURITY | 2025-07-24 10:01:07  Masked=25.01°C  Model=24.77°C
2025-08-08 11:55:43,385 | SECURITY | 
2025-08-08 11:55:44,387 | SECURITY | 2025-07-24 10:01:08  Masked=24.91°C  Model=24.76°C
2025-08-08 11:55:44,388 | SECURITY | 
2025-08-08 11:55:45,393 | SECURITY | 2025-07-24 10:01:09  Masked=20.10°C  Model=26.82°C
2025-08-08 11:55:45,393 | SECURITY | [96m UNDERCOOL at 10:01:09 – 20.10°C (Regulating...)[0m
2025-08-08 11:55:45,393 | SECURITY | 
2025-08-08 11:55:46,394 | SECURITY | 2025-07-24 10:02:00  Masked=25.09°C  Model=26.74°C
2025-08-08 11:55:46,394 | SECURITY | [96m Prolonged\u2010open since 10:01:00[0m
2025-08-08 11:55:46,394 | SECURITY | 
2025-08-08 11:55:47,401 | SECURITY | 2025-07-24 10:02:01  Masked=25.01°C  Model=26.75°C
2025-08-08 11:55:47,401 | SECURITY | 
2025-08-08 11:55:48,403 | SECURITY | 2025-07-24 10:02:02  Masked=24.99°C  Model=24.99°C
2025-08-08 11:55:48,404 | SECURITY | 
2025-08-08 11:55:49,410 | SECURITY | 2025-07-24 10:02:03  Masked=25.01°C  Model=25.01°C
2025-08-08 11:55:49,410 | SECURITY | 
2025-08-08 11:55:50,411 | SECURITY | 2025-07-24 10:02:04  Masked=25.00°C  Model=25.00°C
2025-08-08 11:55:50,414 | SECURITY | 
2025-08-08 11:55:51,410 | SECURITY | 2025-07-24 10:02:05  Masked=24.96°C  Model=24.96°C
2025-08-08 11:55:51,410 | SECURITY | 
2025-08-08 11:55:52,411 | SECURITY | 2025-07-24 13:00:00  Masked=30.80°C  Model=30.80°C
2025-08-08 11:55:52,412 | SECURITY | [91m OVERHEAT at 13:00:00 – 30.80°C[0m
2025-08-08 11:55:52,412 | SECURITY | 
2025-08-08 11:55:53,420 | SECURITY | 2025-07-24 13:00:01  Masked=31.00°C  Model=31.00°C
2025-08-08 11:55:53,422 | SECURITY | [91m OVERHEAT at 13:00:01 – 31.00°C[0m
2025-08-08 11:55:53,422 | SECURITY | 
2025-08-08 11:55:54,423 | SECURITY | 2025-07-24 13:00:02  Masked=31.20°C  Model=31.20°C
2025-08-08 11:55:54,423 | SECURITY | [91m OVERHEAT at 13:00:02 – 31.20°C[0m
2025-08-08 11:55:54,423 | SECURITY | 
2025-08-08 11:55:55,422 | SECURITY | 2025-07-24 13:00:03  Masked=31.60°C  Model=31.60°C
2025-08-08 11:55:55,422 | SECURITY | [91m OVERHEAT at 13:00:03 – 31.60°C[0m
2025-08-08 11:55:55,422 | SECURITY | 
2025-08-08 11:56:18,269 | SECURITY | 2025-07-24 10:00:00  Masked=24.98°C  Model=24.98°C
2025-08-08 11:56:18,270 | SECURITY | 
2025-08-08 11:56:19,273 | SECURITY | 2025-07-24 10:00:01  Masked=25.00°C  Model=25.00°C
2025-08-08 11:56:19,273 | SECURITY | 
2025-08-08 11:56:20,270 | SECURITY | 2025-07-24 10:00:02  Masked=25.03°C  Model=25.03°C
2025-08-08 11:56:20,270 | SECURITY | 
2025-08-08 11:56:21,272 | SECURITY | 2025-07-24 10:00:03  Masked=25.03°C  Model=25.03°C
2025-08-08 11:56:21,272 | SECURITY | 
2025-08-08 11:56:22,275 | SECURITY | 2025-07-24 10:00:04  Masked=24.98°C  Model=24.98°C
2025-08-08 11:56:22,275 | SECURITY | 
2025-08-08 11:56:23,277 | SECURITY | 2025-07-24 10:00:05  Masked=25.04°C  Model=25.04°C
2025-08-08 11:56:23,277 | SECURITY | 
2025-08-08 11:56:24,278 | SECURITY | 2025-07-24 10:00:06  Masked=25.00°C  Model=25.00°C
2025-08-08 11:56:24,279 | SECURITY | 
2025-08-08 11:56:25,283 | SECURITY | 2025-07-24 10:00:07  Masked=25.01°C  Model=25.01°C
2025-08-08 11:56:25,285 | SECURITY | 
2025-08-08 11:56:26,284 | SECURITY | 2025-07-24 10:00:08  Masked=25.14°C  Model=24.50°C
2025-08-08 11:56:26,284 | SECURITY | 
2025-08-08 11:56:27,287 | SECURITY | 2025-07-24 10:00:09  Masked=25.00°C  Model=25.00°C
2025-08-08 11:56:27,287 | SECURITY | 
2025-08-08 11:56:28,287 | SECURITY | 2025-07-24 10:01:00  Masked=24.99°C  Model=24.55°C
2025-08-08 11:56:28,287 | SECURITY | 
2025-08-08 11:56:29,290 | SECURITY | 2025-07-24 10:01:01  Masked=24.99°C  Model=24.12°C
2025-08-08 11:56:29,290 | SECURITY | 
2025-08-08 11:56:30,294 | SECURITY | 2025-07-24 10:01:02  Masked=24.95°C  Model=23.71°C
2025-08-08 11:56:30,295 | SECURITY | 
2025-08-08 11:56:31,295 | SECURITY | 2025-07-24 10:01:03  Masked=24.94°C  Model=23.31°C
2025-08-08 11:56:31,295 | SECURITY | 
2025-08-08 11:56:32,297 | SECURITY | 2025-07-24 10:01:04  Masked=24.93°C  Model=22.92°C
2025-08-08 11:56:32,297 | SECURITY | 
2025-08-08 11:56:33,298 | SECURITY | 2025-07-24 10:01:05  Masked=24.87°C  Model=22.57°C
2025-08-08 11:56:33,298 | SECURITY | 
2025-08-08 11:56:34,301 | SECURITY | 2025-07-24 10:01:06  Masked=24.93°C  Model=22.21°C
2025-08-08 11:56:34,301 | SECURITY | 
2025-08-08 11:56:35,302 | SECURITY | 2025-07-24 10:01:07  Masked=25.32°C  Model=21.68°C
2025-08-08 11:56:35,302 | SECURITY | 
2025-08-08 11:56:36,305 | SECURITY | 2025-07-24 10:01:08  Masked=25.09°C  Model=21.26°C
2025-08-08 11:56:36,305 | SECURITY | 
2025-08-08 11:56:37,305 | SECURITY | 2025-07-24 10:01:09  Masked=20.10°C  Model=22.99°C
2025-08-08 11:56:37,306 | SECURITY | [96m UNDERCOOL at 10:01:09 – 20.10°C (Regulating...)[0m
2025-08-08 11:56:37,306 | SECURITY | 
2025-08-08 11:56:38,307 | SECURITY | 2025-07-24 10:02:00  Masked=25.00°C  Model=22.63°C
2025-08-08 11:56:38,307 | SECURITY | [96m Prolonged\u2010open since 10:01:00[0m
2025-08-08 11:56:38,308 | SECURITY | 
2025-08-08 11:56:39,308 | SECURITY | 2025-07-24 10:02:01  Masked=25.05°C  Model=22.31°C
2025-08-08 11:56:39,308 | SECURITY | 
2025-08-08 11:56:40,310 | SECURITY | 2025-07-24 10:02:02  Masked=25.02°C  Model=25.02°C
2025-08-08 11:56:40,310 | SECURITY | 
2025-08-08 11:56:41,320 | SECURITY | 2025-07-24 10:02:03  Masked=24.98°C  Model=24.98°C
2025-08-08 11:56:41,320 | SECURITY | 
2025-08-08 11:56:42,335 | SECURITY | 2025-07-24 10:02:04  Masked=24.98°C  Model=24.98°C
2025-08-08 11:56:42,335 | SECURITY | 
2025-08-08 11:56:43,330 | SECURITY | 2025-07-24 10:02:05  Masked=25.02°C  Model=25.02°C
2025-08-08 11:56:43,332 | SECURITY | 
2025-08-08 11:56:44,339 | SECURITY | 2025-07-24 13:00:00  Masked=30.80°C  Model=30.80°C
2025-08-08 11:56:44,339 | SECURITY | [91m OVERHEAT at 13:00:00 – 30.80°C[0m
2025-08-08 11:56:44,339 | SECURITY | 
2025-08-08 11:56:45,342 | SECURITY | 2025-07-24 13:00:01  Masked=31.00°C  Model=31.00°C
2025-08-08 11:56:45,342 | SECURITY | [91m OVERHEAT at 13:00:01 – 31.00°C[0m
2025-08-08 11:56:45,342 | SECURITY | 
2025-08-08 11:56:46,339 | SECURITY | 2025-07-24 13:00:02  Masked=31.20°C  Model=31.20°C
2025-08-08 11:56:46,339 | SECURITY | [91m OVERHEAT at 13:00:02 – 31.20°C[0m
2025-08-08 11:56:46,339 | SECURITY | 
2025-08-08 11:56:47,348 | SECURITY | 2025-07-24 13:00:03  Masked=31.60°C  Model=31.60°C
2025-08-08 11:56:47,349 | SECURITY | [91m OVERHEAT at 13:00:03 – 31.60°C[0m
2025-08-08 11:56:47,349 | SECURITY | 
2025-08-08 11:56:48,357 | SECURITY | 2025-07-24 13:00:04  Masked=31.50°C  Model=31.50°C
2025-08-08 11:56:48,357 | SECURITY | [91m OVERHEAT at 13:00:04 – 31.50°C[0m
2025-08-08 11:56:48,357 | SECURITY | 
2025-08-08 11:56:49,358 | SECURITY | 2025-07-24 13:00:05  Masked=31.40°C  Model=31.40°C
2025-08-08 11:56:49,358 | SECURITY | [91m OVERHEAT at 13:00:05 – 31.40°C[0m
2025-08-08 11:56:49,359 | SECURITY | 
2025-08-08 11:56:50,361 | SECURITY | 2025-07-24 13:00:06  Masked=30.90°C  Model=30.90°C
2025-08-08 11:56:50,361 | SECURITY | [91m OVERHEAT at 13:00:06 – 30.90°C[0m
2025-08-08 11:56:50,362 | SECURITY | 
2025-08-08 11:56:51,362 | SECURITY | 2025-07-24 22:05:00  Masked=24.94°C  Model=29.64°C
2025-08-08 11:56:51,362 | SECURITY | [93m Night\u2010time door event at 22:05:00[0m
2025-08-08 11:56:51,363 | SECURITY | 
2025-08-08 11:56:52,366 | SECURITY | 2025-07-24 22:05:01  Masked=25.11°C  Model=28.28°C
2025-08-08 11:56:52,367 | SECURITY | [93m Night\u2010time door event at 22:05:01[0m
2025-08-08 11:56:52,367 | SECURITY | 
2025-08-08 11:56:53,367 | SECURITY | 2025-07-24 22:05:02  Masked=25.08°C  Model=26.96°C
2025-08-08 11:56:53,368 | SECURITY | [93m Night\u2010time door event at 22:05:02[0m
2025-08-08 11:56:53,368 | SECURITY | 
2025-08-08 11:56:54,367 | SECURITY | 2025-07-24 22:05:03  Masked=24.87°C  Model=25.75°C
2025-08-08 11:56:54,367 | SECURITY | [93m Night\u2010time door event at 22:05:03[0m
2025-08-08 11:56:54,367 | SECURITY | 
2025-08-08 11:56:55,370 | SECURITY | 2025-07-24 22:05:04  Masked=24.98°C  Model=24.53°C
2025-08-08 11:56:55,370 | SECURITY | [93m Night\u2010time door event at 22:05:04[0m
2025-08-08 11:56:55,370 | SECURITY | 
2025-08-08 11:56:56,374 | SECURITY | 2025-07-24 22:05:05  Masked=25.06°C  Model=23.29°C
2025-08-08 11:56:56,375 | SECURITY | [93m Night\u2010time door event at 22:05:05[0m
2025-08-08 11:56:56,375 | SECURITY | 
2025-08-08 11:56:57,381 | SECURITY | 2025-07-24 22:05:06  Masked=25.08°C  Model=22.07°C
2025-08-08 11:56:57,381 | SECURITY | [93m Night\u2010time door event at 22:05:06[0m
2025-08-08 11:56:57,382 | SECURITY | 
2025-08-08 11:56:58,386 | SECURITY | 2025-07-24 14:00:00  Masked=25.06°C  Model=20.87°C
2025-08-08 11:56:58,386 | SECURITY | 
2025-08-08 11:56:59,384 | SECURITY | 2025-07-24 14:00:01  Masked=25.00°C  Model=19.73°C
2025-08-08 11:56:59,384 | SECURITY | 
2025-08-08 11:57:00,384 | SECURITY | 2025-07-24 14:00:02  Masked=25.17°C  Model=18.54°C
2025-08-08 11:57:00,385 | SECURITY | 
2025-08-08 11:57:01,396 | SECURITY | 2025-07-24 14:00:03  Masked=25.02°C  Model=17.43°C
2025-08-08 11:57:01,396 | SECURITY | 
2025-08-08 11:57:02,396 | SECURITY | 2025-07-24 14:00:04  Masked=24.94°C  Model=16.38°C
2025-08-08 11:57:02,396 | SECURITY | 
2025-08-08 12:01:35,304 | SECURITY | 2025-07-24 13:00:00  Masked=30.80°C  Model=30.80°C
2025-08-08 12:01:35,304 | SECURITY | [91m OVERHEAT at 13:00:00 – 30.80°C[0m
2025-08-08 12:01:35,305 | SECURITY | 
2025-08-08 12:01:36,305 | SECURITY | 2025-07-24 13:00:01  Masked=31.00°C  Model=31.00°C
2025-08-08 12:01:36,308 | SECURITY | [91m OVERHEAT at 13:00:01 – 31.00°C[0m
2025-08-08 12:01:36,308 | SECURITY | 
2025-08-08 12:01:37,306 | SECURITY | 2025-07-24 13:00:02  Masked=31.20°C  Model=31.20°C
2025-08-08 12:01:37,306 | SECURITY | [91m OVERHEAT at 13:00:02 – 31.20°C[0m
2025-08-08 12:01:37,306 | SECURITY | 
2025-08-08 12:01:38,311 | SECURITY | 2025-07-24 13:00:03  Masked=31.60°C  Model=31.60°C
2025-08-08 12:01:38,312 | SECURITY | [91m OVERHEAT at 13:00:03 – 31.60°C[0m
2025-08-08 12:01:38,312 | SECURITY | 
2025-08-08 12:01:39,310 | SECURITY | 2025-07-24 13:00:04  Masked=31.50°C  Model=31.50°C
2025-08-08 12:01:39,311 | SECURITY | [91m OVERHEAT at 13:00:04 – 31.50°C[0m
2025-08-08 12:01:39,311 | SECURITY | 
2025-08-08 12:01:40,311 | SECURITY | 2025-07-24 13:00:05  Masked=31.40°C  Model=31.40°C
2025-08-08 12:01:40,311 | SECURITY | [91m OVERHEAT at 13:00:05 – 31.40°C[0m
2025-08-08 12:01:40,311 | SECURITY | 
2025-08-08 12:01:41,315 | SECURITY | 2025-07-24 13:00:06  Masked=30.90°C  Model=30.90°C
2025-08-08 12:01:41,316 | SECURITY | [91m OVERHEAT at 13:00:06 – 30.90°C[0m
2025-08-08 12:01:41,316 | SECURITY | 
2025-08-08 12:01:42,318 | SECURITY | 2025-07-24 22:05:00  Masked=24.83°C  Model=29.99°C
2025-08-08 12:01:42,318 | SECURITY | [93m Night\u2010time door event at 22:05:00[0m
2025-08-08 12:01:42,318 | SECURITY | 
2025-08-08 12:01:43,325 | SECURITY | 2025-07-24 22:05:01  Masked=24.85°C  Model=29.02°C
2025-08-08 12:01:43,327 | SECURITY | [93m Night\u2010time door event at 22:05:01[0m
2025-08-08 12:01:43,328 | SECURITY | 
2025-08-08 12:01:44,324 | SECURITY | 2025-07-24 22:05:02  Masked=25.18°C  Model=27.94°C
2025-08-08 12:01:44,325 | SECURITY | [93m Night\u2010time door event at 22:05:02[0m
2025-08-08 12:01:44,326 | SECURITY | 
2025-08-08 12:01:45,331 | SECURITY | 2025-07-24 22:05:03  Masked=25.12°C  Model=26.91°C
2025-08-08 12:01:45,331 | SECURITY | [93m Night\u2010time door event at 22:05:03[0m
2025-08-08 12:01:45,331 | SECURITY | 
2025-08-08 12:01:46,337 | SECURITY | 2025-07-24 22:05:04  Masked=24.97°C  Model=25.96°C
2025-08-08 12:01:46,337 | SECURITY | [93m Night\u2010time door event at 22:05:04[0m
2025-08-08 12:01:46,337 | SECURITY | 
2025-08-08 12:01:47,337 | SECURITY | 2025-07-24 22:05:05  Masked=25.12°C  Model=24.96°C
2025-08-08 12:01:47,337 | SECURITY | [93m Night\u2010time door event at 22:05:05[0m
2025-08-08 12:01:47,338 | SECURITY | 
2025-08-08 12:01:48,340 | SECURITY | 2025-07-24 22:05:06  Masked=25.22°C  Model=23.94°C
2025-08-08 12:01:48,340 | SECURITY | [93m Night\u2010time door event at 22:05:06[0m
2025-08-08 12:01:48,341 | SECURITY | 
2025-08-08 12:01:49,340 | SECURITY | 2025-07-24 14:00:00  Masked=25.11°C  Model=22.98°C
2025-08-08 12:01:49,340 | SECURITY | 
2025-08-08 12:02:06,998 | SECURITY | 2025-07-24 10:00:00  Masked=25.00°C  Model=25.00°C
2025-08-08 12:02:06,998 | SECURITY | 
2025-08-08 12:02:08,002 | SECURITY | 2025-07-24 10:00:01  Masked=25.02°C  Model=25.02°C
2025-08-08 12:02:08,003 | SECURITY | 
2025-08-08 12:02:09,002 | SECURITY | 2025-07-24 10:00:02  Masked=24.99°C  Model=24.99°C
2025-08-08 12:02:09,002 | SECURITY | 
2025-08-08 12:02:10,007 | SECURITY | 2025-07-24 10:00:03  Masked=25.01°C  Model=25.01°C
2025-08-08 12:02:10,008 | SECURITY | 
